#
# There is insufficient memory for the Java Runtime Environment to continue.
# Native memory allocation (malloc) failed to allocate 260016 bytes for Chunk::new
# Possible reasons:
#   The system is out of physical RAM or swap space
#   The process is running with CompressedOops enabled, and the Java Heap may be blocking the growth of the native heap
# Possible solutions:
#   Reduce memory load on the system
#   Increase physical memory or swap space
#   Check if swap backing store is full
#   Decrease Java heap size (-Xmx/-Xms)
#   Decrease number of Java threads
#   Decrease Java thread stack sizes (-Xss)
#   Set larger code cache with -XX:ReservedCodeCacheSize=
#   JVM is running with Unscaled Compressed Oops mode in which the Java heap is
#     placed in the first 4GB address space. The Java Heap base address is the
#     maximum limit for the native heap growth. Please use -XX:HeapBaseMinAddress
#     to set the Java Heap base and to place the Java Heap above 4GB virtual address.
# This output file may be truncated or incomplete.
#
#  Out of Memory Error (arena.cpp:191), pid=1552, tid=4124
#
# JRE version: OpenJDK Runtime Environment Temurin-17.0.9+9 (17.0.9+9) (build 17.0.9+9)
# Java VM: OpenJDK 64-Bit Server VM Temurin-17.0.9+9 (17.0.9+9, mixed mode, tiered, compressed oops, compressed class ptrs, parallel gc, windows-amd64)
# No core dump will be written. Minidumps are not enabled by default on client versions of Windows
#

---------------  S U M M A R Y ------------

Command Line: --add-modules=ALL-SYSTEM --add-opens=java.base/java.util=ALL-UNNAMED --add-opens=java.base/java.lang=ALL-UNNAMED --add-opens=java.base/sun.nio.fs=ALL-UNNAMED -Declipse.application=org.eclipse.jdt.ls.core.id1 -Dosgi.bundles.defaultStartLevel=4 -Declipse.product=org.eclipse.jdt.ls.core.product -Djava.import.generatesMetadataFilesAtProjectRoot=false -DDetectVMInstallationsJob.disabled=true -Dfile.encoding=utf8 -XX:+UseParallelGC -XX:GCTimeRatio=4 -XX:AdaptiveSizePolicyWeight=90 -Dsun.zip.disableMemoryMapping=true -Xmx1G -Xms100m -Xlog:disable -javaagent:c:\Users\aaa\.vscode\extensions\redhat.java-1.25.1-win32-x64\lombok\lombok-1.18.30.jar c:\Users\aaa\.vscode\extensions\redhat.java-1.25.1-win32-x64\server\plugins\org.eclipse.equinox.launcher_1.6.600.v20231106-1826.jar -configuration c:\Users\aaa\AppData\Roaming\Code\User\globalStorage\redhat.java\1.25.1\config_ss_win -data c:\Users\aaa\AppData\Roaming\Code\User\workspaceStorage\90c23f54ec840b326ccb32a757f1f45f\redhat.java\ss_ws --stdio

Host: Intel(R) Core(TM) i7-9700 CPU @ 3.00GHz, 8 cores, 31G,  Windows 10 , 64 bit Build 19041 (10.0.19041.3636)
Time: Tue Jan  2 16:09:38 2024  Windows 10 , 64 bit Build 19041 (10.0.19041.3636) elapsed time: 0.336547 seconds (0d 0h 0m 0s)

---------------  T H R E A D  ---------------

Current thread (0x0000020c9e9378c0):  JavaThread "C2 CompilerThread2" daemon [_thread_in_native, id=4124, stack(0x000000277d800000,0x000000277d900000)]


Current CompileTask:
C2:    336  603 %     4       sun.security.provider.SHA2::implCompress0 @ 27 (490 bytes)

Stack: [0x000000277d800000,0x000000277d900000]
Native frames: (J=compiled Java code, j=interpreted, Vv=VM code, C=native code)
V  [jvm.dll+0x67cf49]
V  [jvm.dll+0x83478a]
V  [jvm.dll+0x83624e]
V  [jvm.dll+0x8368b3]
V  [jvm.dll+0x247f1f]
V  [jvm.dll+0xac43c]
V  [jvm.dll+0xaca8c]
V  [jvm.dll+0x2af45f]
V  [jvm.dll+0x5853f7]
V  [jvm.dll+0x222f62]
V  [jvm.dll+0x22334f]
V  [jvm.dll+0x21c476]
V  [jvm.dll+0x2198c1]
V  [jvm.dll+0x1a57cd]
V  [jvm.dll+0x2297ae]
V  [jvm.dll+0x22797c]
V  [jvm.dll+0x7e9877]
V  [jvm.dll+0x7e3c3a]
V  [jvm.dll+0x67be35]
C  [ucrtbase.dll+0x21bb2]
C  [KERNEL32.DLL+0x17344]
C  [ntdll.dll+0x526b1]


---------------  P R O C E S S  ---------------

Threads class SMR info:
_java_thread_list=0x0000020c9ec8aea0, length=14, elements={
0x0000020c847eaa90, 0x0000020c848a7710, 0x0000020c848a9c50, 0x0000020c9868b170,
0x0000020c9868de10, 0x0000020c9868e9a0, 0x0000020c9da1d410, 0x0000020c9da1e010,
0x0000020c9da56000, 0x0000020c9da8b460, 0x0000020c9856c0e0, 0x0000020c9dc9cb00,
0x0000020c9e903280, 0x0000020c9e9378c0
}

Java Threads: ( => current thread )
  0x0000020c847eaa90 JavaThread "main" [_thread_in_Java, id=12124, stack(0x000000277c800000,0x000000277c900000)]
  0x0000020c848a7710 JavaThread "Reference Handler" daemon [_thread_blocked, id=12524, stack(0x000000277cb00000,0x000000277cc00000)]
  0x0000020c848a9c50 JavaThread "Finalizer" daemon [_thread_blocked, id=15068, stack(0x000000277cc00000,0x000000277cd00000)]
  0x0000020c9868b170 JavaThread "Signal Dispatcher" daemon [_thread_blocked, id=1924, stack(0x000000277cd00000,0x000000277ce00000)]
  0x0000020c9868de10 JavaThread "Attach Listener" daemon [_thread_blocked, id=7584, stack(0x000000277ce00000,0x000000277cf00000)]
  0x0000020c9868e9a0 JavaThread "Service Thread" daemon [_thread_blocked, id=6364, stack(0x000000277cf00000,0x000000277d000000)]
  0x0000020c9da1d410 JavaThread "Monitor Deflation Thread" daemon [_thread_blocked, id=11652, stack(0x000000277d000000,0x000000277d100000)]
  0x0000020c9da1e010 JavaThread "C2 CompilerThread0" daemon [_thread_in_native, id=14808, stack(0x000000277d100000,0x000000277d200000)]
  0x0000020c9da56000 JavaThread "C1 CompilerThread0" daemon [_thread_blocked, id=5648, stack(0x000000277d200000,0x000000277d300000)]
  0x0000020c9da8b460 JavaThread "Sweeper thread" daemon [_thread_blocked, id=8216, stack(0x000000277d300000,0x000000277d400000)]
  0x0000020c9856c0e0 JavaThread "Common-Cleaner" daemon [_thread_blocked, id=9832, stack(0x000000277d400000,0x000000277d500000)]
  0x0000020c9dc9cb00 JavaThread "C2 CompilerThread1" daemon [_thread_in_native, id=2284, stack(0x000000277d500000,0x000000277d600000)]
  0x0000020c9e903280 JavaThread "Notification Thread" daemon [_thread_blocked, id=9232, stack(0x000000277d600000,0x000000277d700000)]
=>0x0000020c9e9378c0 JavaThread "C2 CompilerThread2" daemon [_thread_in_native, id=4124, stack(0x000000277d800000,0x000000277d900000)]

Other Threads:
  0x0000020c9867fb20 VMThread "VM Thread" [stack: 0x000000277ca00000,0x000000277cb00000] [id=12176]
  0x0000020c9dca3660 WatcherThread [stack: 0x000000277d700000,0x000000277d800000] [id=13140]
  0x0000020c847ff1e0 GCTaskThread "GC Thread#0" [stack: 0x000000277c900000,0x000000277ca00000] [id=10260]

Threads with active compile tasks:
C2 CompilerThread0      348  588       4       lombok.patcher.scripts.MethodLevelPatchScript::patch (21 bytes)
C2 CompilerThread1      348  589       4       lombok.patcher.PatchScript::classMatches (41 bytes)
C2 CompilerThread2      348  603 %     4       sun.security.provider.SHA2::implCompress0 @ 27 (490 bytes)

VM state: not at safepoint (normal execution)

VM Mutex/Monitor currently owned by a thread: None

Heap address: 0x00000000c0000000, size: 1024 MB, Compressed Oops mode: 32-bit

CDS archive(s) not mapped
Compressed class space mapped at: 0x0000000100000000-0x0000000140000000, reserved size: 1073741824
Narrow klass base: 0x0000000000000000, Narrow klass shift: 3, Narrow klass range: 0x140000000

GC Precious Log:
 CPUs: 8 total, 8 available
 Memory: 32700M
 Large Page Support: Disabled
 NUMA Support: Disabled
 Compressed Oops: Enabled (32-bit)
 Alignments: Space 512K, Generation 512K, Heap 2M
 Heap Min Capacity: 100M
 Heap Initial Capacity: 100M
 Heap Max Capacity: 1G
 Pre-touch: Disabled
 Parallel Workers: 8

Heap:
 PSYoungGen      total 29696K, used 15263K [0x00000000eab00000, 0x00000000ecc00000, 0x0000000100000000)
  eden space 25600K, 59% used [0x00000000eab00000,0x00000000eb9e7ee0,0x00000000ec400000)
  from space 4096K, 0% used [0x00000000ec800000,0x00000000ec800000,0x00000000ecc00000)
  to   space 4096K, 0% used [0x00000000ec400000,0x00000000ec400000,0x00000000ec800000)
 ParOldGen       total 68608K, used 0K [0x00000000c0000000, 0x00000000c4300000, 0x00000000eab00000)
  object space 68608K, 0% used [0x00000000c0000000,0x00000000c0000000,0x00000000c4300000)
 Metaspace       used 9236K, committed 9344K, reserved 1114112K
  class space    used 916K, committed 960K, reserved 1048576K

Card table byte_map: [0x0000020c84190000,0x0000020c843a0000] _byte_map_base: 0x0000020c83b90000

Marking Bits: (ParMarkBitMap*) 0x00007ffe6af1d0b0
 Begin Bits: [0x0000020c96490000, 0x0000020c97490000)
 End Bits:   [0x0000020c97490000, 0x0000020c98490000)

Polling page: 0x0000020c826b0000

Metaspace:

Usage:
  Non-class:      8.13 MB used.
      Class:    916.72 KB used.
       Both:      9.02 MB used.

Virtual space:
  Non-class space:       64.00 MB reserved,       8.19 MB ( 13%) committed,  1 nodes.
      Class space:        1.00 GB reserved,     960.00 KB ( <1%) committed,  1 nodes.
             Both:        1.06 GB reserved,       9.12 MB ( <1%) committed. 

Chunk freelists:
   Non-Class:  6.92 MB
       Class:  15.08 MB
        Both:  22.00 MB

MaxMetaspaceSize: unlimited
CompressedClassSpaceSize: 1.00 GB
Initial GC threshold: 21.00 MB
Current GC threshold: 21.00 MB
CDS: off
MetaspaceReclaimPolicy: balanced
 - commit_granule_bytes: 65536.
 - commit_granule_words: 8192.
 - virtual_space_node_default_size: 8388608.
 - enlarge_chunks_in_place: 1.
 - new_chunks_are_fully_committed: 0.
 - uncommit_free_chunks: 1.
 - use_allocation_guard: 0.
 - handle_deallocations: 1.


Internal statistics:

num_allocs_failed_limit: 0.
num_arena_births: 10.
num_arena_deaths: 0.
num_vsnodes_births: 2.
num_vsnodes_deaths: 0.
num_space_committed: 146.
num_space_uncommitted: 0.
num_chunks_returned_to_freelist: 0.
num_chunks_taken_from_freelist: 46.
num_chunk_merges: 0.
num_chunk_splits: 27.
num_chunks_enlarged: 25.
num_inconsistent_stats: 0.

CodeHeap 'non-profiled nmethods': size=120000Kb used=227Kb max_used=227Kb free=119772Kb
 bounds [0x0000020c8ef60000, 0x0000020c8f1d0000, 0x0000020c96490000]
CodeHeap 'profiled nmethods': size=120000Kb used=979Kb max_used=979Kb free=119020Kb
 bounds [0x0000020c87490000, 0x0000020c87700000, 0x0000020c8e9c0000]
CodeHeap 'non-nmethods': size=5760Kb used=1137Kb max_used=1156Kb free=4622Kb
 bounds [0x0000020c8e9c0000, 0x0000020c8ec30000, 0x0000020c8ef60000]
 total_blobs=1062 nmethods=635 adapters=342
 compilation: enabled
              stopped_count=0, restarted_count=0
 full_count=0

Compilation events (20 events):
Event: 0.331 Thread 0x0000020c9da56000  609       3       java.lang.StringBuilder::<init> (6 bytes)
Event: 0.331 Thread 0x0000020c9da56000 nmethod 609 0x0000020c8756e890 code [0x0000020c8756ea20, 0x0000020c8756eb68]
Event: 0.331 Thread 0x0000020c9da56000  610       3       java.lang.StringUTF16::length (5 bytes)
Event: 0.331 Thread 0x0000020c9da56000 nmethod 610 0x0000020c8756ec10 code [0x0000020c8756eda0, 0x0000020c8756ee98]
Event: 0.331 Thread 0x0000020c9da56000  611       3       java.lang.String::charAt (25 bytes)
Event: 0.332 Thread 0x0000020c9da56000 nmethod 611 0x0000020c8756ef90 code [0x0000020c8756f180, 0x0000020c8756f6b8]
Event: 0.332 Thread 0x0000020c9da56000  612       3       java.io.WinNTFileSystem::normalize (224 bytes)
Event: 0.333 Thread 0x0000020c9da56000 nmethod 612 0x0000020c8756f910 code [0x0000020c8756fd00, 0x0000020c87571878]
Event: 0.333 Thread 0x0000020c9da56000  613       3       java.lang.StringUTF16::checkBoundsOffCount (10 bytes)
Event: 0.333 Thread 0x0000020c9da56000 nmethod 613 0x0000020c87572310 code [0x0000020c875724c0, 0x0000020c87572648]
Event: 0.333 Thread 0x0000020c9da56000  614       3       java.util.Objects::checkFromIndexSize (8 bytes)
Event: 0.333 Thread 0x0000020c9da56000 nmethod 614 0x0000020c87572790 code [0x0000020c87572940, 0x0000020c87572b68]
Event: 0.333 Thread 0x0000020c9da56000  616       3       java.lang.StringUTF16::compress (50 bytes)
Event: 0.333 Thread 0x0000020c9da56000 nmethod 616 0x0000020c87572c90 code [0x0000020c87572e40, 0x0000020c87573098]
Event: 0.333 Thread 0x0000020c9da56000  617       3       java.util.Properties::loadConvert (540 bytes)
Event: 0.334 Thread 0x0000020c9da56000 nmethod 617 0x0000020c87573210 code [0x0000020c87573500, 0x0000020c87574918]
Event: 0.334 Thread 0x0000020c9da56000  618       3       java.util.Properties$LineReader::readLine (584 bytes)
Event: 0.335 Thread 0x0000020c9da56000 nmethod 618 0x0000020c87574f90 code [0x0000020c87575340, 0x0000020c87577b38]
Event: 0.335 Thread 0x0000020c9da56000  621       3       java.lang.StringBuilder::append (8 bytes)
Event: 0.336 Thread 0x0000020c9da56000 nmethod 621 0x0000020c87578710 code [0x0000020c875788a0, 0x0000020c875789e8]

GC Heap History (0 events):
No events

Dll operation events (8 events):
Event: 0.005 Loaded shared library c:\Users\aaa\.vscode\extensions\redhat.java-1.25.1-win32-x64\jre\17.0.9-win32-x86_64\bin\java.dll
Event: 0.127 Loaded shared library c:\Users\aaa\.vscode\extensions\redhat.java-1.25.1-win32-x64\jre\17.0.9-win32-x86_64\bin\zip.dll
Event: 0.130 Loaded shared library C:\Users\aaa\.vscode\extensions\redhat.java-1.25.1-win32-x64\jre\17.0.9-win32-x86_64\bin\instrument.dll
Event: 0.138 Loaded shared library C:\Users\aaa\.vscode\extensions\redhat.java-1.25.1-win32-x64\jre\17.0.9-win32-x86_64\bin\net.dll
Event: 0.139 Loaded shared library C:\Users\aaa\.vscode\extensions\redhat.java-1.25.1-win32-x64\jre\17.0.9-win32-x86_64\bin\nio.dll
Event: 0.144 Loaded shared library C:\Users\aaa\.vscode\extensions\redhat.java-1.25.1-win32-x64\jre\17.0.9-win32-x86_64\bin\zip.dll
Event: 0.153 Loaded shared library C:\Users\aaa\.vscode\extensions\redhat.java-1.25.1-win32-x64\jre\17.0.9-win32-x86_64\bin\jimage.dll
Event: 0.184 Loaded shared library c:\Users\aaa\.vscode\extensions\redhat.java-1.25.1-win32-x64\jre\17.0.9-win32-x86_64\bin\verify.dll

Deoptimization events (20 events):
Event: 0.304 Thread 0x0000020c847eaa90 Uncommon trap: trap_request=0xffffff45 fr.pc=0x0000020c8ef75f84 relative=0x0000000000000304
Event: 0.304 Thread 0x0000020c847eaa90 Uncommon trap: reason=unstable_if action=reinterpret pc=0x0000020c8ef75f84 method=java.lang.StringUTF16.compress([CI[BII)I @ 20 c2
Event: 0.304 Thread 0x0000020c847eaa90 DEOPT PACKING pc=0x0000020c8ef75f84 sp=0x000000277c8fbcb0
Event: 0.304 Thread 0x0000020c847eaa90 DEOPT UNPACKING pc=0x0000020c8ea166a3 sp=0x000000277c8fbc30 mode 2
Event: 0.310 Thread 0x0000020c847eaa90 Uncommon trap: trap_request=0xffffffde fr.pc=0x0000020c8ef6e15c relative=0x00000000000006dc
Event: 0.310 Thread 0x0000020c847eaa90 Uncommon trap: reason=class_check action=maybe_recompile pc=0x0000020c8ef6e15c method=java.util.HashMap.putVal(ILjava/lang/Object;Ljava/lang/Object;ZZ)Ljava/lang/Object; @ 91 c2
Event: 0.310 Thread 0x0000020c847eaa90 DEOPT PACKING pc=0x0000020c8ef6e15c sp=0x000000277c8fdfa0
Event: 0.310 Thread 0x0000020c847eaa90 DEOPT UNPACKING pc=0x0000020c8ea166a3 sp=0x000000277c8fdf40 mode 2
Event: 0.331 Thread 0x0000020c847eaa90 Uncommon trap: trap_request=0xffffff45 fr.pc=0x0000020c8ef7f31c relative=0x000000000000011c
Event: 0.331 Thread 0x0000020c847eaa90 Uncommon trap: reason=unstable_if action=reinterpret pc=0x0000020c8ef7f31c method=java.lang.StringCoding.hasNegatives([BII)Z @ 12 c2
Event: 0.331 Thread 0x0000020c847eaa90 DEOPT PACKING pc=0x0000020c8ef7f31c sp=0x000000277c8fe470
Event: 0.331 Thread 0x0000020c847eaa90 DEOPT UNPACKING pc=0x0000020c8ea166a3 sp=0x000000277c8fe400 mode 2
Event: 0.331 Thread 0x0000020c847eaa90 Uncommon trap: trap_request=0xffffff45 fr.pc=0x0000020c8ef6f784 relative=0x0000000000000084
Event: 0.331 Thread 0x0000020c847eaa90 Uncommon trap: reason=unstable_if action=reinterpret pc=0x0000020c8ef6f784 method=java.lang.String.charAt(I)C @ 4 c2
Event: 0.331 Thread 0x0000020c847eaa90 DEOPT PACKING pc=0x0000020c8ef6f784 sp=0x000000277c8fe3b0
Event: 0.331 Thread 0x0000020c847eaa90 DEOPT UNPACKING pc=0x0000020c8ea166a3 sp=0x000000277c8fe350 mode 2
Event: 0.331 Thread 0x0000020c847eaa90 Uncommon trap: trap_request=0xffffff45 fr.pc=0x0000020c8ef842b0 relative=0x0000000000000470
Event: 0.331 Thread 0x0000020c847eaa90 Uncommon trap: reason=unstable_if action=reinterpret pc=0x0000020c8ef842b0 method=java.lang.AbstractStringBuilder.putStringAt(ILjava/lang/String;II)V @ 8 c2
Event: 0.331 Thread 0x0000020c847eaa90 DEOPT PACKING pc=0x0000020c8ef842b0 sp=0x000000277c8fe600
Event: 0.331 Thread 0x0000020c847eaa90 DEOPT UNPACKING pc=0x0000020c8ea166a3 sp=0x000000277c8fe488 mode 2

Classes unloaded (0 events):
No events

Classes redefined (0 events):
No events

Internal exceptions (7 events):
Event: 0.112 Thread 0x0000020c847eaa90 Exception <a 'java/lang/NoSuchMethodError'{0x00000000eac51a68}: 'void java.lang.invoke.DirectMethodHandle$Holder.invokeStatic(java.lang.Object, java.lang.Object, java.lang.Object)'> (0x00000000eac51a68) 
thrown [s\src\hotspot\share\interpreter\linkResolver.cpp, line 759]
Event: 0.199 Thread 0x0000020c847eaa90 Exception <a 'java/lang/reflect/InvocationTargetException'{0x00000000eb01e380}> (0x00000000eb01e380) 
thrown [s\src\hotspot\share\runtime\reflection.cpp, line 1121]
Event: 0.329 Thread 0x0000020c847eaa90 Exception <a 'java/lang/ClassNotFoundException'{0x00000000eb8895c8}: sun/net/www/protocol/c/Handler> (0x00000000eb8895c8) 
thrown [s\src\hotspot\share\classfile\systemDictionary.cpp, line 256]
Event: 0.331 Thread 0x0000020c847eaa90 Exception <a 'java/io/FileNotFoundException'{0x00000000eb89d018}> (0x00000000eb89d018) 
thrown [s\src\hotspot\share\prims\jni.cpp, line 516]
Event: 0.332 Thread 0x0000020c847eaa90 Exception <a 'java/io/FileNotFoundException'{0x00000000eb89e058}> (0x00000000eb89e058) 
thrown [s\src\hotspot\share\prims\jni.cpp, line 516]
Event: 0.332 Thread 0x0000020c847eaa90 Exception <a 'java/io/FileNotFoundException'{0x00000000eb89f090}> (0x00000000eb89f090) 
thrown [s\src\hotspot\share\prims\jni.cpp, line 516]
Event: 0.332 Thread 0x0000020c847eaa90 Exception <a 'java/io/FileNotFoundException'{0x00000000eb8a00a0}> (0x00000000eb8a00a0) 
thrown [s\src\hotspot\share\prims\jni.cpp, line 516]

VM Operations (8 events):
Event: 0.115 Executing VM operation: HandshakeAllThreads
Event: 0.115 Executing VM operation: HandshakeAllThreads done
Event: 0.161 Executing VM operation: HandshakeAllThreads
Event: 0.161 Executing VM operation: HandshakeAllThreads done
Event: 0.317 Executing VM operation: HandshakeAllThreads
Event: 0.317 Executing VM operation: HandshakeAllThreads done
Event: 0.324 Executing VM operation: HandshakeAllThreads
Event: 0.324 Executing VM operation: HandshakeAllThreads done

Events (20 events):
Event: 0.332 loading class java/net/FileNameMap done
Event: 0.332 loading class java/net/URLConnection$1 done
Event: 0.332 loading class sun/net/www/MimeTable
Event: 0.332 loading class sun/net/www/MimeTable done
Event: 0.332 loading class sun/net/www/MimeTable$1
Event: 0.333 loading class sun/net/www/MimeTable$1 done
Event: 0.333 loading class sun/net/www/MimeTable$DefaultInstanceHolder
Event: 0.333 loading class sun/net/www/MimeTable$DefaultInstanceHolder done
Event: 0.333 loading class sun/net/www/MimeTable$DefaultInstanceHolder$1
Event: 0.333 loading class sun/net/www/MimeTable$DefaultInstanceHolder$1 done
Event: 0.334 loading class java/util/Properties$EntrySet
Event: 0.334 loading class java/util/Properties$EntrySet done
Event: 0.334 loading class java/util/Collections$SynchronizedSet
Event: 0.334 loading class java/util/Collections$SynchronizedCollection
Event: 0.334 loading class java/util/Collections$SynchronizedCollection done
Event: 0.334 loading class java/util/Collections$SynchronizedSet done
Event: 0.334 loading class java/util/Hashtable$Enumerator
Event: 0.334 loading class java/util/Hashtable$Enumerator done
Event: 0.334 loading class sun/net/www/MimeEntry
Event: 0.335 loading class sun/net/www/MimeEntry done


Dynamic libraries:
0x00007ff7e7970000 - 0x00007ff7e797e000 	c:\Users\aaa\.vscode\extensions\redhat.java-1.25.1-win32-x64\jre\17.0.9-win32-x86_64\bin\java.exe
0x00007ffef56d0000 - 0x00007ffef58c8000 	C:\WINDOWS\SYSTEM32\ntdll.dll
0x00007ffef54f0000 - 0x00007ffef55ad000 	C:\WINDOWS\System32\KERNEL32.DLL
0x00007ffef3330000 - 0x00007ffef3626000 	C:\WINDOWS\System32\KERNELBASE.dll
0x00007ffef3110000 - 0x00007ffef3210000 	C:\WINDOWS\System32\ucrtbase.dll
0x00007ffee60e0000 - 0x00007ffee60f7000 	c:\Users\aaa\.vscode\extensions\redhat.java-1.25.1-win32-x64\jre\17.0.9-win32-x86_64\bin\jli.dll
0x00007ffee6090000 - 0x00007ffee60ab000 	c:\Users\aaa\.vscode\extensions\redhat.java-1.25.1-win32-x64\jre\17.0.9-win32-x86_64\bin\VCRUNTIME140.dll
0x00007ffef4a00000 - 0x00007ffef4b9e000 	C:\WINDOWS\System32\USER32.dll
0x00007ffef2e60000 - 0x00007ffef2e82000 	C:\WINDOWS\System32\win32u.dll
0x00007ffee4ca0000 - 0x00007ffee4f3a000 	C:\WINDOWS\WinSxS\amd64_microsoft.windows.common-controls_6595b64144ccf1df_6.0.19041.3636_none_60b6a03d71f818d5\COMCTL32.dll
0x00007ffef4960000 - 0x00007ffef49fe000 	C:\WINDOWS\System32\msvcrt.dll
0x00007ffef4660000 - 0x00007ffef468c000 	C:\WINDOWS\System32\GDI32.dll
0x00007ffef3210000 - 0x00007ffef332a000 	C:\WINDOWS\System32\gdi32full.dll
0x00007ffef3020000 - 0x00007ffef30bd000 	C:\WINDOWS\System32\msvcp_win.dll
0x00007ffef4610000 - 0x00007ffef4640000 	C:\WINDOWS\System32\IMM32.DLL
0x00007ffeee080000 - 0x00007ffeee08c000 	c:\Users\aaa\.vscode\extensions\redhat.java-1.25.1-win32-x64\jre\17.0.9-win32-x86_64\bin\vcruntime140_1.dll
0x00007ffeb8220000 - 0x00007ffeb82ad000 	c:\Users\aaa\.vscode\extensions\redhat.java-1.25.1-win32-x64\jre\17.0.9-win32-x86_64\bin\msvcp140.dll
0x00007ffe6a380000 - 0x00007ffe6afe1000 	c:\Users\aaa\.vscode\extensions\redhat.java-1.25.1-win32-x64\jre\17.0.9-win32-x86_64\bin\server\jvm.dll
0x00007ffef4820000 - 0x00007ffef48cf000 	C:\WINDOWS\System32\ADVAPI32.dll
0x00007ffef3f70000 - 0x00007ffef400c000 	C:\WINDOWS\System32\sechost.dll
0x00007ffef4df0000 - 0x00007ffef4f16000 	C:\WINDOWS\System32\RPCRT4.dll
0x00007ffee3ed0000 - 0x00007ffee3ed9000 	C:\WINDOWS\SYSTEM32\WSOCK32.dll
0x00007ffef22d0000 - 0x00007ffef231b000 	C:\WINDOWS\SYSTEM32\POWRPROF.dll
0x00007ffef47b0000 - 0x00007ffef481b000 	C:\WINDOWS\System32\WS2_32.dll
0x00007ffee9670000 - 0x00007ffee9697000 	C:\WINDOWS\SYSTEM32\WINMM.dll
0x00007ffeeb420000 - 0x00007ffeeb42a000 	C:\WINDOWS\SYSTEM32\VERSION.dll
0x00007ffef2190000 - 0x00007ffef21a2000 	C:\WINDOWS\SYSTEM32\UMPDC.dll
0x00007ffef0c50000 - 0x00007ffef0c62000 	C:\WINDOWS\SYSTEM32\kernel.appcore.dll
0x00007ffee6130000 - 0x00007ffee613a000 	c:\Users\aaa\.vscode\extensions\redhat.java-1.25.1-win32-x64\jre\17.0.9-win32-x86_64\bin\jimage.dll
0x00007ffee8060000 - 0x00007ffee8244000 	C:\WINDOWS\SYSTEM32\DBGHELP.DLL
0x00007ffed57c0000 - 0x00007ffed57f4000 	C:\WINDOWS\SYSTEM32\dbgcore.DLL
0x00007ffef36a0000 - 0x00007ffef3722000 	C:\WINDOWS\System32\bcryptPrimitives.dll
0x00007ffee5170000 - 0x00007ffee517e000 	c:\Users\aaa\.vscode\extensions\redhat.java-1.25.1-win32-x64\jre\17.0.9-win32-x86_64\bin\instrument.dll
0x00007ffec42d0000 - 0x00007ffec42f5000 	c:\Users\aaa\.vscode\extensions\redhat.java-1.25.1-win32-x64\jre\17.0.9-win32-x86_64\bin\java.dll
0x00007ffee4860000 - 0x00007ffee4878000 	c:\Users\aaa\.vscode\extensions\redhat.java-1.25.1-win32-x64\jre\17.0.9-win32-x86_64\bin\zip.dll
0x00007ffef37a0000 - 0x00007ffef3ee5000 	C:\WINDOWS\System32\SHELL32.dll
0x00007ffef0e50000 - 0x00007ffef15eb000 	C:\WINDOWS\SYSTEM32\windows.storage.dll
0x00007ffef4f20000 - 0x00007ffef5274000 	C:\WINDOWS\System32\combase.dll
0x00007ffef2710000 - 0x00007ffef273d000 	C:\WINDOWS\SYSTEM32\Wldp.dll
0x00007ffef4690000 - 0x00007ffef473d000 	C:\WINDOWS\System32\SHCORE.dll
0x00007ffef4750000 - 0x00007ffef47a5000 	C:\WINDOWS\System32\shlwapi.dll
0x00007ffef2ce0000 - 0x00007ffef2d05000 	C:\WINDOWS\SYSTEM32\profapi.dll
0x00007ffec80a0000 - 0x00007ffec80b9000 	C:\Users\aaa\.vscode\extensions\redhat.java-1.25.1-win32-x64\jre\17.0.9-win32-x86_64\bin\net.dll
0x00007ffeeccf0000 - 0x00007ffeecdfa000 	C:\WINDOWS\SYSTEM32\WINHTTP.dll
0x00007ffef24f0000 - 0x00007ffef255a000 	C:\WINDOWS\system32\mswsock.dll
0x00007ffec42b0000 - 0x00007ffec42c6000 	C:\Users\aaa\.vscode\extensions\redhat.java-1.25.1-win32-x64\jre\17.0.9-win32-x86_64\bin\nio.dll
0x00007ffee4f40000 - 0x00007ffee4f50000 	c:\Users\aaa\.vscode\extensions\redhat.java-1.25.1-win32-x64\jre\17.0.9-win32-x86_64\bin\verify.dll

dbghelp: loaded successfully - version: 4.0.5 - missing functions: none
symbol engine: initialized successfully - sym options: 0x614 - pdb path: .;c:\Users\aaa\.vscode\extensions\redhat.java-1.25.1-win32-x64\jre\17.0.9-win32-x86_64\bin;C:\WINDOWS\SYSTEM32;C:\WINDOWS\WinSxS\amd64_microsoft.windows.common-controls_6595b64144ccf1df_6.0.19041.3636_none_60b6a03d71f818d5;c:\Users\aaa\.vscode\extensions\redhat.java-1.25.1-win32-x64\jre\17.0.9-win32-x86_64\bin\server

VM Arguments:
jvm_args: --add-modules=ALL-SYSTEM --add-opens=java.base/java.util=ALL-UNNAMED --add-opens=java.base/java.lang=ALL-UNNAMED --add-opens=java.base/sun.nio.fs=ALL-UNNAMED -Declipse.application=org.eclipse.jdt.ls.core.id1 -Dosgi.bundles.defaultStartLevel=4 -Declipse.product=org.eclipse.jdt.ls.core.product -Djava.import.generatesMetadataFilesAtProjectRoot=false -DDetectVMInstallationsJob.disabled=true -Dfile.encoding=utf8 -XX:+UseParallelGC -XX:GCTimeRatio=4 -XX:AdaptiveSizePolicyWeight=90 -Dsun.zip.disableMemoryMapping=true -Xmx1G -Xms100m -Xlog:disable -javaagent:c:\Users\aaa\.vscode\extensions\redhat.java-1.25.1-win32-x64\lombok\lombok-1.18.30.jar 
java_command: c:\Users\aaa\.vscode\extensions\redhat.java-1.25.1-win32-x64\server\plugins\org.eclipse.equinox.launcher_1.6.600.v20231106-1826.jar -configuration c:\Users\aaa\AppData\Roaming\Code\User\globalStorage\redhat.java\1.25.1\config_ss_win -data c:\Users\aaa\AppData\Roaming\Code\User\workspaceStorage\90c23f54ec840b326ccb32a757f1f45f\redhat.java\ss_ws --stdio
java_class_path (initial): c:\Users\aaa\.vscode\extensions\redhat.java-1.25.1-win32-x64\server\plugins\org.eclipse.equinox.launcher_1.6.600.v20231106-1826.jar
Launcher Type: SUN_STANDARD

[Global flags]
    uintx AdaptiveSizePolicyWeight                 = 90                                        {product} {command line}
     intx CICompilerCount                          = 4                                         {product} {ergonomic}
    uintx GCTimeRatio                              = 4                                         {product} {command line}
   size_t InitialHeapSize                          = 104857600                                 {product} {command line}
   size_t MaxHeapSize                              = 1073741824                                {product} {command line}
   size_t MaxNewSize                               = 357564416                                 {product} {ergonomic}
   size_t MinHeapDeltaBytes                        = 524288                                    {product} {ergonomic}
   size_t MinHeapSize                              = 104857600                                 {product} {command line}
   size_t NewSize                                  = 34603008                                  {product} {ergonomic}
    uintx NonNMethodCodeHeapSize                   = 5839372                                {pd product} {ergonomic}
    uintx NonProfiledCodeHeapSize                  = 122909434                              {pd product} {ergonomic}
   size_t OldSize                                  = 70254592                                  {product} {ergonomic}
    uintx ProfiledCodeHeapSize                     = 122909434                              {pd product} {ergonomic}
    uintx ReservedCodeCacheSize                    = 251658240                              {pd product} {ergonomic}
     bool SegmentedCodeCache                       = true                                      {product} {ergonomic}
   size_t SoftMaxHeapSize                          = 1073741824                             {manageable} {ergonomic}
     bool UseCompressedClassPointers               = true                           {product lp64_product} {ergonomic}
     bool UseCompressedOops                        = true                           {product lp64_product} {ergonomic}
     bool UseLargePagesIndividualAllocation        = false                                  {pd product} {ergonomic}
     bool UseParallelGC                            = true                                      {product} {command line}

Logging:
Log output configuration:
 #0: stdout all=off uptime,level,tags
 #1: stderr all=off uptime,level,tags

Environment Variables:
JAVA_HOME=C:\JDK\jdk-17.0.6
CLASSPATH=C:\JDK\jdk-17.0.6\lib;.;C:\apache-tomcat-10.1.7\lib\servlet-api.jar;
PATH=C:\Oracle\product\21c\dbhomeXE\bin;C:\WINDOWS\system32;C:\WINDOWS;C:\WINDOWS\System32\Wbem;C:\WINDOWS\System32\WindowsPowerShell\v1.0\;C:\WINDOWS\System32\OpenSSH\;C:\Program Files\Bandizip\;C:\Program Files\Git\cmd;C:\Program Files\Docker\Docker\resources\bin;C:\nodejs\;C:\Users\aaa\AppData\Local\Programs\Python\Python311\Scripts\;C:\Users\aaa\AppData\Local\Programs\Python\Python311\;C:\Users\aaa\AppData\Local\Microsoft\WindowsApps;C:\Users\aaa\AppData\Local\Programs\Microsoft VS Code\bin;C:\JDK\jdk-17.0.6\bin;C:\Users\aaa\AppData\Roaming\npm;C:\Program Files\JetBrains\IntelliJ IDEA 2023.2.5\bin;
USERNAME=aaa
OS=Windows_NT
PROCESSOR_IDENTIFIER=Intel64 Family 6 Model 158 Stepping 13, GenuineIntel
TMP=C:\Users\aaa\AppData\Local\Temp
TEMP=C:\Users\aaa\AppData\Local\Temp



Periodic native trim disabled


---------------  S Y S T E M  ---------------

OS:
 Windows 10 , 64 bit Build 19041 (10.0.19041.3636)
OS uptime: 0 days 2:40 hours
Hyper-V role detected

CPU: total 8 (initial active 8) (8 cores per cpu, 1 threads per core) family 6 model 158 stepping 13 microcode 0xaa, cx8, cmov, fxsr, mmx, 3dnowpref, sse, sse2, sse3, ssse3, sse4.1, sse4.2, popcnt, lzcnt, tsc, tscinvbit, avx, avx2, aes, erms, clmul, bmi1, bmi2, rtm, adx, fma, vzeroupper, clflush, clflushopt, hv
Processor Information for all 8 processors :
  Max Mhz: 3000, Current Mhz: 3000, Mhz Limit: 3000

Memory: 4k page, system-wide physical 32700M (4973M free)
TotalPageFile size 37683M (AvailPageFile size 5M)
current process WorkingSet (physical memory assigned to process): 59M, peak: 59M
current process commit charge ("private bytes"): 197M, peak: 197M

vm_info: OpenJDK 64-Bit Server VM (17.0.9+9) for windows-amd64 JRE (17.0.9+9), built on Oct 26 2023 14:01:42 by "admin" with MS VC++ 16.10 / 16.11 (VS2019)

END.
