#
# There is insufficient memory for the Java Runtime Environment to continue.
# Native memory allocation (malloc) failed to allocate 250176 bytes for Chunk::new
# Possible reasons:
#   The system is out of physical RAM or swap space
#   The process is running with CompressedOops enabled, and the Java Heap may be blocking the growth of the native heap
# Possible solutions:
#   Reduce memory load on the system
#   Increase physical memory or swap space
#   Check if swap backing store is full
#   Decrease Java heap size (-Xmx/-Xms)
#   Decrease number of Java threads
#   Decrease Java thread stack sizes (-Xss)
#   Set larger code cache with -XX:ReservedCodeCacheSize=
#   JVM is running with Unscaled Compressed Oops mode in which the Java heap is
#     placed in the first 4GB address space. The Java Heap base address is the
#     maximum limit for the native heap growth. Please use -XX:HeapBaseMinAddress
#     to set the Java Heap base and to place the Java Heap above 4GB virtual address.
# This output file may be truncated or incomplete.
#
#  Out of Memory Error (arena.cpp:191), pid=8188, tid=11948
#
# JRE version: OpenJDK Runtime Environment Temurin-17.0.9+9 (17.0.9+9) (build 17.0.9+9)
# Java VM: OpenJDK 64-Bit Server VM Temurin-17.0.9+9 (17.0.9+9, mixed mode, tiered, compressed oops, compressed class ptrs, parallel gc, windows-amd64)
# No core dump will be written. Minidumps are not enabled by default on client versions of Windows
#

---------------  S U M M A R Y ------------

Command Line: --add-modules=ALL-SYSTEM --add-opens=java.base/java.util=ALL-UNNAMED --add-opens=java.base/java.lang=ALL-UNNAMED --add-opens=java.base/sun.nio.fs=ALL-UNNAMED -Declipse.application=org.eclipse.jdt.ls.core.id1 -Dosgi.bundles.defaultStartLevel=4 -Declipse.product=org.eclipse.jdt.ls.core.product -Djava.import.generatesMetadataFilesAtProjectRoot=false -DDetectVMInstallationsJob.disabled=true -Dfile.encoding=utf8 -XX:+UseParallelGC -XX:GCTimeRatio=4 -XX:AdaptiveSizePolicyWeight=90 -Dsun.zip.disableMemoryMapping=true -Xmx1G -Xms100m -Xlog:disable -javaagent:c:\Users\aaa\.vscode\extensions\redhat.java-1.25.1-win32-x64\lombok\lombok-1.18.30.jar c:\Users\aaa\.vscode\extensions\redhat.java-1.25.1-win32-x64\server\plugins\org.eclipse.equinox.launcher_1.6.600.v20231106-1826.jar -configuration c:\Users\aaa\AppData\Roaming\Code\User\globalStorage\redhat.java\1.25.1\config_ss_win -data c:\Users\aaa\AppData\Roaming\Code\User\workspaceStorage\90c23f54ec840b326ccb32a757f1f45f\redhat.java\ss_ws --stdio

Host: Intel(R) Core(TM) i7-9700 CPU @ 3.00GHz, 8 cores, 31G,  Windows 10 , 64 bit Build 19041 (10.0.19041.3636)
Time: Tue Jan  2 16:09:38 2024  Windows 10 , 64 bit Build 19041 (10.0.19041.3636) elapsed time: 0.522308 seconds (0d 0h 0m 0s)

---------------  T H R E A D  ---------------

Current thread (0x000001e4a52ee150):  JavaThread "C2 CompilerThread2" daemon [_thread_in_native, id=11948, stack(0x000000ade9c00000,0x000000ade9d00000)]


Current CompileTask:
C2:    522 1141   !   4       lombok.patcher.ScriptManager$OurClassFileTransformer::transform (364 bytes)

Stack: [0x000000ade9c00000,0x000000ade9d00000]
Native frames: (J=compiled Java code, j=interpreted, Vv=VM code, C=native code)
V  [jvm.dll+0x67cf49]
V  [jvm.dll+0x83478a]
V  [jvm.dll+0x83624e]
V  [jvm.dll+0x8368b3]
V  [jvm.dll+0x247f1f]
V  [jvm.dll+0xac43c]
V  [jvm.dll+0xaca8c]
V  [jvm.dll+0x2af45f]
V  [jvm.dll+0x5853f7]
V  [jvm.dll+0x222f62]
V  [jvm.dll+0x22334f]
V  [jvm.dll+0x21c476]
V  [jvm.dll+0x2198c1]
V  [jvm.dll+0x1a57cd]
V  [jvm.dll+0x2297ae]
V  [jvm.dll+0x22797c]
V  [jvm.dll+0x7e9877]
V  [jvm.dll+0x7e3c3a]
V  [jvm.dll+0x67be35]
C  [ucrtbase.dll+0x21bb2]
C  [KERNEL32.DLL+0x17344]
C  [ntdll.dll+0x526b1]


---------------  P R O C E S S  ---------------

Threads class SMR info:
_java_thread_list=0x000001e4a5614ed0, length=14, elements={
0x000001e489230630, 0x000001e4892e9f60, 0x000001e4892ec720, 0x000001e49f01a7b0,
0x000001e49f01b540, 0x000001e49f01e0e0, 0x000001e49f01e9b0, 0x000001e4a43b1b40,
0x000001e4a43b6190, 0x000001e4a43babb0, 0x000001e4a447f420, 0x000001e4a44aaf70,
0x000001e4a51f55a0, 0x000001e4a52ee150
}

Java Threads: ( => current thread )
  0x000001e489230630 JavaThread "main" [_thread_in_native, id=16356, stack(0x000000ade8c00000,0x000000ade8d00000)]
  0x000001e4892e9f60 JavaThread "Reference Handler" daemon [_thread_blocked, id=7664, stack(0x000000ade8f00000,0x000000ade9000000)]
  0x000001e4892ec720 JavaThread "Finalizer" daemon [_thread_blocked, id=1784, stack(0x000000ade9000000,0x000000ade9100000)]
  0x000001e49f01a7b0 JavaThread "Signal Dispatcher" daemon [_thread_blocked, id=7024, stack(0x000000ade9100000,0x000000ade9200000)]
  0x000001e49f01b540 JavaThread "Attach Listener" daemon [_thread_blocked, id=11424, stack(0x000000ade9200000,0x000000ade9300000)]
  0x000001e49f01e0e0 JavaThread "Service Thread" daemon [_thread_blocked, id=10920, stack(0x000000ade9300000,0x000000ade9400000)]
  0x000001e49f01e9b0 JavaThread "Monitor Deflation Thread" daemon [_thread_blocked, id=14352, stack(0x000000ade9400000,0x000000ade9500000)]
  0x000001e4a43b1b40 JavaThread "C2 CompilerThread0" daemon [_thread_in_native, id=5792, stack(0x000000ade9500000,0x000000ade9600000)]
  0x000001e4a43b6190 JavaThread "C1 CompilerThread0" daemon [_thread_blocked, id=4260, stack(0x000000ade9600000,0x000000ade9700000)]
  0x000001e4a43babb0 JavaThread "Sweeper thread" daemon [_thread_blocked, id=15088, stack(0x000000ade9700000,0x000000ade9800000)]
  0x000001e4a447f420 JavaThread "Common-Cleaner" daemon [_thread_blocked, id=12028, stack(0x000000ade9800000,0x000000ade9900000)]
  0x000001e4a44aaf70 JavaThread "C2 CompilerThread1" daemon [_thread_blocked, id=14340, stack(0x000000ade9900000,0x000000ade9a00000)]
  0x000001e4a51f55a0 JavaThread "Notification Thread" daemon [_thread_blocked, id=15908, stack(0x000000ade9a00000,0x000000ade9b00000)]
=>0x000001e4a52ee150 JavaThread "C2 CompilerThread2" daemon [_thread_in_native, id=11948, stack(0x000000ade9c00000,0x000000ade9d00000)]

Other Threads:
  0x000001e4a4350c20 VMThread "VM Thread" [stack: 0x000000ade8e00000,0x000000ade8f00000] [id=14280]
  0x000001e4a471aba0 WatcherThread [stack: 0x000000ade9b00000,0x000000ade9c00000] [id=1656]
  0x000001e489243d20 GCTaskThread "GC Thread#0" [stack: 0x000000ade8d00000,0x000000ade8e00000] [id=4872]
  0x000001e4a5cb3010 GCTaskThread "GC Thread#1" [stack: 0x000000ade9d00000,0x000000ade9e00000] [id=6376]
  0x000001e4a5cb36e0 GCTaskThread "GC Thread#2" [stack: 0x000000ade9e00000,0x000000ade9f00000] [id=2720]
  0x000001e4a5cb39a0 GCTaskThread "GC Thread#3" [stack: 0x000000ade9f00000,0x000000adea000000] [id=3416]
  0x000001e4a5cb3c60 GCTaskThread "GC Thread#4" [stack: 0x000000adea000000,0x000000adea100000] [id=12648]
  0x000001e4a563c220 GCTaskThread "GC Thread#5" [stack: 0x000000adea100000,0x000000adea200000] [id=9864]
  0x000001e4a563c4e0 GCTaskThread "GC Thread#6" [stack: 0x000000adea200000,0x000000adea300000] [id=11856]

Threads with active compile tasks:
C2 CompilerThread0      529 1101       4       jdk.internal.jimage.ImageLocation::verify (218 bytes)
C2 CompilerThread2      529 1141   !   4       lombok.patcher.ScriptManager$OurClassFileTransformer::transform (364 bytes)

VM state: not at safepoint (normal execution)

VM Mutex/Monitor currently owned by a thread: None

Heap address: 0x00000000c0000000, size: 1024 MB, Compressed Oops mode: 32-bit

CDS archive(s) not mapped
Compressed class space mapped at: 0x0000000100000000-0x0000000140000000, reserved size: 1073741824
Narrow klass base: 0x0000000000000000, Narrow klass shift: 3, Narrow klass range: 0x140000000

GC Precious Log:
 CPUs: 8 total, 8 available
 Memory: 32700M
 Large Page Support: Disabled
 NUMA Support: Disabled
 Compressed Oops: Enabled (32-bit)
 Alignments: Space 512K, Generation 512K, Heap 2M
 Heap Min Capacity: 100M
 Heap Initial Capacity: 100M
 Heap Max Capacity: 1G
 Pre-touch: Disabled
 Parallel Workers: 8

Heap:
 PSYoungGen      total 29696K, used 13799K [0x00000000eab00000, 0x00000000ecc00000, 0x0000000100000000)
  eden space 25600K, 41% used [0x00000000eab00000,0x00000000eb542bf0,0x00000000ec400000)
  from space 4096K, 80% used [0x00000000ec400000,0x00000000ec737248,0x00000000ec800000)
  to   space 4096K, 0% used [0x00000000ec800000,0x00000000ec800000,0x00000000ecc00000)
 ParOldGen       total 68608K, used 16K [0x00000000c0000000, 0x00000000c4300000, 0x00000000eab00000)
  object space 68608K, 0% used [0x00000000c0000000,0x00000000c0004000,0x00000000c4300000)
 Metaspace       used 12464K, committed 12608K, reserved 1114112K
  class space    used 1225K, committed 1280K, reserved 1048576K

Card table byte_map: [0x000001e49c890000,0x000001e49caa0000] _byte_map_base: 0x000001e49c290000

Marking Bits: (ParMarkBitMap*) 0x00007ffe6af1d0b0
 Begin Bits: [0x000001e49cc00000, 0x000001e49dc00000)
 End Bits:   [0x000001e49dc00000, 0x000001e49ec00000)

Polling page: 0x000001e4892f0000

Metaspace:

Usage:
  Non-class:     10.98 MB used.
      Class:      1.20 MB used.
       Both:     12.17 MB used.

Virtual space:
  Non-class space:       64.00 MB reserved,      11.06 MB ( 17%) committed,  1 nodes.
      Class space:        1.00 GB reserved,       1.25 MB ( <1%) committed,  1 nodes.
             Both:        1.06 GB reserved,      12.31 MB (  1%) committed. 

Chunk freelists:
   Non-Class:  4.19 MB
       Class:  14.59 MB
        Both:  18.78 MB

MaxMetaspaceSize: unlimited
CompressedClassSpaceSize: 1.00 GB
Initial GC threshold: 21.00 MB
Current GC threshold: 21.00 MB
CDS: off
MetaspaceReclaimPolicy: balanced
 - commit_granule_bytes: 65536.
 - commit_granule_words: 8192.
 - virtual_space_node_default_size: 8388608.
 - enlarge_chunks_in_place: 1.
 - new_chunks_are_fully_committed: 0.
 - uncommit_free_chunks: 1.
 - use_allocation_guard: 0.
 - handle_deallocations: 1.


Internal statistics:

num_allocs_failed_limit: 0.
num_arena_births: 40.
num_arena_deaths: 0.
num_vsnodes_births: 2.
num_vsnodes_deaths: 0.
num_space_committed: 197.
num_space_uncommitted: 0.
num_chunks_returned_to_freelist: 0.
num_chunks_taken_from_freelist: 157.
num_chunk_merges: 0.
num_chunk_splits: 108.
num_chunks_enlarged: 89.
num_inconsistent_stats: 0.

CodeHeap 'non-profiled nmethods': size=120000Kb used=487Kb max_used=487Kb free=119513Kb
 bounds [0x000001e495170000, 0x000001e4953e0000, 0x000001e49c6a0000]
CodeHeap 'profiled nmethods': size=120000Kb used=2135Kb max_used=2135Kb free=117864Kb
 bounds [0x000001e48d6a0000, 0x000001e48d910000, 0x000001e494bd0000]
CodeHeap 'non-nmethods': size=5760Kb used=1178Kb max_used=1178Kb free=4581Kb
 bounds [0x000001e494bd0000, 0x000001e494e40000, 0x000001e495170000]
 total_blobs=1666 nmethods=1221 adapters=358
 compilation: enabled
              stopped_count=0, restarted_count=0
 full_count=0

Compilation events (20 events):
Event: 0.519 Thread 0x000001e4a44aaf70 nmethod 1177 0x000001e4951e7710 code [0x000001e4951e78a0, 0x000001e4951e7a08]
Event: 0.519 Thread 0x000001e4a44aaf70 1183       4       java.util.HashMap::getNode (150 bytes)
Event: 0.519 Thread 0x000001e4a43b6190 nmethod 1186 0x000001e48d8a5b90 code [0x000001e48d8a5f40, 0x000001e48d8a7268]
Event: 0.519 Thread 0x000001e4a43b6190 1182       3       org.eclipse.osgi.container.ModuleRequirement::<init> (32 bytes)
Event: 0.519 Thread 0x000001e4a43b6190 nmethod 1182 0x000001e48d8a7990 code [0x000001e48d8a7b40, 0x000001e48d8a7d78]
Event: 0.519 Thread 0x000001e4a43b6190 1179       3       org.eclipse.osgi.internal.container.NamespaceList$Builder$2::apply (8 bytes)
Event: 0.520 Thread 0x000001e4a43b6190 nmethod 1179 0x000001e48d8a7e90 code [0x000001e48d8a8040, 0x000001e48d8a8338]
Event: 0.520 Thread 0x000001e4a43b6190 1187       3       java.util.ArrayList$SubList::<init> (35 bytes)
Event: 0.520 Thread 0x000001e4a43b6190 nmethod 1187 0x000001e48d8a8490 code [0x000001e48d8a8640, 0x000001e48d8a88b8]
Event: 0.520 Thread 0x000001e4a43b6190 1188       3       java.util.LinkedHashMap$LinkedValueIterator::next (8 bytes)
Event: 0.520 Thread 0x000001e4a43b6190 nmethod 1188 0x000001e48d8a8a10 code [0x000001e48d8a8bc0, 0x000001e48d8a8d08]
Event: 0.520 Thread 0x000001e4a43b6190 1184       1       java.util.concurrent.locks.AbstractQueuedSynchronizer::getState (5 bytes)
Event: 0.520 Thread 0x000001e4a43b6190 nmethod 1184 0x000001e4951e7b10 code [0x000001e4951e7ca0, 0x000001e4951e7d78]
Event: 0.520 Thread 0x000001e4a43b6190 1189       1       java.util.concurrent.locks.AbstractOwnableSynchronizer::getExclusiveOwnerThread (5 bytes)
Event: 0.520 Thread 0x000001e4a43b6190 nmethod 1189 0x000001e4951e7e10 code [0x000001e4951e7fa0, 0x000001e4951e8078]
Event: 0.520 Thread 0x000001e4a43b6190 1190       3       org.eclipse.osgi.container.ModuleDatabase$Persistence::readWire (118 bytes)
Event: 0.520 Thread 0x000001e4a43b6190 nmethod 1190 0x000001e48d8a8e10 code [0x000001e48d8a90a0, 0x000001e48d8a9ce8]
Event: 0.520 Thread 0x000001e4a43b6190 1191       3       org.eclipse.osgi.container.ModuleWire::<init> (31 bytes)
Event: 0.520 Thread 0x000001e4a43b6190 nmethod 1191 0x000001e48d8aa090 code [0x000001e48d8aa220, 0x000001e48d8aa3f8]
Event: 0.521 Thread 0x000001e4a43b6190 1192       3       java.lang.ClassLoader::compareCerts (197 bytes)

GC Heap History (2 events):
Event: 0.415 GC heap before
{Heap before GC invocations=1 (full 0):
 PSYoungGen      total 29696K, used 25600K [0x00000000eab00000, 0x00000000ecc00000, 0x0000000100000000)
  eden space 25600K, 100% used [0x00000000eab00000,0x00000000ec400000,0x00000000ec400000)
  from space 4096K, 0% used [0x00000000ec800000,0x00000000ec800000,0x00000000ecc00000)
  to   space 4096K, 0% used [0x00000000ec400000,0x00000000ec400000,0x00000000ec800000)
 ParOldGen       total 68608K, used 0K [0x00000000c0000000, 0x00000000c4300000, 0x00000000eab00000)
  object space 68608K, 0% used [0x00000000c0000000,0x00000000c0000000,0x00000000c4300000)
 Metaspace       used 10996K, committed 11200K, reserved 1114112K
  class space    used 1100K, committed 1216K, reserved 1048576K
}
Event: 0.418 GC heap after
{Heap after GC invocations=1 (full 0):
 PSYoungGen      total 29696K, used 3292K [0x00000000eab00000, 0x00000000ecc00000, 0x0000000100000000)
  eden space 25600K, 0% used [0x00000000eab00000,0x00000000eab00000,0x00000000ec400000)
  from space 4096K, 80% used [0x00000000ec400000,0x00000000ec737248,0x00000000ec800000)
  to   space 4096K, 0% used [0x00000000ec800000,0x00000000ec800000,0x00000000ecc00000)
 ParOldGen       total 68608K, used 16K [0x00000000c0000000, 0x00000000c4300000, 0x00000000eab00000)
  object space 68608K, 0% used [0x00000000c0000000,0x00000000c0004000,0x00000000c4300000)
 Metaspace       used 10996K, committed 11200K, reserved 1114112K
  class space    used 1100K, committed 1216K, reserved 1048576K
}

Dll operation events (8 events):
Event: 0.004 Loaded shared library c:\Users\aaa\.vscode\extensions\redhat.java-1.25.1-win32-x64\jre\17.0.9-win32-x86_64\bin\java.dll
Event: 0.081 Loaded shared library c:\Users\aaa\.vscode\extensions\redhat.java-1.25.1-win32-x64\jre\17.0.9-win32-x86_64\bin\zip.dll
Event: 0.085 Loaded shared library C:\Users\aaa\.vscode\extensions\redhat.java-1.25.1-win32-x64\jre\17.0.9-win32-x86_64\bin\instrument.dll
Event: 0.091 Loaded shared library C:\Users\aaa\.vscode\extensions\redhat.java-1.25.1-win32-x64\jre\17.0.9-win32-x86_64\bin\net.dll
Event: 0.093 Loaded shared library C:\Users\aaa\.vscode\extensions\redhat.java-1.25.1-win32-x64\jre\17.0.9-win32-x86_64\bin\nio.dll
Event: 0.096 Loaded shared library C:\Users\aaa\.vscode\extensions\redhat.java-1.25.1-win32-x64\jre\17.0.9-win32-x86_64\bin\zip.dll
Event: 0.104 Loaded shared library C:\Users\aaa\.vscode\extensions\redhat.java-1.25.1-win32-x64\jre\17.0.9-win32-x86_64\bin\jimage.dll
Event: 0.138 Loaded shared library c:\Users\aaa\.vscode\extensions\redhat.java-1.25.1-win32-x64\jre\17.0.9-win32-x86_64\bin\verify.dll

Deoptimization events (20 events):
Event: 0.465 Thread 0x000001e489230630 Uncommon trap: trap_request=0xffffff45 fr.pc=0x000001e4951a9578 relative=0x0000000000000e58
Event: 0.465 Thread 0x000001e489230630 Uncommon trap: reason=unstable_if action=reinterpret pc=0x000001e4951a9578 method=lombok.patcher.PatchScript.classMatches(Ljava/lang/String;Ljava/util/Collection;)Z @ 25 c2
Event: 0.465 Thread 0x000001e489230630 DEOPT PACKING pc=0x000001e4951a9578 sp=0x000000ade8cf82d0
Event: 0.465 Thread 0x000001e489230630 DEOPT UNPACKING pc=0x000001e494c266a3 sp=0x000000ade8cf8290 mode 2
Event: 0.465 Thread 0x000001e489230630 Uncommon trap: trap_request=0xffffff45 fr.pc=0x000001e49519fc14 relative=0x0000000000000074
Event: 0.465 Thread 0x000001e489230630 Uncommon trap: reason=unstable_if action=reinterpret pc=0x000001e49519fc14 method=lombok.patcher.scripts.MethodLevelPatchScript.patch(Ljava/lang/String;[BLlombok/patcher/TransplantMapper;)[B @ 8 c2
Event: 0.465 Thread 0x000001e489230630 DEOPT PACKING pc=0x000001e49519fc14 sp=0x000000ade8cf8340
Event: 0.465 Thread 0x000001e489230630 DEOPT UNPACKING pc=0x000001e494c266a3 sp=0x000000ade8cf82d0 mode 2
Event: 0.466 Thread 0x000001e489230630 DEOPT PACKING pc=0x000001e48d713745 sp=0x000000ade8cf7790
Event: 0.466 Thread 0x000001e489230630 DEOPT UNPACKING pc=0x000001e494c26e43 sp=0x000000ade8cf6c40 mode 0
Event: 0.472 Thread 0x000001e489230630 DEOPT PACKING pc=0x000001e48d713745 sp=0x000000ade8cf3b70
Event: 0.472 Thread 0x000001e489230630 DEOPT UNPACKING pc=0x000001e494c26e43 sp=0x000000ade8cf3020 mode 0
Event: 0.475 Thread 0x000001e489230630 DEOPT PACKING pc=0x000001e48d713745 sp=0x000000ade8cf3b70
Event: 0.475 Thread 0x000001e489230630 DEOPT UNPACKING pc=0x000001e494c26e43 sp=0x000000ade8cf3020 mode 0
Event: 0.476 Thread 0x000001e489230630 DEOPT PACKING pc=0x000001e48d713745 sp=0x000000ade8cf3b70
Event: 0.476 Thread 0x000001e489230630 DEOPT UNPACKING pc=0x000001e494c26e43 sp=0x000000ade8cf3020 mode 0
Event: 0.479 Thread 0x000001e489230630 DEOPT PACKING pc=0x000001e48d713745 sp=0x000000ade8cf76a0
Event: 0.479 Thread 0x000001e489230630 DEOPT UNPACKING pc=0x000001e494c26e43 sp=0x000000ade8cf6b50 mode 0
Event: 0.483 Thread 0x000001e489230630 DEOPT PACKING pc=0x000001e48d713745 sp=0x000000ade8cf3b80
Event: 0.483 Thread 0x000001e489230630 DEOPT UNPACKING pc=0x000001e494c26e43 sp=0x000000ade8cf3030 mode 0

Classes unloaded (0 events):
No events

Classes redefined (0 events):
No events

Internal exceptions (20 events):
Event: 0.275 Thread 0x000001e489230630 Exception <a 'java/io/FileNotFoundException'{0x00000000eb896130}> (0x00000000eb896130) 
thrown [s\src\hotspot\share\prims\jni.cpp, line 516]
Event: 0.275 Thread 0x000001e489230630 Exception <a 'java/io/FileNotFoundException'{0x00000000eb897170}> (0x00000000eb897170) 
thrown [s\src\hotspot\share\prims\jni.cpp, line 516]
Event: 0.275 Thread 0x000001e489230630 Exception <a 'java/io/FileNotFoundException'{0x00000000eb8981a8}> (0x00000000eb8981a8) 
thrown [s\src\hotspot\share\prims\jni.cpp, line 516]
Event: 0.276 Thread 0x000001e489230630 Exception <a 'java/io/FileNotFoundException'{0x00000000eb8991b8}> (0x00000000eb8991b8) 
thrown [s\src\hotspot\share\prims\jni.cpp, line 516]
Event: 0.282 Thread 0x000001e489230630 Exception <a 'java/io/FileNotFoundException'{0x00000000eb8d4168}> (0x00000000eb8d4168) 
thrown [s\src\hotspot\share\prims\jni.cpp, line 516]
Event: 0.368 Thread 0x000001e489230630 Exception <a 'java/lang/ClassNotFoundException'{0x00000000ec0d7498}: sun/net/www/protocol/c/Handler> (0x00000000ec0d7498) 
thrown [s\src\hotspot\share\classfile\systemDictionary.cpp, line 256]
Event: 0.368 Thread 0x000001e489230630 Exception <a 'java/lang/ClassNotFoundException'{0x00000000ec0d87b0}: sun/net/www/protocol/c/Handler> (0x00000000ec0d87b0) 
thrown [s\src\hotspot\share\classfile\systemDictionary.cpp, line 256]
Event: 0.368 Thread 0x000001e489230630 Exception <a 'java/lang/ClassNotFoundException'{0x00000000ec0d98f8}: sun/net/www/protocol/c/Handler> (0x00000000ec0d98f8) 
thrown [s\src\hotspot\share\classfile\systemDictionary.cpp, line 256]
Event: 0.372 Thread 0x000001e489230630 Exception <a 'java/io/FileNotFoundException'{0x00000000ec0f8748}> (0x00000000ec0f8748) 
thrown [s\src\hotspot\share\prims\jni.cpp, line 516]
Event: 0.388 Thread 0x000001e489230630 Implicit null exception at 0x000001e4951c3900 to 0x000001e4951c42e0
Event: 0.388 Thread 0x000001e489230630 Implicit null exception at 0x000001e4951bc4ec to 0x000001e4951bc6e4
Event: 0.388 Thread 0x000001e489230630 Implicit null exception at 0x000001e4951bddec to 0x000001e4951bdfd4
Event: 0.388 Thread 0x000001e489230630 Implicit null exception at 0x000001e4951b2a8f to 0x000001e4951b2b09
Event: 0.410 Thread 0x000001e489230630 Exception <a 'java/lang/NoSuchMethodError'{0x00000000ec3c3e38}: 'int java.lang.invoke.DirectMethodHandle$Holder.invokeStaticInit(java.lang.Object, java.lang.Object, java.lang.Object, java.lang.Object)'> (0x00000000ec3c3e38) 
thrown [s\src\hotspot\share\interpreter\linkResolver.cpp, line 759]
Event: 0.411 Thread 0x000001e489230630 Exception <a 'java/lang/NoSuchMethodError'{0x00000000ec3ce4a8}: 'java.lang.Object java.lang.invoke.DirectMethodHandle$Holder.invokeInterface(java.lang.Object, java.lang.Object)'> (0x00000000ec3ce4a8) 
thrown [s\src\hotspot\share\interpreter\linkResolver.cpp, line 759]
Event: 0.411 Thread 0x000001e489230630 Exception <a 'java/lang/IncompatibleClassChangeError'{0x00000000ec3d1ca0}: Found class java.lang.Object, but interface was expected> (0x00000000ec3d1ca0) 
thrown [s\src\hotspot\share\interpreter\linkResolver.cpp, line 826]
Event: 0.411 Thread 0x000001e489230630 Exception <a 'java/lang/NoSuchMethodError'{0x00000000ec3d6198}: 'void java.lang.invoke.DirectMethodHandle$Holder.invokeStatic(java.lang.Object, java.lang.Object)'> (0x00000000ec3d6198) 
thrown [s\src\hotspot\share\interpreter\linkResolver.cpp, line 759]
Event: 0.412 Thread 0x000001e489230630 Exception <a 'java/lang/NoSuchMethodError'{0x00000000ec3d9998}: 'void java.lang.invoke.DirectMethodHandle$Holder.invokeStaticInit(java.lang.Object, java.lang.Object)'> (0x00000000ec3d9998) 
thrown [s\src\hotspot\share\interpreter\linkResolver.cpp, line 759]
Event: 0.412 Thread 0x000001e489230630 Exception <a 'java/lang/NoSuchMethodError'{0x00000000ec3e0e10}: 'int java.lang.invoke.DirectMethodHandle$Holder.invokeStaticInit(java.lang.Object, java.lang.Object)'> (0x00000000ec3e0e10) 
thrown [s\src\hotspot\share\interpreter\linkResolver.cpp, line 759]
Event: 0.433 Thread 0x000001e489230630 Exception <a 'java/lang/NoSuchMethodError'{0x00000000eac46fb8}: 'void java.lang.invoke.DirectMethodHandle$Holder.invokeSpecial(java.lang.Object, java.lang.Object, java.lang.Object)'> (0x00000000eac46fb8) 
thrown [s\src\hotspot\share\interpreter\linkResolver.cpp, line 759]

VM Operations (12 events):
Event: 0.070 Executing VM operation: HandshakeAllThreads
Event: 0.070 Executing VM operation: HandshakeAllThreads done
Event: 0.113 Executing VM operation: HandshakeAllThreads
Event: 0.113 Executing VM operation: HandshakeAllThreads done
Event: 0.259 Executing VM operation: HandshakeAllThreads
Event: 0.259 Executing VM operation: HandshakeAllThreads done
Event: 0.267 Executing VM operation: HandshakeAllThreads
Event: 0.267 Executing VM operation: HandshakeAllThreads done
Event: 0.385 Executing VM operation: ICBufferFull
Event: 0.385 Executing VM operation: ICBufferFull done
Event: 0.415 Executing VM operation: ParallelGCFailedAllocation
Event: 0.418 Executing VM operation: ParallelGCFailedAllocation done

Events (20 events):
Event: 0.470 loading class java/lang/TypeNotPresentException
Event: 0.470 loading class java/lang/TypeNotPresentException done
Event: 0.504 loading class java/security/InvalidKeyException
Event: 0.504 loading class java/security/KeyException
Event: 0.504 loading class java/security/KeyException done
Event: 0.504 loading class java/security/InvalidKeyException done
Event: 0.504 loading class java/security/SignatureException
Event: 0.504 loading class java/security/SignatureException done
Event: 0.504 loading class java/security/cert/CertificateException
Event: 0.504 loading class java/security/cert/CertificateException done
Event: 0.504 loading class java/security/NoSuchAlgorithmException
Event: 0.504 loading class java/security/NoSuchAlgorithmException done
Event: 0.504 loading class java/security/NoSuchProviderException
Event: 0.505 loading class java/security/NoSuchProviderException done
Event: 0.515 loading class java/util/Collections$UnmodifiableMap$UnmodifiableEntrySet
Event: 0.515 loading class java/util/Collections$UnmodifiableMap$UnmodifiableEntrySet done
Event: 0.515 loading class java/util/Collections$UnmodifiableMap$UnmodifiableEntrySet$1
Event: 0.515 loading class java/util/Collections$UnmodifiableMap$UnmodifiableEntrySet$1 done
Event: 0.515 loading class java/util/Collections$UnmodifiableMap$UnmodifiableEntrySet$UnmodifiableEntry
Event: 0.515 loading class java/util/Collections$UnmodifiableMap$UnmodifiableEntrySet$UnmodifiableEntry done


Dynamic libraries:
0x00007ff7e7970000 - 0x00007ff7e797e000 	c:\Users\aaa\.vscode\extensions\redhat.java-1.25.1-win32-x64\jre\17.0.9-win32-x86_64\bin\java.exe
0x00007ffef56d0000 - 0x00007ffef58c8000 	C:\WINDOWS\SYSTEM32\ntdll.dll
0x00007ffef54f0000 - 0x00007ffef55ad000 	C:\WINDOWS\System32\KERNEL32.DLL
0x00007ffef3330000 - 0x00007ffef3626000 	C:\WINDOWS\System32\KERNELBASE.dll
0x00007ffef3110000 - 0x00007ffef3210000 	C:\WINDOWS\System32\ucrtbase.dll
0x00007ffee60e0000 - 0x00007ffee60f7000 	c:\Users\aaa\.vscode\extensions\redhat.java-1.25.1-win32-x64\jre\17.0.9-win32-x86_64\bin\jli.dll
0x00007ffee6090000 - 0x00007ffee60ab000 	c:\Users\aaa\.vscode\extensions\redhat.java-1.25.1-win32-x64\jre\17.0.9-win32-x86_64\bin\VCRUNTIME140.dll
0x00007ffef4a00000 - 0x00007ffef4b9e000 	C:\WINDOWS\System32\USER32.dll
0x00007ffef2e60000 - 0x00007ffef2e82000 	C:\WINDOWS\System32\win32u.dll
0x00007ffee4ca0000 - 0x00007ffee4f3a000 	C:\WINDOWS\WinSxS\amd64_microsoft.windows.common-controls_6595b64144ccf1df_6.0.19041.3636_none_60b6a03d71f818d5\COMCTL32.dll
0x00007ffef4660000 - 0x00007ffef468c000 	C:\WINDOWS\System32\GDI32.dll
0x00007ffef4960000 - 0x00007ffef49fe000 	C:\WINDOWS\System32\msvcrt.dll
0x00007ffef3210000 - 0x00007ffef332a000 	C:\WINDOWS\System32\gdi32full.dll
0x00007ffef3020000 - 0x00007ffef30bd000 	C:\WINDOWS\System32\msvcp_win.dll
0x00007ffef4610000 - 0x00007ffef4640000 	C:\WINDOWS\System32\IMM32.DLL
0x00007ffeee080000 - 0x00007ffeee08c000 	c:\Users\aaa\.vscode\extensions\redhat.java-1.25.1-win32-x64\jre\17.0.9-win32-x86_64\bin\vcruntime140_1.dll
0x00007ffeb8220000 - 0x00007ffeb82ad000 	c:\Users\aaa\.vscode\extensions\redhat.java-1.25.1-win32-x64\jre\17.0.9-win32-x86_64\bin\msvcp140.dll
0x00007ffe6a380000 - 0x00007ffe6afe1000 	c:\Users\aaa\.vscode\extensions\redhat.java-1.25.1-win32-x64\jre\17.0.9-win32-x86_64\bin\server\jvm.dll
0x00007ffef4820000 - 0x00007ffef48cf000 	C:\WINDOWS\System32\ADVAPI32.dll
0x00007ffef3f70000 - 0x00007ffef400c000 	C:\WINDOWS\System32\sechost.dll
0x00007ffef4df0000 - 0x00007ffef4f16000 	C:\WINDOWS\System32\RPCRT4.dll
0x00007ffee3ed0000 - 0x00007ffee3ed9000 	C:\WINDOWS\SYSTEM32\WSOCK32.dll
0x00007ffef22d0000 - 0x00007ffef231b000 	C:\WINDOWS\SYSTEM32\POWRPROF.dll
0x00007ffee9670000 - 0x00007ffee9697000 	C:\WINDOWS\SYSTEM32\WINMM.dll
0x00007ffef47b0000 - 0x00007ffef481b000 	C:\WINDOWS\System32\WS2_32.dll
0x00007ffeeb420000 - 0x00007ffeeb42a000 	C:\WINDOWS\SYSTEM32\VERSION.dll
0x00007ffef2190000 - 0x00007ffef21a2000 	C:\WINDOWS\SYSTEM32\UMPDC.dll
0x00007ffef0c50000 - 0x00007ffef0c62000 	C:\WINDOWS\SYSTEM32\kernel.appcore.dll
0x00007ffee6130000 - 0x00007ffee613a000 	c:\Users\aaa\.vscode\extensions\redhat.java-1.25.1-win32-x64\jre\17.0.9-win32-x86_64\bin\jimage.dll
0x00007ffee8060000 - 0x00007ffee8244000 	C:\WINDOWS\SYSTEM32\DBGHELP.DLL
0x00007ffed57c0000 - 0x00007ffed57f4000 	C:\WINDOWS\SYSTEM32\dbgcore.DLL
0x00007ffef36a0000 - 0x00007ffef3722000 	C:\WINDOWS\System32\bcryptPrimitives.dll
0x00007ffee5170000 - 0x00007ffee517e000 	c:\Users\aaa\.vscode\extensions\redhat.java-1.25.1-win32-x64\jre\17.0.9-win32-x86_64\bin\instrument.dll
0x00007ffec42d0000 - 0x00007ffec42f5000 	c:\Users\aaa\.vscode\extensions\redhat.java-1.25.1-win32-x64\jre\17.0.9-win32-x86_64\bin\java.dll
0x00007ffee4860000 - 0x00007ffee4878000 	c:\Users\aaa\.vscode\extensions\redhat.java-1.25.1-win32-x64\jre\17.0.9-win32-x86_64\bin\zip.dll
0x00007ffef37a0000 - 0x00007ffef3ee5000 	C:\WINDOWS\System32\SHELL32.dll
0x00007ffef0e50000 - 0x00007ffef15eb000 	C:\WINDOWS\SYSTEM32\windows.storage.dll
0x00007ffef4f20000 - 0x00007ffef5274000 	C:\WINDOWS\System32\combase.dll
0x00007ffef2710000 - 0x00007ffef273d000 	C:\WINDOWS\SYSTEM32\Wldp.dll
0x00007ffef4690000 - 0x00007ffef473d000 	C:\WINDOWS\System32\SHCORE.dll
0x00007ffef4750000 - 0x00007ffef47a5000 	C:\WINDOWS\System32\shlwapi.dll
0x00007ffef2ce0000 - 0x00007ffef2d05000 	C:\WINDOWS\SYSTEM32\profapi.dll
0x00007ffec80a0000 - 0x00007ffec80b9000 	C:\Users\aaa\.vscode\extensions\redhat.java-1.25.1-win32-x64\jre\17.0.9-win32-x86_64\bin\net.dll
0x00007ffeeccf0000 - 0x00007ffeecdfa000 	C:\WINDOWS\SYSTEM32\WINHTTP.dll
0x00007ffef24f0000 - 0x00007ffef255a000 	C:\WINDOWS\system32\mswsock.dll
0x00007ffec42b0000 - 0x00007ffec42c6000 	C:\Users\aaa\.vscode\extensions\redhat.java-1.25.1-win32-x64\jre\17.0.9-win32-x86_64\bin\nio.dll
0x00007ffee4f40000 - 0x00007ffee4f50000 	c:\Users\aaa\.vscode\extensions\redhat.java-1.25.1-win32-x64\jre\17.0.9-win32-x86_64\bin\verify.dll

dbghelp: loaded successfully - version: 4.0.5 - missing functions: none
symbol engine: initialized successfully - sym options: 0x614 - pdb path: .;c:\Users\aaa\.vscode\extensions\redhat.java-1.25.1-win32-x64\jre\17.0.9-win32-x86_64\bin;C:\WINDOWS\SYSTEM32;C:\WINDOWS\WinSxS\amd64_microsoft.windows.common-controls_6595b64144ccf1df_6.0.19041.3636_none_60b6a03d71f818d5;c:\Users\aaa\.vscode\extensions\redhat.java-1.25.1-win32-x64\jre\17.0.9-win32-x86_64\bin\server

VM Arguments:
jvm_args: --add-modules=ALL-SYSTEM --add-opens=java.base/java.util=ALL-UNNAMED --add-opens=java.base/java.lang=ALL-UNNAMED --add-opens=java.base/sun.nio.fs=ALL-UNNAMED -Declipse.application=org.eclipse.jdt.ls.core.id1 -Dosgi.bundles.defaultStartLevel=4 -Declipse.product=org.eclipse.jdt.ls.core.product -Djava.import.generatesMetadataFilesAtProjectRoot=false -DDetectVMInstallationsJob.disabled=true -Dfile.encoding=utf8 -XX:+UseParallelGC -XX:GCTimeRatio=4 -XX:AdaptiveSizePolicyWeight=90 -Dsun.zip.disableMemoryMapping=true -Xmx1G -Xms100m -Xlog:disable -javaagent:c:\Users\aaa\.vscode\extensions\redhat.java-1.25.1-win32-x64\lombok\lombok-1.18.30.jar 
java_command: c:\Users\aaa\.vscode\extensions\redhat.java-1.25.1-win32-x64\server\plugins\org.eclipse.equinox.launcher_1.6.600.v20231106-1826.jar -configuration c:\Users\aaa\AppData\Roaming\Code\User\globalStorage\redhat.java\1.25.1\config_ss_win -data c:\Users\aaa\AppData\Roaming\Code\User\workspaceStorage\90c23f54ec840b326ccb32a757f1f45f\redhat.java\ss_ws --stdio
java_class_path (initial): c:\Users\aaa\.vscode\extensions\redhat.java-1.25.1-win32-x64\server\plugins\org.eclipse.equinox.launcher_1.6.600.v20231106-1826.jar
Launcher Type: SUN_STANDARD

[Global flags]
    uintx AdaptiveSizePolicyWeight                 = 90                                        {product} {command line}
     intx CICompilerCount                          = 4                                         {product} {ergonomic}
    uintx GCTimeRatio                              = 4                                         {product} {command line}
   size_t InitialHeapSize                          = 104857600                                 {product} {command line}
   size_t MaxHeapSize                              = 1073741824                                {product} {command line}
   size_t MaxNewSize                               = 357564416                                 {product} {ergonomic}
   size_t MinHeapDeltaBytes                        = 524288                                    {product} {ergonomic}
   size_t MinHeapSize                              = 104857600                                 {product} {command line}
   size_t NewSize                                  = 34603008                                  {product} {ergonomic}
    uintx NonNMethodCodeHeapSize                   = 5839372                                {pd product} {ergonomic}
    uintx NonProfiledCodeHeapSize                  = 122909434                              {pd product} {ergonomic}
   size_t OldSize                                  = 70254592                                  {product} {ergonomic}
    uintx ProfiledCodeHeapSize                     = 122909434                              {pd product} {ergonomic}
    uintx ReservedCodeCacheSize                    = 251658240                              {pd product} {ergonomic}
     bool SegmentedCodeCache                       = true                                      {product} {ergonomic}
   size_t SoftMaxHeapSize                          = 1073741824                             {manageable} {ergonomic}
     bool UseCompressedClassPointers               = true                           {product lp64_product} {ergonomic}
     bool UseCompressedOops                        = true                           {product lp64_product} {ergonomic}
     bool UseLargePagesIndividualAllocation        = false                                  {pd product} {ergonomic}
     bool UseParallelGC                            = true                                      {product} {command line}

Logging:
Log output configuration:
 #0: stdout all=off uptime,level,tags
 #1: stderr all=off uptime,level,tags

Environment Variables:
JAVA_HOME=C:\JDK\jdk-17.0.6
CLASSPATH=C:\JDK\jdk-17.0.6\lib;.;C:\apache-tomcat-10.1.7\lib\servlet-api.jar;
PATH=C:\Oracle\product\21c\dbhomeXE\bin;C:\WINDOWS\system32;C:\WINDOWS;C:\WINDOWS\System32\Wbem;C:\WINDOWS\System32\WindowsPowerShell\v1.0\;C:\WINDOWS\System32\OpenSSH\;C:\Program Files\Bandizip\;C:\Program Files\Git\cmd;C:\Program Files\Docker\Docker\resources\bin;C:\nodejs\;C:\Users\aaa\AppData\Local\Programs\Python\Python311\Scripts\;C:\Users\aaa\AppData\Local\Programs\Python\Python311\;C:\Users\aaa\AppData\Local\Microsoft\WindowsApps;C:\Users\aaa\AppData\Local\Programs\Microsoft VS Code\bin;C:\JDK\jdk-17.0.6\bin;C:\Users\aaa\AppData\Roaming\npm;C:\Program Files\JetBrains\IntelliJ IDEA 2023.2.5\bin;
USERNAME=aaa
OS=Windows_NT
PROCESSOR_IDENTIFIER=Intel64 Family 6 Model 158 Stepping 13, GenuineIntel
TMP=C:\Users\aaa\AppData\Local\Temp
TEMP=C:\Users\aaa\AppData\Local\Temp



Periodic native trim disabled


---------------  S Y S T E M  ---------------

OS:
 Windows 10 , 64 bit Build 19041 (10.0.19041.3636)
OS uptime: 0 days 2:40 hours
Hyper-V role detected

CPU: total 8 (initial active 8) (8 cores per cpu, 1 threads per core) family 6 model 158 stepping 13 microcode 0xaa, cx8, cmov, fxsr, mmx, 3dnowpref, sse, sse2, sse3, ssse3, sse4.1, sse4.2, popcnt, lzcnt, tsc, tscinvbit, avx, avx2, aes, erms, clmul, bmi1, bmi2, rtm, adx, fma, vzeroupper, clflush, clflushopt, hv
Processor Information for all 8 processors :
  Max Mhz: 3000, Current Mhz: 3000, Mhz Limit: 3000

Memory: 4k page, system-wide physical 32700M (4951M free)
TotalPageFile size 37683M (AvailPageFile size 5M)
current process WorkingSet (physical memory assigned to process): 79M, peak: 81M
current process commit charge ("private bytes"): 202M, peak: 203M

vm_info: OpenJDK 64-Bit Server VM (17.0.9+9) for windows-amd64 JRE (17.0.9+9), built on Oct 26 2023 14:01:42 by "admin" with MS VC++ 16.10 / 16.11 (VS2019)

END.
