#
# There is insufficient memory for the Java Runtime Environment to continue.
# Native memory allocation (mmap) failed to map 536870912 bytes for G1 virtual space
# Possible reasons:
#   The system is out of physical RAM or swap space
#   The process is running with CompressedOops enabled, and the Java Heap may be blocking the growth of the native heap
# Possible solutions:
#   Reduce memory load on the system
#   Increase physical memory or swap space
#   Check if swap backing store is full
#   Decrease Java heap size (-Xmx/-Xms)
#   Decrease number of Java threads
#   Decrease Java thread stack sizes (-Xss)
#   Set larger code cache with -XX:ReservedCodeCacheSize=
#   JVM is running with Zero Based Compressed Oops mode in which the Java heap is
#     placed in the first 32GB address space. The Java Heap base address is the
#     maximum limit for the native heap growth. Please use -XX:HeapBaseMinAddress
#     to set the Java Heap base and to place the Java Heap above 32GB virtual address.
# This output file may be truncated or incomplete.
#
#  Out of Memory Error (os_windows.cpp:3550), pid=5368, tid=4656
#
# JRE version:  (17.0.6+9) (build )
# Java VM: Java HotSpot(TM) 64-Bit Server VM (17.0.6+9-LTS-190, mixed mode, sharing, tiered, compressed oops, compressed class ptrs, g1 gc, windows-amd64)
# No core dump will be written. Minidumps are not enabled by default on client versions of Windows
#

---------------  S U M M A R Y ------------

Command Line: -Dfile.encoding=utf8 c:\Users\aaa\.vscode\extensions\vscjava.vscode-gradle-3.13.5\lib\gradle-language-server.jar

Host: Intel(R) Core(TM) i7-9700 CPU @ 3.00GHz, 8 cores, 31G,  Windows 10 , 64 bit Build 19041 (10.0.19041.3636)
Time: Tue Jan  2 16:09:37 2024  Windows 10 , 64 bit Build 19041 (10.0.19041.3636) elapsed time: 0.008748 seconds (0d 0h 0m 0s)

---------------  T H R E A D  ---------------

Current thread (0x0000021cb0dcefc0):  JavaThread "Unknown thread" [_thread_in_vm, id=4656, stack(0x000000c302e00000,0x000000c302f00000)]

Stack: [0x000000c302e00000,0x000000c302f00000]
Native frames: (J=compiled Java code, j=interpreted, Vv=VM code, C=native code)
V  [jvm.dll+0x6734ea]
V  [jvm.dll+0x7d18f4]
V  [jvm.dll+0x7d309e]
V  [jvm.dll+0x7d3703]
V  [jvm.dll+0x2433c5]
V  [jvm.dll+0x6703f9]
V  [jvm.dll+0x664d32]
V  [jvm.dll+0x300086]
V  [jvm.dll+0x307606]
V  [jvm.dll+0x356c1e]
V  [jvm.dll+0x356e4f]
V  [jvm.dll+0x2d72e8]
V  [jvm.dll+0x2d8254]
V  [jvm.dll+0x7a33b1]
V  [jvm.dll+0x3647f1]
V  [jvm.dll+0x782839]
V  [jvm.dll+0x3e757f]
V  [jvm.dll+0x3e9001]
C  [jli.dll+0x5297]
C  [ucrtbase.dll+0x21bb2]
C  [KERNEL32.DLL+0x17344]
C  [ntdll.dll+0x526b1]


---------------  P R O C E S S  ---------------

Threads class SMR info:
_java_thread_list=0x00007ffe6a24e958, length=0, elements={
}

Java Threads: ( => current thread )

Other Threads:
  0x0000021cb0e7ada0 GCTaskThread "GC Thread#0" [stack: 0x000000c302f00000,0x000000c303000000] [id=7832]
  0x0000021cb0e8bc60 ConcurrentGCThread "G1 Main Marker" [stack: 0x000000c303000000,0x000000c303100000] [id=4372]
  0x0000021cb0e8d680 ConcurrentGCThread "G1 Conc#0" [stack: 0x000000c303100000,0x000000c303200000] [id=8204]

[error occurred during error reporting (printing all threads), id 0xc0000005, EXCEPTION_ACCESS_VIOLATION (0xc0000005) at pc=0x00007ffe69a87f07]

VM state: not at safepoint (not fully initialized)

VM Mutex/Monitor currently owned by a thread:  ([mutex/lock_event])
[0x0000021cb0dc85e0] Heap_lock - owner thread: 0x0000021cb0dcefc0

Heap address: 0x0000000601000000, size: 8176 MB, Compressed Oops mode: Zero based, Oop shift amount: 3

CDS archive(s) mapped at: [0x0000000000000000-0x0000000000000000-0x0000000000000000), size 0, SharedBaseAddress: 0x0000000800000000, ArchiveRelocationMode: 0.
Narrow klass base: 0x0000000000000000, Narrow klass shift: 0, Narrow klass range: 0x0

GC Precious Log:
<Empty>

Heap:
 garbage-first heap   total 0K, used 0K [0x0000000601000000, 0x0000000800000000)
  region size 4096K, 0 young (0K), 0 survivors (0K)

[error occurred during error reporting (printing heap information), id 0xc0000005, EXCEPTION_ACCESS_VIOLATION (0xc0000005) at pc=0x00007ffe69e6c759]

GC Heap History (0 events):
No events

Deoptimization events (0 events):
No events

Classes unloaded (0 events):
No events

Classes redefined (0 events):
No events

Internal exceptions (0 events):
No events

VM Operations (0 events):
No events

Events (1 events):
Event: 0.004 Loaded shared library C:\JDK\jdk-17.0.6\bin\java.dll


Dynamic libraries:
0x00007ff614b70000 - 0x00007ff614b80000 	C:\JDK\jdk-17.0.6\bin\java.exe
0x00007ffef56d0000 - 0x00007ffef58c8000 	C:\WINDOWS\SYSTEM32\ntdll.dll
0x00007ffef54f0000 - 0x00007ffef55ad000 	C:\WINDOWS\System32\KERNEL32.DLL
0x00007ffef3330000 - 0x00007ffef3626000 	C:\WINDOWS\System32\KERNELBASE.dll
0x00007ffef3110000 - 0x00007ffef3210000 	C:\WINDOWS\System32\ucrtbase.dll
0x00007ffebcfe0000 - 0x00007ffebcff8000 	C:\JDK\jdk-17.0.6\bin\jli.dll
0x00007ffef4820000 - 0x00007ffef48cf000 	C:\WINDOWS\System32\ADVAPI32.dll
0x00007ffef4960000 - 0x00007ffef49fe000 	C:\WINDOWS\System32\msvcrt.dll
0x00007ffef3f70000 - 0x00007ffef400c000 	C:\WINDOWS\System32\sechost.dll
0x00007ffef4df0000 - 0x00007ffef4f16000 	C:\WINDOWS\System32\RPCRT4.dll
0x00007ffef4a00000 - 0x00007ffef4b9e000 	C:\WINDOWS\System32\USER32.dll
0x00007ffef2e60000 - 0x00007ffef2e82000 	C:\WINDOWS\System32\win32u.dll
0x00007ffef4660000 - 0x00007ffef468c000 	C:\WINDOWS\System32\GDI32.dll
0x00007ffef3210000 - 0x00007ffef332a000 	C:\WINDOWS\System32\gdi32full.dll
0x00007ffef3020000 - 0x00007ffef30bd000 	C:\WINDOWS\System32\msvcp_win.dll
0x00007ffebca70000 - 0x00007ffebca8b000 	C:\JDK\jdk-17.0.6\bin\VCRUNTIME140.dll
0x00007ffee4ca0000 - 0x00007ffee4f3a000 	C:\WINDOWS\WinSxS\amd64_microsoft.windows.common-controls_6595b64144ccf1df_6.0.19041.3636_none_60b6a03d71f818d5\COMCTL32.dll
0x00007ffeeb420000 - 0x00007ffeeb42a000 	C:\WINDOWS\SYSTEM32\VERSION.dll
0x00007ffef4610000 - 0x00007ffef4640000 	C:\WINDOWS\System32\IMM32.DLL
0x00007ffebf330000 - 0x00007ffebf33c000 	C:\JDK\jdk-17.0.6\bin\vcruntime140_1.dll
0x00007ffeb8590000 - 0x00007ffeb861e000 	C:\JDK\jdk-17.0.6\bin\msvcp140.dll
0x00007ffe697a0000 - 0x00007ffe6a377000 	C:\JDK\jdk-17.0.6\bin\server\jvm.dll
0x00007ffef4740000 - 0x00007ffef4748000 	C:\WINDOWS\System32\PSAPI.DLL
0x00007ffee3ed0000 - 0x00007ffee3ed9000 	C:\WINDOWS\SYSTEM32\WSOCK32.dll
0x00007ffef47b0000 - 0x00007ffef481b000 	C:\WINDOWS\System32\WS2_32.dll
0x00007ffee9670000 - 0x00007ffee9697000 	C:\WINDOWS\SYSTEM32\WINMM.dll
0x00007ffef0c50000 - 0x00007ffef0c62000 	C:\WINDOWS\SYSTEM32\kernel.appcore.dll
0x00007ffebf170000 - 0x00007ffebf17a000 	C:\JDK\jdk-17.0.6\bin\jimage.dll
0x00007ffee8060000 - 0x00007ffee8244000 	C:\WINDOWS\SYSTEM32\DBGHELP.DLL
0x00007ffed57c0000 - 0x00007ffed57f4000 	C:\WINDOWS\SYSTEM32\dbgcore.DLL
0x00007ffef36a0000 - 0x00007ffef3722000 	C:\WINDOWS\System32\bcryptPrimitives.dll
0x00007ffeb7910000 - 0x00007ffeb7935000 	C:\JDK\jdk-17.0.6\bin\java.dll

dbghelp: loaded successfully - version: 4.0.5 - missing functions: none
symbol engine: initialized successfully - sym options: 0x614 - pdb path: .;C:\JDK\jdk-17.0.6\bin;C:\WINDOWS\SYSTEM32;C:\WINDOWS\WinSxS\amd64_microsoft.windows.common-controls_6595b64144ccf1df_6.0.19041.3636_none_60b6a03d71f818d5;C:\JDK\jdk-17.0.6\bin\server

VM Arguments:
jvm_args: -Dfile.encoding=utf8 
java_command: c:\Users\aaa\.vscode\extensions\vscjava.vscode-gradle-3.13.5\lib\gradle-language-server.jar
java_class_path (initial): c:\Users\aaa\.vscode\extensions\vscjava.vscode-gradle-3.13.5\lib\gradle-language-server.jar
Launcher Type: SUN_STANDARD

[Global flags]
     intx CICompilerCount                          = 4                                         {product} {ergonomic}
     uint ConcGCThreads                            = 2                                         {product} {ergonomic}
     uint G1ConcRefinementThreads                  = 8                                         {product} {ergonomic}
   size_t G1HeapRegionSize                         = 4194304                                   {product} {ergonomic}
    uintx GCDrainStackTargetSize                   = 64                                        {product} {ergonomic}
   size_t InitialHeapSize                          = 536870912                                 {product} {ergonomic}
   size_t MarkStackSize                            = 4194304                                   {product} {ergonomic}
   size_t MaxHeapSize                              = 8573157376                                {product} {ergonomic}
   size_t MinHeapDeltaBytes                        = 4194304                                   {product} {ergonomic}
   size_t MinHeapSize                              = 8388608                                   {product} {ergonomic}
    uintx NonNMethodCodeHeapSize                   = 5839372                                {pd product} {ergonomic}
    uintx NonProfiledCodeHeapSize                  = 122909434                              {pd product} {ergonomic}
    uintx ProfiledCodeHeapSize                     = 122909434                              {pd product} {ergonomic}
    uintx ReservedCodeCacheSize                    = 251658240                              {pd product} {ergonomic}
     bool SegmentedCodeCache                       = true                                      {product} {ergonomic}
   size_t SoftMaxHeapSize                          = 8573157376                             {manageable} {ergonomic}
     bool UseCompressedClassPointers               = true                           {product lp64_product} {ergonomic}
     bool UseCompressedOops                        = true                           {product lp64_product} {ergonomic}
     bool UseG1GC                                  = true                                      {product} {ergonomic}
     bool UseLargePagesIndividualAllocation        = false                                  {pd product} {ergonomic}

Logging:
Log output configuration:
 #0: stdout all=warning uptime,level,tags
 #1: stderr all=off uptime,level,tags

Environment Variables:
JAVA_HOME=C:\JDK\jdk-17.0.6
CLASSPATH=C:\JDK\jdk-17.0.6\lib;.;C:\apache-tomcat-10.1.7\lib\servlet-api.jar;
PATH=C:\Oracle\product\21c\dbhomeXE\bin;C:\WINDOWS\system32;C:\WINDOWS;C:\WINDOWS\System32\Wbem;C:\WINDOWS\System32\WindowsPowerShell\v1.0\;C:\WINDOWS\System32\OpenSSH\;C:\Program Files\Bandizip\;C:\Program Files\Git\cmd;C:\Program Files\Docker\Docker\resources\bin;C:\nodejs\;C:\Users\aaa\AppData\Local\Programs\Python\Python311\Scripts\;C:\Users\aaa\AppData\Local\Programs\Python\Python311\;C:\Users\aaa\AppData\Local\Microsoft\WindowsApps;C:\Users\aaa\AppData\Local\Programs\Microsoft VS Code\bin;C:\JDK\jdk-17.0.6\bin;C:\Users\aaa\AppData\Roaming\npm;C:\Program Files\JetBrains\IntelliJ IDEA 2023.2.5\bin;
USERNAME=aaa
OS=Windows_NT
PROCESSOR_IDENTIFIER=Intel64 Family 6 Model 158 Stepping 13, GenuineIntel



---------------  S Y S T E M  ---------------

OS:
 Windows 10 , 64 bit Build 19041 (10.0.19041.3636)
OS uptime: 0 days 2:40 hours
Hyper-V role detected

CPU: total 8 (initial active 8) (8 cores per cpu, 1 threads per core) family 6 model 158 stepping 13 microcode 0xaa, cx8, cmov, fxsr, mmx, 3dnowpref, sse, sse2, sse3, ssse3, sse4.1, sse4.2, popcnt, lzcnt, tsc, tscinvbit, avx, avx2, aes, erms, clmul, bmi1, bmi2, rtm, adx, fma, vzeroupper, clflush, clflushopt, hv

Memory: 4k page, system-wide physical 32700M (5030M free)
TotalPageFile size 37683M (AvailPageFile size 154M)
current process WorkingSet (physical memory assigned to process): 10M, peak: 10M
current process commit charge ("private bytes"): 60M, peak: 572M

vm_info: Java HotSpot(TM) 64-Bit Server VM (17.0.6+9-LTS-190) for windows-amd64 JRE (17.0.6+9-LTS-190), built on Dec  6 2022 15:53:54 by "mach5one" with MS VC++ 17.1 (VS2022)

END.
