#
# There is insufficient memory for the Java Runtime Environment to continue.
# Native memory allocation (malloc) failed to allocate 385456 bytes for Chunk::new
# Possible reasons:
#   The system is out of physical RAM or swap space
#   The process is running with CompressedOops enabled, and the Java Heap may be blocking the growth of the native heap
# Possible solutions:
#   Reduce memory load on the system
#   Increase physical memory or swap space
#   Check if swap backing store is full
#   Decrease Java heap size (-Xmx/-Xms)
#   Decrease number of Java threads
#   Decrease Java thread stack sizes (-Xss)
#   Set larger code cache with -XX:ReservedCodeCacheSize=
#   JVM is running with Unscaled Compressed Oops mode in which the Java heap is
#     placed in the first 4GB address space. The Java Heap base address is the
#     maximum limit for the native heap growth. Please use -XX:HeapBaseMinAddress
#     to set the Java Heap base and to place the Java Heap above 4GB virtual address.
# This output file may be truncated or incomplete.
#
#  Out of Memory Error (arena.cpp:191), pid=14264, tid=9664
#
# JRE version: OpenJDK Runtime Environment Temurin-17.0.9+9 (17.0.9+9) (build 17.0.9+9)
# Java VM: OpenJDK 64-Bit Server VM Temurin-17.0.9+9 (17.0.9+9, mixed mode, tiered, compressed oops, compressed class ptrs, parallel gc, windows-amd64)
# No core dump will be written. Minidumps are not enabled by default on client versions of Windows
#

---------------  S U M M A R Y ------------

Command Line: --add-modules=ALL-SYSTEM --add-opens=java.base/java.util=ALL-UNNAMED --add-opens=java.base/java.lang=ALL-UNNAMED --add-opens=java.base/sun.nio.fs=ALL-UNNAMED -Declipse.application=org.eclipse.jdt.ls.core.id1 -Dosgi.bundles.defaultStartLevel=4 -Declipse.product=org.eclipse.jdt.ls.core.product -Djava.import.generatesMetadataFilesAtProjectRoot=false -DDetectVMInstallationsJob.disabled=true -Dfile.encoding=utf8 -XX:+UseParallelGC -XX:GCTimeRatio=4 -XX:AdaptiveSizePolicyWeight=90 -Dsun.zip.disableMemoryMapping=true -Xmx1G -Xms100m -Xlog:disable -javaagent:c:\Users\aaa\.vscode\extensions\redhat.java-1.25.1-win32-x64\lombok\lombok-1.18.30.jar c:\Users\aaa\.vscode\extensions\redhat.java-1.25.1-win32-x64\server\plugins\org.eclipse.equinox.launcher_1.6.600.v20231106-1826.jar -configuration c:\Users\aaa\AppData\Roaming\Code\User\globalStorage\redhat.java\1.25.1\config_ss_win -data c:\Users\aaa\AppData\Roaming\Code\User\workspaceStorage\90c23f54ec840b326ccb32a757f1f45f\redhat.java\ss_ws --stdio

Host: Intel(R) Core(TM) i7-9700 CPU @ 3.00GHz, 8 cores, 31G,  Windows 10 , 64 bit Build 19041 (10.0.19041.3636)
Time: Tue Jan  2 16:09:39 2024  Windows 10 , 64 bit Build 19041 (10.0.19041.3636) elapsed time: 0.499445 seconds (0d 0h 0m 0s)

---------------  T H R E A D  ---------------

Current thread (0x0000022874a4c540):  JavaThread "C2 CompilerThread1" daemon [_thread_in_native, id=9664, stack(0x000000c105d00000,0x000000c105e00000)]


Current CompileTask:
C2:    499 1092       4       jdk.internal.jimage.ImageLocation::verify (218 bytes)

Stack: [0x000000c105d00000,0x000000c105e00000]
Native frames: (J=compiled Java code, j=interpreted, Vv=VM code, C=native code)
V  [jvm.dll+0x67cf49]
V  [jvm.dll+0x83478a]
V  [jvm.dll+0x83624e]
V  [jvm.dll+0x8368b3]
V  [jvm.dll+0x247f1f]
V  [jvm.dll+0xac43c]
V  [jvm.dll+0xaca8c]
V  [jvm.dll+0x367012]
V  [jvm.dll+0x3313ba]
V  [jvm.dll+0x33085a]
V  [jvm.dll+0x21a5b1]
V  [jvm.dll+0x2199d1]
V  [jvm.dll+0x1a57cd]
V  [jvm.dll+0x2297ae]
V  [jvm.dll+0x22797c]
V  [jvm.dll+0x7e9877]
V  [jvm.dll+0x7e3c3a]
V  [jvm.dll+0x67be35]
C  [ucrtbase.dll+0x21bb2]
C  [KERNEL32.DLL+0x17344]
C  [ntdll.dll+0x526b1]


---------------  P R O C E S S  ---------------

Threads class SMR info:
_java_thread_list=0x000002287b01b490, length=14, elements={
0x000002286fcd0390, 0x000002286fd89450, 0x000002286fd8b990, 0x0000022879e2c930,
0x0000022879e2f5d0, 0x0000022879e30900, 0x0000022879e321e0, 0x0000022879e39fe0,
0x0000022879e3d0a0, 0x0000022879e41df0, 0x0000022879f3b5c0, 0x0000022874a4c540,
0x000002287ac880e0, 0x000002287acd2880
}

Java Threads: ( => current thread )
  0x000002286fcd0390 JavaThread "main" [_thread_in_Java, id=13372, stack(0x000000c105000000,0x000000c105100000)]
  0x000002286fd89450 JavaThread "Reference Handler" daemon [_thread_blocked, id=600, stack(0x000000c105300000,0x000000c105400000)]
  0x000002286fd8b990 JavaThread "Finalizer" daemon [_thread_blocked, id=456, stack(0x000000c105400000,0x000000c105500000)]
  0x0000022879e2c930 JavaThread "Signal Dispatcher" daemon [_thread_blocked, id=15480, stack(0x000000c105500000,0x000000c105600000)]
  0x0000022879e2f5d0 JavaThread "Attach Listener" daemon [_thread_blocked, id=13440, stack(0x000000c105600000,0x000000c105700000)]
  0x0000022879e30900 JavaThread "Service Thread" daemon [_thread_blocked, id=13208, stack(0x000000c105700000,0x000000c105800000)]
  0x0000022879e321e0 JavaThread "Monitor Deflation Thread" daemon [_thread_blocked, id=8552, stack(0x000000c105800000,0x000000c105900000)]
  0x0000022879e39fe0 JavaThread "C2 CompilerThread0" daemon [_thread_in_native, id=6128, stack(0x000000c105900000,0x000000c105a00000)]
  0x0000022879e3d0a0 JavaThread "C1 CompilerThread0" daemon [_thread_in_native, id=6844, stack(0x000000c105a00000,0x000000c105b00000)]
  0x0000022879e41df0 JavaThread "Sweeper thread" daemon [_thread_blocked, id=5152, stack(0x000000c105b00000,0x000000c105c00000)]
  0x0000022879f3b5c0 JavaThread "Common-Cleaner" daemon [_thread_blocked, id=14296, stack(0x000000c105c00000,0x000000c105d00000)]
=>0x0000022874a4c540 JavaThread "C2 CompilerThread1" daemon [_thread_in_native, id=9664, stack(0x000000c105d00000,0x000000c105e00000)]
  0x000002287ac880e0 JavaThread "Notification Thread" daemon [_thread_blocked, id=12372, stack(0x000000c105e00000,0x000000c105f00000)]
  0x000002287acd2880 JavaThread "C2 CompilerThread2" daemon [_thread_in_vm, id=4352, stack(0x000000c106000000,0x000000c106100000)]

Other Threads:
  0x0000022874b5fc80 VMThread "VM Thread" [stack: 0x000000c105200000,0x000000c105300000] [id=10896]
  0x000002287ac885c0 WatcherThread [stack: 0x000000c105f00000,0x000000c106000000] [id=1256]
  0x000002286fce3ad0 GCTaskThread "GC Thread#0" [stack: 0x000000c105100000,0x000000c105200000] [id=11584]
  0x000002287b27f7e0 GCTaskThread "GC Thread#1" [stack: 0x000000c106100000,0x000000c106200000] [id=15684]
  0x000002287b251a10 GCTaskThread "GC Thread#2" [stack: 0x000000c106200000,0x000000c106300000] [id=12440]
  0x000002287b251cd0 GCTaskThread "GC Thread#3" [stack: 0x000000c106300000,0x000000c106400000] [id=14356]
  0x000002287b251f90 GCTaskThread "GC Thread#4" [stack: 0x000000c106400000,0x000000c106500000] [id=13280]
  0x000002287b1c9730 GCTaskThread "GC Thread#5" [stack: 0x000000c106500000,0x000000c106600000] [id=8932]
  0x000002287b1c99f0 GCTaskThread "GC Thread#6" [stack: 0x000000c106600000,0x000000c106700000] [id=2756]

Threads with active compile tasks:
C2 CompilerThread0      507 1132   !   4       lombok.patcher.ScriptManager$OurClassFileTransformer::transform (364 bytes)
C1 CompilerThread0      507 1150       3       org.eclipse.osgi.container.ModuleRevisionBuilder::basicAddGenericInfo (23 bytes)
C2 CompilerThread1      507 1092       4       jdk.internal.jimage.ImageLocation::verify (218 bytes)
C2 CompilerThread2      507 1159       4       java.util.ArrayList::iterator (9 bytes)

VM state: not at safepoint (normal execution)

VM Mutex/Monitor currently owned by a thread: None

Heap address: 0x00000000c0000000, size: 1024 MB, Compressed Oops mode: 32-bit

CDS archive(s) not mapped
Compressed class space mapped at: 0x0000000100000000-0x0000000140000000, reserved size: 1073741824
Narrow klass base: 0x0000000000000000, Narrow klass shift: 3, Narrow klass range: 0x140000000

GC Precious Log:
 CPUs: 8 total, 8 available
 Memory: 32700M
 Large Page Support: Disabled
 NUMA Support: Disabled
 Compressed Oops: Enabled (32-bit)
 Alignments: Space 512K, Generation 512K, Heap 2M
 Heap Min Capacity: 100M
 Heap Initial Capacity: 100M
 Heap Max Capacity: 1G
 Pre-touch: Disabled
 Parallel Workers: 8

Heap:
 PSYoungGen      total 29696K, used 12550K [0x00000000eab00000, 0x00000000ecc00000, 0x0000000100000000)
  eden space 25600K, 36% used [0x00000000eab00000,0x00000000eb4084f0,0x00000000ec400000)
  from space 4096K, 80% used [0x00000000ec400000,0x00000000ec7396c0,0x00000000ec800000)
  to   space 4096K, 0% used [0x00000000ec800000,0x00000000ec800000,0x00000000ecc00000)
 ParOldGen       total 68608K, used 16K [0x00000000c0000000, 0x00000000c4300000, 0x00000000eab00000)
  object space 68608K, 0% used [0x00000000c0000000,0x00000000c0004000,0x00000000c4300000)
 Metaspace       used 12357K, committed 12480K, reserved 1114112K
  class space    used 1215K, committed 1280K, reserved 1048576K

Card table byte_map: [0x000002286f670000,0x000002286f880000] _byte_map_base: 0x000002286f070000

Marking Bits: (ParMarkBitMap*) 0x00007ffe6af1d0b0
 Begin Bits: [0x0000022872970000, 0x0000022873970000)
 End Bits:   [0x0000022873970000, 0x0000022874970000)

Polling page: 0x000002286dc90000

Metaspace:

Usage:
  Non-class:     10.88 MB used.
      Class:      1.19 MB used.
       Both:     12.07 MB used.

Virtual space:
  Non-class space:       64.00 MB reserved,      10.94 MB ( 17%) committed,  1 nodes.
      Class space:        1.00 GB reserved,       1.25 MB ( <1%) committed,  1 nodes.
             Both:        1.06 GB reserved,      12.19 MB (  1%) committed. 

Chunk freelists:
   Non-Class:  4.25 MB
       Class:  14.59 MB
        Both:  18.84 MB

MaxMetaspaceSize: unlimited
CompressedClassSpaceSize: 1.00 GB
Initial GC threshold: 21.00 MB
Current GC threshold: 21.00 MB
CDS: off
MetaspaceReclaimPolicy: balanced
 - commit_granule_bytes: 65536.
 - commit_granule_words: 8192.
 - virtual_space_node_default_size: 8388608.
 - enlarge_chunks_in_place: 1.
 - new_chunks_are_fully_committed: 0.
 - uncommit_free_chunks: 1.
 - use_allocation_guard: 0.
 - handle_deallocations: 1.


Internal statistics:

num_allocs_failed_limit: 0.
num_arena_births: 30.
num_arena_deaths: 0.
num_vsnodes_births: 2.
num_vsnodes_deaths: 0.
num_space_committed: 195.
num_space_uncommitted: 0.
num_chunks_returned_to_freelist: 0.
num_chunks_taken_from_freelist: 143.
num_chunk_merges: 0.
num_chunk_splits: 100.
num_chunks_enlarged: 87.
num_inconsistent_stats: 0.

CodeHeap 'non-profiled nmethods': size=120000Kb used=464Kb max_used=464Kb free=119535Kb
 bounds [0x0000022807ad0000, 0x0000022807d40000, 0x000002280f000000]
CodeHeap 'profiled nmethods': size=120000Kb used=2038Kb max_used=2038Kb free=117962Kb
 bounds [0x0000022800000000, 0x0000022800270000, 0x0000022807530000]
CodeHeap 'non-nmethods': size=5760Kb used=1149Kb max_used=1180Kb free=4610Kb
 bounds [0x0000022807530000, 0x00000228077a0000, 0x0000022807ad0000]
 total_blobs=1595 nmethods=1153 adapters=357
 compilation: enabled
              stopped_count=0, restarted_count=0
 full_count=0

Compilation events (20 events):
Event: 0.495 Thread 0x0000022879e3d0a0 nmethod 1120 0x0000022807b41590 code [0x0000022807b41720, 0x0000022807b417f8]
Event: 0.495 Thread 0x0000022879e3d0a0 1125       3       org.lombokweb.asm.SymbolTable$Entry::<init> (20 bytes)
Event: 0.495 Thread 0x0000022879e3d0a0 nmethod 1125 0x00000228001eb310 code [0x00000228001eb4a0, 0x00000228001eb5e8]
Event: 0.495 Thread 0x0000022879e3d0a0 1130       3       lombok.patcher.scripts.MethodLevelPatchScript::patch (21 bytes)
Event: 0.495 Thread 0x0000022879e3d0a0 nmethod 1130 0x00000228001eb710 code [0x00000228001eb8c0, 0x00000228001ebb38]
Event: 0.495 Thread 0x0000022879e3d0a0 1124       3       org.lombokweb.asm.SymbolTable::addConstantUtf8Reference (20 bytes)
Event: 0.496 Thread 0x0000022879e3d0a0 nmethod 1124 0x00000228001ebc10 code [0x00000228001ebde0, 0x00000228001ec0a8]
Event: 0.496 Thread 0x0000022879e3d0a0 1126       3       org.lombokweb.asm.SymbolTable::addConstantMemberReference (29 bytes)
Event: 0.497 Thread 0x0000022879e3d0a0 nmethod 1126 0x00000228001ec290 code [0x00000228001ec480, 0x00000228001ec828]
Event: 0.497 Thread 0x0000022879e3d0a0 1127       3       org.lombokweb.asm.SymbolTable::hash (15 bytes)
Event: 0.497 Thread 0x0000022879e3d0a0 nmethod 1127 0x00000228001ecb10 code [0x00000228001eccc0, 0x00000228001ece58]
Event: 0.497 Thread 0x0000022879e3d0a0 1129       1       org.lombokweb.asm.MethodWriter::hasAsmInstructions (5 bytes)
Event: 0.497 Thread 0x0000022879e3d0a0 nmethod 1129 0x0000022807b41890 code [0x0000022807b41a20, 0x0000022807b41af8]
Event: 0.497 Thread 0x0000022879e3d0a0 1128       3       org.lombokweb.asm.SymbolTable$Entry::<init> (18 bytes)
Event: 0.497 Thread 0x0000022879e3d0a0 nmethod 1128 0x00000228001ecf90 code [0x00000228001ed140, 0x00000228001ed2c8]
Event: 0.497 Thread 0x0000022879e3d0a0 1131       3       java.util.ArrayList::addAll (76 bytes)
Event: 0.498 Thread 0x0000022879e3d0a0 nmethod 1131 0x00000228001ed390 code [0x00000228001ed560, 0x00000228001ed9e8]
Event: 0.498 Thread 0x0000022879e39fe0 nmethod 1103 0x0000022807b41b90 code [0x0000022807b41d20, 0x0000022807b42138]
Event: 0.498 Thread 0x0000022879e39fe0 1122       4       org.lombokweb.asm.ClassReader::getItem (7 bytes)
Event: 0.498 Thread 0x0000022879e39fe0 nmethod 1122 0x0000022807b42310 code [0x0000022807b42480, 0x0000022807b42538]

GC Heap History (2 events):
Event: 0.404 GC heap before
{Heap before GC invocations=1 (full 0):
 PSYoungGen      total 29696K, used 25600K [0x00000000eab00000, 0x00000000ecc00000, 0x0000000100000000)
  eden space 25600K, 100% used [0x00000000eab00000,0x00000000ec400000,0x00000000ec400000)
  from space 4096K, 0% used [0x00000000ec800000,0x00000000ec800000,0x00000000ecc00000)
  to   space 4096K, 0% used [0x00000000ec400000,0x00000000ec400000,0x00000000ec800000)
 ParOldGen       total 68608K, used 0K [0x00000000c0000000, 0x00000000c4300000, 0x00000000eab00000)
  object space 68608K, 0% used [0x00000000c0000000,0x00000000c0000000,0x00000000c4300000)
 Metaspace       used 10992K, committed 11200K, reserved 1114112K
  class space    used 1100K, committed 1216K, reserved 1048576K
}
Event: 0.408 GC heap after
{Heap after GC invocations=1 (full 0):
 PSYoungGen      total 29696K, used 3301K [0x00000000eab00000, 0x00000000ecc00000, 0x0000000100000000)
  eden space 25600K, 0% used [0x00000000eab00000,0x00000000eab00000,0x00000000ec400000)
  from space 4096K, 80% used [0x00000000ec400000,0x00000000ec7396c0,0x00000000ec800000)
  to   space 4096K, 0% used [0x00000000ec800000,0x00000000ec800000,0x00000000ecc00000)
 ParOldGen       total 68608K, used 16K [0x00000000c0000000, 0x00000000c4300000, 0x00000000eab00000)
  object space 68608K, 0% used [0x00000000c0000000,0x00000000c0004000,0x00000000c4300000)
 Metaspace       used 10992K, committed 11200K, reserved 1114112K
  class space    used 1100K, committed 1216K, reserved 1048576K
}

Dll operation events (8 events):
Event: 0.004 Loaded shared library c:\Users\aaa\.vscode\extensions\redhat.java-1.25.1-win32-x64\jre\17.0.9-win32-x86_64\bin\java.dll
Event: 0.083 Loaded shared library c:\Users\aaa\.vscode\extensions\redhat.java-1.25.1-win32-x64\jre\17.0.9-win32-x86_64\bin\zip.dll
Event: 0.086 Loaded shared library C:\Users\aaa\.vscode\extensions\redhat.java-1.25.1-win32-x64\jre\17.0.9-win32-x86_64\bin\instrument.dll
Event: 0.094 Loaded shared library C:\Users\aaa\.vscode\extensions\redhat.java-1.25.1-win32-x64\jre\17.0.9-win32-x86_64\bin\net.dll
Event: 0.095 Loaded shared library C:\Users\aaa\.vscode\extensions\redhat.java-1.25.1-win32-x64\jre\17.0.9-win32-x86_64\bin\nio.dll
Event: 0.099 Loaded shared library C:\Users\aaa\.vscode\extensions\redhat.java-1.25.1-win32-x64\jre\17.0.9-win32-x86_64\bin\zip.dll
Event: 0.107 Loaded shared library C:\Users\aaa\.vscode\extensions\redhat.java-1.25.1-win32-x64\jre\17.0.9-win32-x86_64\bin\jimage.dll
Event: 0.138 Loaded shared library c:\Users\aaa\.vscode\extensions\redhat.java-1.25.1-win32-x64\jre\17.0.9-win32-x86_64\bin\verify.dll

Deoptimization events (20 events):
Event: 0.379 Thread 0x000002286fcd0390 Uncommon trap: trap_request=0xffffff45 fr.pc=0x0000022807b11d18 relative=0x0000000000000098
Event: 0.379 Thread 0x000002286fcd0390 Uncommon trap: reason=unstable_if action=reinterpret pc=0x0000022807b11d18 method=java.util.HashMap.hash(Ljava/lang/Object;)I @ 1 c2
Event: 0.379 Thread 0x000002286fcd0390 DEOPT PACKING pc=0x0000022807b11d18 sp=0x000000c1050fdf30
Event: 0.379 Thread 0x000002286fcd0390 DEOPT UNPACKING pc=0x00000228075866a3 sp=0x000000c1050fdec8 mode 2
Event: 0.459 Thread 0x000002286fcd0390 Uncommon trap: trap_request=0xffffff45 fr.pc=0x0000022807b13620 relative=0x0000000000001000
Event: 0.459 Thread 0x000002286fcd0390 Uncommon trap: reason=unstable_if action=reinterpret pc=0x0000022807b13620 method=lombok.patcher.PatchScript.classMatches(Ljava/lang/String;Ljava/util/Collection;)Z @ 25 c2
Event: 0.459 Thread 0x000002286fcd0390 DEOPT PACKING pc=0x0000022807b13620 sp=0x000000c1050f8260
Event: 0.459 Thread 0x000002286fcd0390 DEOPT UNPACKING pc=0x00000228075866a3 sp=0x000000c1050f81c8 mode 2
Event: 0.460 Thread 0x000002286fcd0390 DEOPT PACKING pc=0x0000022800074245 sp=0x000000c1050f7700
Event: 0.460 Thread 0x000002286fcd0390 DEOPT UNPACKING pc=0x0000022807586e43 sp=0x000000c1050f6bb0 mode 0
Event: 0.467 Thread 0x000002286fcd0390 DEOPT PACKING pc=0x0000022800074245 sp=0x000000c1050f3ae0
Event: 0.467 Thread 0x000002286fcd0390 DEOPT UNPACKING pc=0x0000022807586e43 sp=0x000000c1050f2f90 mode 0
Event: 0.468 Thread 0x000002286fcd0390 DEOPT PACKING pc=0x0000022800074245 sp=0x000000c1050f3ae0
Event: 0.468 Thread 0x000002286fcd0390 DEOPT UNPACKING pc=0x0000022807586e43 sp=0x000000c1050f2f90 mode 0
Event: 0.470 Thread 0x000002286fcd0390 DEOPT PACKING pc=0x0000022800074245 sp=0x000000c1050f3ae0
Event: 0.470 Thread 0x000002286fcd0390 DEOPT UNPACKING pc=0x0000022807586e43 sp=0x000000c1050f2f90 mode 0
Event: 0.472 Thread 0x000002286fcd0390 DEOPT PACKING pc=0x0000022800074245 sp=0x000000c1050f7610
Event: 0.472 Thread 0x000002286fcd0390 DEOPT UNPACKING pc=0x0000022807586e43 sp=0x000000c1050f6ac0 mode 0
Event: 0.477 Thread 0x000002286fcd0390 DEOPT PACKING pc=0x0000022800074245 sp=0x000000c1050f3af0
Event: 0.477 Thread 0x000002286fcd0390 DEOPT UNPACKING pc=0x0000022807586e43 sp=0x000000c1050f2fa0 mode 0

Classes unloaded (0 events):
No events

Classes redefined (0 events):
No events

Internal exceptions (20 events):
Event: 0.267 Thread 0x000002286fcd0390 Exception <a 'java/io/FileNotFoundException'{0x00000000eb89baf8}> (0x00000000eb89baf8) 
thrown [s\src\hotspot\share\prims\jni.cpp, line 516]
Event: 0.267 Thread 0x000002286fcd0390 Exception <a 'java/io/FileNotFoundException'{0x00000000eb89cb38}> (0x00000000eb89cb38) 
thrown [s\src\hotspot\share\prims\jni.cpp, line 516]
Event: 0.268 Thread 0x000002286fcd0390 Exception <a 'java/io/FileNotFoundException'{0x00000000eb89db70}> (0x00000000eb89db70) 
thrown [s\src\hotspot\share\prims\jni.cpp, line 516]
Event: 0.268 Thread 0x000002286fcd0390 Exception <a 'java/io/FileNotFoundException'{0x00000000eb89eb80}> (0x00000000eb89eb80) 
thrown [s\src\hotspot\share\prims\jni.cpp, line 516]
Event: 0.273 Thread 0x000002286fcd0390 Exception <a 'java/io/FileNotFoundException'{0x00000000eb8d9b38}> (0x00000000eb8d9b38) 
thrown [s\src\hotspot\share\prims\jni.cpp, line 516]
Event: 0.360 Thread 0x000002286fcd0390 Exception <a 'java/lang/ClassNotFoundException'{0x00000000ec0ddd68}: sun/net/www/protocol/c/Handler> (0x00000000ec0ddd68) 
thrown [s\src\hotspot\share\classfile\systemDictionary.cpp, line 256]
Event: 0.360 Thread 0x000002286fcd0390 Exception <a 'java/lang/ClassNotFoundException'{0x00000000ec0df080}: sun/net/www/protocol/c/Handler> (0x00000000ec0df080) 
thrown [s\src\hotspot\share\classfile\systemDictionary.cpp, line 256]
Event: 0.360 Thread 0x000002286fcd0390 Exception <a 'java/lang/ClassNotFoundException'{0x00000000ec0e01c8}: sun/net/www/protocol/c/Handler> (0x00000000ec0e01c8) 
thrown [s\src\hotspot\share\classfile\systemDictionary.cpp, line 256]
Event: 0.364 Thread 0x000002286fcd0390 Exception <a 'java/io/FileNotFoundException'{0x00000000ec0ff018}> (0x00000000ec0ff018) 
thrown [s\src\hotspot\share\prims\jni.cpp, line 516]
Event: 0.379 Thread 0x000002286fcd0390 Implicit null exception at 0x0000022807b23780 to 0x0000022807b24160
Event: 0.379 Thread 0x000002286fcd0390 Implicit null exception at 0x0000022807b1a06c to 0x0000022807b1a25c
Event: 0.379 Thread 0x000002286fcd0390 Implicit null exception at 0x0000022807b1beec to 0x0000022807b1c0d8
Event: 0.379 Thread 0x000002286fcd0390 Implicit null exception at 0x0000022807b11c8f to 0x0000022807b11d09
Event: 0.400 Thread 0x000002286fcd0390 Exception <a 'java/lang/NoSuchMethodError'{0x00000000ec3cac80}: 'int java.lang.invoke.DirectMethodHandle$Holder.invokeStaticInit(java.lang.Object, java.lang.Object, java.lang.Object, java.lang.Object)'> (0x00000000ec3cac80) 
thrown [s\src\hotspot\share\interpreter\linkResolver.cpp, line 759]
Event: 0.401 Thread 0x000002286fcd0390 Exception <a 'java/lang/NoSuchMethodError'{0x00000000ec3d52f0}: 'java.lang.Object java.lang.invoke.DirectMethodHandle$Holder.invokeInterface(java.lang.Object, java.lang.Object)'> (0x00000000ec3d52f0) 
thrown [s\src\hotspot\share\interpreter\linkResolver.cpp, line 759]
Event: 0.401 Thread 0x000002286fcd0390 Exception <a 'java/lang/IncompatibleClassChangeError'{0x00000000ec3d8ae8}: Found class java.lang.Object, but interface was expected> (0x00000000ec3d8ae8) 
thrown [s\src\hotspot\share\interpreter\linkResolver.cpp, line 826]
Event: 0.401 Thread 0x000002286fcd0390 Exception <a 'java/lang/NoSuchMethodError'{0x00000000ec3dcfe0}: 'void java.lang.invoke.DirectMethodHandle$Holder.invokeStatic(java.lang.Object, java.lang.Object)'> (0x00000000ec3dcfe0) 
thrown [s\src\hotspot\share\interpreter\linkResolver.cpp, line 759]
Event: 0.402 Thread 0x000002286fcd0390 Exception <a 'java/lang/NoSuchMethodError'{0x00000000ec3e07e0}: 'void java.lang.invoke.DirectMethodHandle$Holder.invokeStaticInit(java.lang.Object, java.lang.Object)'> (0x00000000ec3e07e0) 
thrown [s\src\hotspot\share\interpreter\linkResolver.cpp, line 759]
Event: 0.402 Thread 0x000002286fcd0390 Exception <a 'java/lang/NoSuchMethodError'{0x00000000ec3e7b68}: 'int java.lang.invoke.DirectMethodHandle$Holder.invokeStaticInit(java.lang.Object, java.lang.Object)'> (0x00000000ec3e7b68) 
thrown [s\src\hotspot\share\interpreter\linkResolver.cpp, line 759]
Event: 0.425 Thread 0x000002286fcd0390 Exception <a 'java/lang/NoSuchMethodError'{0x00000000eac4daf8}: 'void java.lang.invoke.DirectMethodHandle$Holder.invokeSpecial(java.lang.Object, java.lang.Object, java.lang.Object)'> (0x00000000eac4daf8) 
thrown [s\src\hotspot\share\interpreter\linkResolver.cpp, line 759]

VM Operations (14 events):
Event: 0.073 Executing VM operation: HandshakeAllThreads
Event: 0.073 Executing VM operation: HandshakeAllThreads done
Event: 0.116 Executing VM operation: HandshakeAllThreads
Event: 0.116 Executing VM operation: HandshakeAllThreads done
Event: 0.255 Executing VM operation: HandshakeAllThreads
Event: 0.255 Executing VM operation: HandshakeAllThreads done
Event: 0.263 Executing VM operation: HandshakeAllThreads
Event: 0.263 Executing VM operation: HandshakeAllThreads done
Event: 0.348 Executing VM operation: HandshakeAllThreads
Event: 0.348 Executing VM operation: HandshakeAllThreads done
Event: 0.366 Executing VM operation: ICBufferFull
Event: 0.366 Executing VM operation: ICBufferFull done
Event: 0.404 Executing VM operation: ParallelGCFailedAllocation
Event: 0.408 Executing VM operation: ParallelGCFailedAllocation done

Events (20 events):
Event: 0.437 loading class java/util/concurrent/LinkedBlockingQueue done
Event: 0.437 loading class java/util/concurrent/LinkedBlockingQueue$Node
Event: 0.437 loading class java/util/concurrent/LinkedBlockingQueue$Node done
Event: 0.443 loading class java/util/concurrent/Semaphore$NonfairSync
Event: 0.443 loading class java/util/concurrent/Semaphore$Sync
Event: 0.443 loading class java/util/concurrent/Semaphore$Sync done
Event: 0.443 loading class java/util/concurrent/Semaphore$NonfairSync done
Event: 0.469 loading class java/lang/TypeNotPresentException
Event: 0.469 loading class java/lang/TypeNotPresentException done
Event: 0.498 loading class java/security/InvalidKeyException
Event: 0.498 loading class java/security/KeyException
Event: 0.498 loading class java/security/KeyException done
Event: 0.498 loading class java/security/InvalidKeyException done
Event: 0.498 loading class java/security/SignatureException
Event: 0.498 loading class java/security/SignatureException done
Event: 0.498 loading class java/security/cert/CertificateException
Event: 0.498 loading class java/security/cert/CertificateException done
Event: 0.498 loading class java/security/NoSuchAlgorithmException
Event: 0.498 loading class java/security/NoSuchAlgorithmException done
Event: 0.498 loading class java/security/NoSuchProviderException


Dynamic libraries:
0x00007ff7e7970000 - 0x00007ff7e797e000 	c:\Users\aaa\.vscode\extensions\redhat.java-1.25.1-win32-x64\jre\17.0.9-win32-x86_64\bin\java.exe
0x00007ffef56d0000 - 0x00007ffef58c8000 	C:\WINDOWS\SYSTEM32\ntdll.dll
0x00007ffef54f0000 - 0x00007ffef55ad000 	C:\WINDOWS\System32\KERNEL32.DLL
0x00007ffef3330000 - 0x00007ffef3626000 	C:\WINDOWS\System32\KERNELBASE.dll
0x00007ffef3110000 - 0x00007ffef3210000 	C:\WINDOWS\System32\ucrtbase.dll
0x00007ffee6090000 - 0x00007ffee60ab000 	c:\Users\aaa\.vscode\extensions\redhat.java-1.25.1-win32-x64\jre\17.0.9-win32-x86_64\bin\VCRUNTIME140.dll
0x00007ffee60e0000 - 0x00007ffee60f7000 	c:\Users\aaa\.vscode\extensions\redhat.java-1.25.1-win32-x64\jre\17.0.9-win32-x86_64\bin\jli.dll
0x00007ffef4a00000 - 0x00007ffef4b9e000 	C:\WINDOWS\System32\USER32.dll
0x00007ffee4ca0000 - 0x00007ffee4f3a000 	C:\WINDOWS\WinSxS\amd64_microsoft.windows.common-controls_6595b64144ccf1df_6.0.19041.3636_none_60b6a03d71f818d5\COMCTL32.dll
0x00007ffef2e60000 - 0x00007ffef2e82000 	C:\WINDOWS\System32\win32u.dll
0x00007ffef4960000 - 0x00007ffef49fe000 	C:\WINDOWS\System32\msvcrt.dll
0x00007ffef4660000 - 0x00007ffef468c000 	C:\WINDOWS\System32\GDI32.dll
0x00007ffef3210000 - 0x00007ffef332a000 	C:\WINDOWS\System32\gdi32full.dll
0x00007ffef3020000 - 0x00007ffef30bd000 	C:\WINDOWS\System32\msvcp_win.dll
0x00007ffef4610000 - 0x00007ffef4640000 	C:\WINDOWS\System32\IMM32.DLL
0x00007ffeee080000 - 0x00007ffeee08c000 	c:\Users\aaa\.vscode\extensions\redhat.java-1.25.1-win32-x64\jre\17.0.9-win32-x86_64\bin\vcruntime140_1.dll
0x00007ffeb8220000 - 0x00007ffeb82ad000 	c:\Users\aaa\.vscode\extensions\redhat.java-1.25.1-win32-x64\jre\17.0.9-win32-x86_64\bin\msvcp140.dll
0x00007ffe6a380000 - 0x00007ffe6afe1000 	c:\Users\aaa\.vscode\extensions\redhat.java-1.25.1-win32-x64\jre\17.0.9-win32-x86_64\bin\server\jvm.dll
0x00007ffef4820000 - 0x00007ffef48cf000 	C:\WINDOWS\System32\ADVAPI32.dll
0x00007ffef3f70000 - 0x00007ffef400c000 	C:\WINDOWS\System32\sechost.dll
0x00007ffef4df0000 - 0x00007ffef4f16000 	C:\WINDOWS\System32\RPCRT4.dll
0x00007ffef22d0000 - 0x00007ffef231b000 	C:\WINDOWS\SYSTEM32\POWRPROF.dll
0x00007ffee3ed0000 - 0x00007ffee3ed9000 	C:\WINDOWS\SYSTEM32\WSOCK32.dll
0x00007ffee9670000 - 0x00007ffee9697000 	C:\WINDOWS\SYSTEM32\WINMM.dll
0x00007ffef47b0000 - 0x00007ffef481b000 	C:\WINDOWS\System32\WS2_32.dll
0x00007ffeeb420000 - 0x00007ffeeb42a000 	C:\WINDOWS\SYSTEM32\VERSION.dll
0x00007ffef2190000 - 0x00007ffef21a2000 	C:\WINDOWS\SYSTEM32\UMPDC.dll
0x00007ffef0c50000 - 0x00007ffef0c62000 	C:\WINDOWS\SYSTEM32\kernel.appcore.dll
0x00007ffee6130000 - 0x00007ffee613a000 	c:\Users\aaa\.vscode\extensions\redhat.java-1.25.1-win32-x64\jre\17.0.9-win32-x86_64\bin\jimage.dll
0x00007ffee8060000 - 0x00007ffee8244000 	C:\WINDOWS\SYSTEM32\DBGHELP.DLL
0x00007ffed57c0000 - 0x00007ffed57f4000 	C:\WINDOWS\SYSTEM32\dbgcore.DLL
0x00007ffef36a0000 - 0x00007ffef3722000 	C:\WINDOWS\System32\bcryptPrimitives.dll
0x00007ffee5170000 - 0x00007ffee517e000 	c:\Users\aaa\.vscode\extensions\redhat.java-1.25.1-win32-x64\jre\17.0.9-win32-x86_64\bin\instrument.dll
0x00007ffec42d0000 - 0x00007ffec42f5000 	c:\Users\aaa\.vscode\extensions\redhat.java-1.25.1-win32-x64\jre\17.0.9-win32-x86_64\bin\java.dll
0x00007ffee4860000 - 0x00007ffee4878000 	c:\Users\aaa\.vscode\extensions\redhat.java-1.25.1-win32-x64\jre\17.0.9-win32-x86_64\bin\zip.dll
0x00007ffef37a0000 - 0x00007ffef3ee5000 	C:\WINDOWS\System32\SHELL32.dll
0x00007ffef0e50000 - 0x00007ffef15eb000 	C:\WINDOWS\SYSTEM32\windows.storage.dll
0x00007ffef4f20000 - 0x00007ffef5274000 	C:\WINDOWS\System32\combase.dll
0x00007ffef2710000 - 0x00007ffef273d000 	C:\WINDOWS\SYSTEM32\Wldp.dll
0x00007ffef4690000 - 0x00007ffef473d000 	C:\WINDOWS\System32\SHCORE.dll
0x00007ffef4750000 - 0x00007ffef47a5000 	C:\WINDOWS\System32\shlwapi.dll
0x00007ffef2ce0000 - 0x00007ffef2d05000 	C:\WINDOWS\SYSTEM32\profapi.dll
0x00007ffec80a0000 - 0x00007ffec80b9000 	C:\Users\aaa\.vscode\extensions\redhat.java-1.25.1-win32-x64\jre\17.0.9-win32-x86_64\bin\net.dll
0x00007ffeeccf0000 - 0x00007ffeecdfa000 	C:\WINDOWS\SYSTEM32\WINHTTP.dll
0x00007ffef24f0000 - 0x00007ffef255a000 	C:\WINDOWS\system32\mswsock.dll
0x00007ffec42b0000 - 0x00007ffec42c6000 	C:\Users\aaa\.vscode\extensions\redhat.java-1.25.1-win32-x64\jre\17.0.9-win32-x86_64\bin\nio.dll
0x00007ffee4f40000 - 0x00007ffee4f50000 	c:\Users\aaa\.vscode\extensions\redhat.java-1.25.1-win32-x64\jre\17.0.9-win32-x86_64\bin\verify.dll

dbghelp: loaded successfully - version: 4.0.5 - missing functions: none
symbol engine: initialized successfully - sym options: 0x614 - pdb path: .;c:\Users\aaa\.vscode\extensions\redhat.java-1.25.1-win32-x64\jre\17.0.9-win32-x86_64\bin;C:\WINDOWS\SYSTEM32;C:\WINDOWS\WinSxS\amd64_microsoft.windows.common-controls_6595b64144ccf1df_6.0.19041.3636_none_60b6a03d71f818d5;c:\Users\aaa\.vscode\extensions\redhat.java-1.25.1-win32-x64\jre\17.0.9-win32-x86_64\bin\server

VM Arguments:
jvm_args: --add-modules=ALL-SYSTEM --add-opens=java.base/java.util=ALL-UNNAMED --add-opens=java.base/java.lang=ALL-UNNAMED --add-opens=java.base/sun.nio.fs=ALL-UNNAMED -Declipse.application=org.eclipse.jdt.ls.core.id1 -Dosgi.bundles.defaultStartLevel=4 -Declipse.product=org.eclipse.jdt.ls.core.product -Djava.import.generatesMetadataFilesAtProjectRoot=false -DDetectVMInstallationsJob.disabled=true -Dfile.encoding=utf8 -XX:+UseParallelGC -XX:GCTimeRatio=4 -XX:AdaptiveSizePolicyWeight=90 -Dsun.zip.disableMemoryMapping=true -Xmx1G -Xms100m -Xlog:disable -javaagent:c:\Users\aaa\.vscode\extensions\redhat.java-1.25.1-win32-x64\lombok\lombok-1.18.30.jar 
java_command: c:\Users\aaa\.vscode\extensions\redhat.java-1.25.1-win32-x64\server\plugins\org.eclipse.equinox.launcher_1.6.600.v20231106-1826.jar -configuration c:\Users\aaa\AppData\Roaming\Code\User\globalStorage\redhat.java\1.25.1\config_ss_win -data c:\Users\aaa\AppData\Roaming\Code\User\workspaceStorage\90c23f54ec840b326ccb32a757f1f45f\redhat.java\ss_ws --stdio
java_class_path (initial): c:\Users\aaa\.vscode\extensions\redhat.java-1.25.1-win32-x64\server\plugins\org.eclipse.equinox.launcher_1.6.600.v20231106-1826.jar
Launcher Type: SUN_STANDARD

[Global flags]
    uintx AdaptiveSizePolicyWeight                 = 90                                        {product} {command line}
     intx CICompilerCount                          = 4                                         {product} {ergonomic}
    uintx GCTimeRatio                              = 4                                         {product} {command line}
   size_t InitialHeapSize                          = 104857600                                 {product} {command line}
   size_t MaxHeapSize                              = 1073741824                                {product} {command line}
   size_t MaxNewSize                               = 357564416                                 {product} {ergonomic}
   size_t MinHeapDeltaBytes                        = 524288                                    {product} {ergonomic}
   size_t MinHeapSize                              = 104857600                                 {product} {command line}
   size_t NewSize                                  = 34603008                                  {product} {ergonomic}
    uintx NonNMethodCodeHeapSize                   = 5839372                                {pd product} {ergonomic}
    uintx NonProfiledCodeHeapSize                  = 122909434                              {pd product} {ergonomic}
   size_t OldSize                                  = 70254592                                  {product} {ergonomic}
    uintx ProfiledCodeHeapSize                     = 122909434                              {pd product} {ergonomic}
    uintx ReservedCodeCacheSize                    = 251658240                              {pd product} {ergonomic}
     bool SegmentedCodeCache                       = true                                      {product} {ergonomic}
   size_t SoftMaxHeapSize                          = 1073741824                             {manageable} {ergonomic}
     bool UseCompressedClassPointers               = true                           {product lp64_product} {ergonomic}
     bool UseCompressedOops                        = true                           {product lp64_product} {ergonomic}
     bool UseLargePagesIndividualAllocation        = false                                  {pd product} {ergonomic}
     bool UseParallelGC                            = true                                      {product} {command line}

Logging:
Log output configuration:
 #0: stdout all=off uptime,level,tags
 #1: stderr all=off uptime,level,tags

Environment Variables:
JAVA_HOME=C:\JDK\jdk-17.0.6
CLASSPATH=C:\JDK\jdk-17.0.6\lib;.;C:\apache-tomcat-10.1.7\lib\servlet-api.jar;
PATH=C:\Oracle\product\21c\dbhomeXE\bin;C:\WINDOWS\system32;C:\WINDOWS;C:\WINDOWS\System32\Wbem;C:\WINDOWS\System32\WindowsPowerShell\v1.0\;C:\WINDOWS\System32\OpenSSH\;C:\Program Files\Bandizip\;C:\Program Files\Git\cmd;C:\Program Files\Docker\Docker\resources\bin;C:\nodejs\;C:\Users\aaa\AppData\Local\Programs\Python\Python311\Scripts\;C:\Users\aaa\AppData\Local\Programs\Python\Python311\;C:\Users\aaa\AppData\Local\Microsoft\WindowsApps;C:\Users\aaa\AppData\Local\Programs\Microsoft VS Code\bin;C:\JDK\jdk-17.0.6\bin;C:\Users\aaa\AppData\Roaming\npm;C:\Program Files\JetBrains\IntelliJ IDEA 2023.2.5\bin;
USERNAME=aaa
OS=Windows_NT
PROCESSOR_IDENTIFIER=Intel64 Family 6 Model 158 Stepping 13, GenuineIntel
TMP=C:\Users\aaa\AppData\Local\Temp
TEMP=C:\Users\aaa\AppData\Local\Temp



Periodic native trim disabled


---------------  S Y S T E M  ---------------

OS:
 Windows 10 , 64 bit Build 19041 (10.0.19041.3636)
OS uptime: 0 days 2:40 hours
Hyper-V role detected

CPU: total 8 (initial active 8) (8 cores per cpu, 1 threads per core) family 6 model 158 stepping 13 microcode 0xaa, cx8, cmov, fxsr, mmx, 3dnowpref, sse, sse2, sse3, ssse3, sse4.1, sse4.2, popcnt, lzcnt, tsc, tscinvbit, avx, avx2, aes, erms, clmul, bmi1, bmi2, rtm, adx, fma, vzeroupper, clflush, clflushopt, hv
Processor Information for all 8 processors :
  Max Mhz: 3000, Current Mhz: 3000, Mhz Limit: 3000

Memory: 4k page, system-wide physical 32700M (4949M free)
TotalPageFile size 37683M (AvailPageFile size 6M)
current process WorkingSet (physical memory assigned to process): 80M, peak: 80M
current process commit charge ("private bytes"): 202M, peak: 203M

vm_info: OpenJDK 64-Bit Server VM (17.0.9+9) for windows-amd64 JRE (17.0.9+9), built on Oct 26 2023 14:01:42 by "admin" with MS VC++ 16.10 / 16.11 (VS2019)

END.
