#
# There is insufficient memory for the Java Runtime Environment to continue.
# Native memory allocation (malloc) failed to allocate 1048576 bytes for AllocateHeap
# Possible reasons:
#   The system is out of physical RAM or swap space
#   The process is running with CompressedOops enabled, and the Java Heap may be blocking the growth of the native heap
# Possible solutions:
#   Reduce memory load on the system
#   Increase physical memory or swap space
#   Check if swap backing store is full
#   Decrease Java heap size (-Xmx/-Xms)
#   Decrease number of Java threads
#   Decrease Java thread stack sizes (-Xss)
#   Set larger code cache with -XX:ReservedCodeCacheSize=
#   JVM is running with Unscaled Compressed Oops mode in which the Java heap is
#     placed in the first 4GB address space. The Java Heap base address is the
#     maximum limit for the native heap growth. Please use -XX:HeapBaseMinAddress
#     to set the Java Heap base and to place the Java Heap above 4GB virtual address.
# This output file may be truncated or incomplete.
#
#  Out of Memory Error (allocation.cpp:44), pid=2356, tid=15084
#
# JRE version: OpenJDK Runtime Environment Temurin-17.0.9+9 (17.0.9+9) (build 17.0.9+9)
# Java VM: OpenJDK 64-Bit Server VM Temurin-17.0.9+9 (17.0.9+9, mixed mode, emulated-client, tiered, compressed oops, compressed class ptrs, g1 gc, windows-amd64)
# No core dump will be written. Minidumps are not enabled by default on client versions of Windows
#

---------------  S U M M A R Y ------------

Command Line: -XX:+HeapDumpOnOutOfMemoryError -Xmx1024m -Dsts.lsp.client=vscode -Dsts.log.file=/dev/null -XX:TieredStopAtLevel=1 -Xlog:jni+resolve=off -Dspring.config.location=file:c:\Users\aaa\.vscode\extensions\vmware.vscode-spring-boot-1.51.0\language-server\BOOT-INF\classes\application.properties org.springframework.ide.vscode.boot.app.BootLanguageServerBootApp

Host: Intel(R) Core(TM) i7-9700 CPU @ 3.00GHz, 8 cores, 31G,  Windows 10 , 64 bit Build 19041 (10.0.19041.3636)
Time: Fri Jan 12 14:18:12 2024  Windows 10 , 64 bit Build 19041 (10.0.19041.3636) elapsed time: 17772.836727 seconds (0d 4h 56m 12s)

---------------  T H R E A D  ---------------

Current thread (0x0000029fe7056c90):  VMThread "VM Thread" [stack: 0x000000b81f800000,0x000000b81f900000] [id=15084]

Stack: [0x000000b81f800000,0x000000b81f900000]
Native frames: (J=compiled Java code, j=interpreted, Vv=VM code, C=native code)
V  [jvm.dll+0x67cf49]
V  [jvm.dll+0x83478a]
V  [jvm.dll+0x83624e]
V  [jvm.dll+0x8368b3]
V  [jvm.dll+0x247f1f]
V  [jvm.dll+0xa6b4b]
V  [jvm.dll+0x2f8e73]
V  [jvm.dll+0x2f4af0]
V  [jvm.dll+0x2dd0d7]
V  [jvm.dll+0x320357]
V  [jvm.dll+0x83adab]
V  [jvm.dll+0x83baf1]
V  [jvm.dll+0x83c00d]
V  [jvm.dll+0x83c3e4]
V  [jvm.dll+0x83c4b0]
V  [jvm.dll+0x7e3c3a]
V  [jvm.dll+0x67be35]
C  [ucrtbase.dll+0x21bb2]
C  [KERNEL32.DLL+0x17344]
C  [ntdll.dll+0x526b1]

VM_Operation (0x000000b8211ff030): G1CollectFull, mode: safepoint, requested by thread 0x0000029fe70d1590


---------------  P R O C E S S  ---------------

Threads class SMR info:
_java_thread_list=0x0000029fe71678a0, length=27, elements={
0x0000029fe706e740, 0x0000029fe706fef0, 0x0000029fe70cb9d0, 0x0000029fe70cc3a0,
0x0000029fe70cf830, 0x0000029fe70d3900, 0x0000029fe70d4d50, 0x0000029fe70db310,
0x0000029fe70d0b70, 0x0000029fe70d0150, 0x0000029fe70d29d0, 0x0000029fe70d1590,
0x0000029fe70d2ee0, 0x0000029fe70d1aa0, 0x0000029fe70d24c0, 0x0000029fe70d0660,
0x0000029fecdea830, 0x0000029fecde7080, 0x0000029fecde89d0, 0x0000029fecde4d10,
0x0000029fecde93f0, 0x0000029fecde7aa0, 0x0000029fecde8ee0, 0x0000029fecde4800,
0x0000029fecdeb250, 0x0000029fecde5220, 0x0000029fecde7590
}

Java Threads: ( => current thread )
  0x0000029fe706e740 JavaThread "Reference Handler" daemon [_thread_blocked, id=13844, stack(0x000000b81f900000,0x000000b81fa00000)]
  0x0000029fe706fef0 JavaThread "Finalizer" daemon [_thread_blocked, id=12640, stack(0x000000b81fa00000,0x000000b81fb00000)]
  0x0000029fe70cb9d0 JavaThread "Signal Dispatcher" daemon [_thread_blocked, id=4304, stack(0x000000b81fc00000,0x000000b81fd00000)]
  0x0000029fe70cc3a0 JavaThread "Attach Listener" daemon [_thread_blocked, id=5628, stack(0x000000b81fd00000,0x000000b81fe00000)]
  0x0000029fe70cf830 JavaThread "Service Thread" daemon [_thread_blocked, id=16932, stack(0x000000b81fe00000,0x000000b81ff00000)]
  0x0000029fe70d3900 JavaThread "Monitor Deflation Thread" daemon [_thread_blocked, id=8108, stack(0x000000b81ff00000,0x000000b820000000)]
  0x0000029fe70d4d50 JavaThread "C1 CompilerThread0" daemon [_thread_blocked, id=8756, stack(0x000000b820000000,0x000000b820100000)]
  0x0000029fe70db310 JavaThread "Sweeper thread" daemon [_thread_blocked, id=10624, stack(0x000000b820100000,0x000000b820200000)]
  0x0000029fe70d0b70 JavaThread "Notification Thread" daemon [_thread_blocked, id=10660, stack(0x000000b820300000,0x000000b820400000)]
  0x0000029fe70d0150 JavaThread "Common-Cleaner" daemon [_thread_blocked, id=2188, stack(0x000000b820500000,0x000000b820600000)]
  0x0000029fe70d29d0 JavaThread "boundedElastic-evictor-1" daemon [_thread_blocked, id=9180, stack(0x000000b820e00000,0x000000b820f00000)]
  0x0000029fe70d1590 JavaThread "pool-12-thread-1" [_thread_blocked, id=2308, stack(0x000000b821100000,0x000000b821200000)]
  0x0000029fe70d2ee0 JavaThread "LanguageServerApp-lifecycle" [_thread_blocked, id=4368, stack(0x000000b821200000,0x000000b821300000)]
  0x0000029fe70d1aa0 JavaThread "DestroyJavaVM" [_thread_blocked, id=5948, stack(0x000000b81f200000,0x000000b81f300000)]
  0x0000029fe70d24c0 JavaThread "pool-13-thread-1" [_thread_in_native, id=3948, stack(0x000000b821300000,0x000000b821400000)]
  0x0000029fe70d0660 JavaThread "Simple-Language-Server main thread" daemon [_thread_blocked, id=17788, stack(0x000000b821400000,0x000000b821500000)]
  0x0000029fecdea830 JavaThread "parallel-1" daemon [_thread_blocked, id=17212, stack(0x000000b821800000,0x000000b821900000)]
  0x0000029fecde7080 JavaThread "parallel-2" daemon [_thread_blocked, id=17040, stack(0x000000b821900000,0x000000b821a00000)]
  0x0000029fecde89d0 JavaThread "pool-6-thread-1" [_thread_blocked, id=1788, stack(0x000000b821a00000,0x000000b821b00000)]
  0x0000029fecde4d10 JavaThread "parallel-3" daemon [_thread_blocked, id=6876, stack(0x000000b821b00000,0x000000b821c00000)]
  0x0000029fecde93f0 JavaThread "parallel-4" daemon [_thread_blocked, id=3048, stack(0x000000b821c00000,0x000000b821d00000)]
  0x0000029fecde7aa0 JavaThread "parallel-5" daemon [_thread_blocked, id=11552, stack(0x000000b821d00000,0x000000b821e00000)]
  0x0000029fecde8ee0 JavaThread "parallel-6" daemon [_thread_blocked, id=12000, stack(0x000000b822000000,0x000000b822100000)]
  0x0000029fecde4800 JavaThread "parallel-7" daemon [_thread_blocked, id=11320, stack(0x000000b822100000,0x000000b822200000)]
  0x0000029fecdeb250 JavaThread "parallel-8" daemon [_thread_blocked, id=2584, stack(0x000000b822200000,0x000000b822300000)]
  0x0000029fecde5220 JavaThread "Reconciler-1" daemon [_thread_blocked, id=12832, stack(0x000000b822300000,0x000000b822400000)]
  0x0000029fecde7590 JavaThread "pool-8-thread-1" [_thread_blocked, id=16748, stack(0x000000b81f100000,0x000000b81f200000)]

Other Threads:
=>0x0000029fe7056c90 VMThread "VM Thread" [stack: 0x000000b81f800000,0x000000b81f900000] [id=15084]
  0x0000029fe72ff830 WatcherThread [stack: 0x000000b820400000,0x000000b820500000] [id=16264]
  0x0000029fdc1607b0 GCTaskThread "GC Thread#0" [stack: 0x000000b81f300000,0x000000b81f400000] [id=9192]
  0x0000029fe7c3ec70 GCTaskThread "GC Thread#1" [stack: 0x000000b820700000,0x000000b820800000] [id=6676]
  0x0000029fec214410 GCTaskThread "GC Thread#2" [stack: 0x000000b820800000,0x000000b820900000] [id=8908]
  0x0000029fec2146d0 GCTaskThread "GC Thread#3" [stack: 0x000000b820900000,0x000000b820a00000] [id=8068]
  0x0000029fec2151a0 GCTaskThread "GC Thread#4" [stack: 0x000000b820a00000,0x000000b820b00000] [id=12880]
  0x0000029fec22c010 GCTaskThread "GC Thread#5" [stack: 0x000000b820b00000,0x000000b820c00000] [id=17652]
  0x0000029fec22c2d0 GCTaskThread "GC Thread#6" [stack: 0x000000b820c00000,0x000000b820d00000] [id=9100]
  0x0000029fec22cba0 GCTaskThread "GC Thread#7" [stack: 0x000000b820d00000,0x000000b820e00000] [id=13380]
  0x0000029fdc169610 ConcurrentGCThread "G1 Main Marker" [stack: 0x000000b81f400000,0x000000b81f500000] [id=8028]
  0x0000029fdc169f40 ConcurrentGCThread "G1 Conc#0" [stack: 0x000000b81f500000,0x000000b81f600000] [id=6516]
  0x0000029fec5d8a10 ConcurrentGCThread "G1 Conc#1" [stack: 0x000000b821000000,0x000000b821100000] [id=12376]
  0x0000029fe6ec05f0 ConcurrentGCThread "G1 Refine#0" [stack: 0x000000b81f600000,0x000000b81f700000] [id=17560]
  0x0000029fe6ec0cd0 ConcurrentGCThread "G1 Service" [stack: 0x000000b81f700000,0x000000b81f800000] [id=13456]

Threads with active compile tasks:

VM state: at safepoint (normal execution)

VM Mutex/Monitor currently owned by a thread:  ([mutex/lock_event])
[0x0000029fd9fdf050] Threads_lock - owner thread: 0x0000029fe7056c90
[0x0000029fdc121890] Heap_lock - owner thread: 0x0000029fe70d1590

Heap address: 0x00000000c0000000, size: 1024 MB, Compressed Oops mode: 32-bit

CDS archive(s) not mapped
Compressed class space mapped at: 0x0000000100000000-0x0000000140000000, reserved size: 1073741824
Narrow klass base: 0x0000000000000000, Narrow klass shift: 3, Narrow klass range: 0x140000000

GC Precious Log:
 CPUs: 8 total, 8 available
 Memory: 32700M
 Large Page Support: Disabled
 NUMA Support: Disabled
 Compressed Oops: Enabled (32-bit)
 Heap Region Size: 1M
 Heap Min Capacity: 8M
 Heap Initial Capacity: 512M
 Heap Max Capacity: 1G
 Pre-touch: Disabled
 Parallel Workers: 8
 Concurrent Workers: 2
 Concurrent Refinement Workers: 8
 Periodic GC: Disabled

Heap:
 garbage-first heap   total 109568K, used 40329K [0x00000000c0000000, 0x0000000100000000)
  region size 1024K, 1 young (1024K), 0 survivors (0K)
 Metaspace       used 59970K, committed 60480K, reserved 1114112K
  class space    used 7491K, committed 7744K, reserved 1048576K

Heap Regions: E=young(eden), S=young(survivor), O=old, HS=humongous(starts), HC=humongous(continues), CS=collection set, F=free, OA=open archive, CA=closed archive, TAMS=top-at-mark-start (previous, next)
|   0|0x00000000c0000000, 0x00000000c0100000, 0x00000000c0100000|100%|HS|  |TAMS 0x00000000c0100000, 0x00000000c0000000| Untracked 
|   1|0x00000000c0100000, 0x00000000c0200000, 0x00000000c0200000|100%|HC|  |TAMS 0x00000000c0200000, 0x00000000c0100000| Untracked 
|   2|0x00000000c0200000, 0x00000000c0300000, 0x00000000c0300000|100%|HC|  |TAMS 0x00000000c0300000, 0x00000000c0200000| Untracked 
|   3|0x00000000c0300000, 0x00000000c0400000, 0x00000000c0400000|100%|HC|  |TAMS 0x00000000c0400000, 0x00000000c0300000| Untracked 
|   4|0x00000000c0400000, 0x00000000c04fcbd8, 0x00000000c0500000| 98%| O|  |TAMS 0x00000000c04fcbd8, 0x00000000c0400000| Untracked 
|   5|0x00000000c0500000, 0x00000000c0600000, 0x00000000c0600000|100%| O|  |TAMS 0x00000000c0600000, 0x00000000c0500000| Untracked 
|   6|0x00000000c0600000, 0x00000000c0700000, 0x00000000c0700000|100%| O|  |TAMS 0x00000000c0700000, 0x00000000c0600000| Untracked 
|   7|0x00000000c0700000, 0x00000000c0800000, 0x00000000c0800000|100%| O|  |TAMS 0x00000000c0800000, 0x00000000c0700000| Untracked 
|   8|0x00000000c0800000, 0x00000000c08fffb8, 0x00000000c0900000| 99%| O|  |TAMS 0x00000000c08fffb8, 0x00000000c0800000| Untracked 
|   9|0x00000000c0900000, 0x00000000c0a00000, 0x00000000c0a00000|100%| O|  |TAMS 0x00000000c0a00000, 0x00000000c0900000| Untracked 
|  10|0x00000000c0a00000, 0x00000000c0b00000, 0x00000000c0b00000|100%| O|  |TAMS 0x00000000c0b00000, 0x00000000c0a00000| Untracked 
|  11|0x00000000c0b00000, 0x00000000c0c00000, 0x00000000c0c00000|100%| O|  |TAMS 0x00000000c0c00000, 0x00000000c0b00000| Untracked 
|  12|0x00000000c0c00000, 0x00000000c0d00000, 0x00000000c0d00000|100%| O|  |TAMS 0x00000000c0d00000, 0x00000000c0c00000| Untracked 
|  13|0x00000000c0d00000, 0x00000000c0e00000, 0x00000000c0e00000|100%| O|  |TAMS 0x00000000c0e00000, 0x00000000c0d00000| Untracked 
|  14|0x00000000c0e00000, 0x00000000c0f00000, 0x00000000c0f00000|100%| O|  |TAMS 0x00000000c0f00000, 0x00000000c0e00000| Untracked 
|  15|0x00000000c0f00000, 0x00000000c0ffff90, 0x00000000c1000000| 99%| O|  |TAMS 0x00000000c0ffff90, 0x00000000c0f00000| Untracked 
|  16|0x00000000c1000000, 0x00000000c10ffe88, 0x00000000c1100000| 99%| O|  |TAMS 0x00000000c10ffe88, 0x00000000c1000000| Untracked 
|  17|0x00000000c1100000, 0x00000000c11fffd8, 0x00000000c1200000| 99%| O|  |TAMS 0x00000000c11fffd8, 0x00000000c1100000| Untracked 
|  18|0x00000000c1200000, 0x00000000c1300000, 0x00000000c1300000|100%| O|  |TAMS 0x00000000c1300000, 0x00000000c1200000| Untracked 
|  19|0x00000000c1300000, 0x00000000c13ffea8, 0x00000000c1400000| 99%| O|  |TAMS 0x00000000c13ffea8, 0x00000000c1300000| Untracked 
|  20|0x00000000c1400000, 0x00000000c1500000, 0x00000000c1500000|100%| O|  |TAMS 0x00000000c1500000, 0x00000000c1400000| Untracked 
|  21|0x00000000c1500000, 0x00000000c15fc1c8, 0x00000000c1600000| 98%| O|  |TAMS 0x00000000c15fc1c8, 0x00000000c1500000| Untracked 
|  22|0x00000000c1600000, 0x00000000c16ff970, 0x00000000c1700000| 99%| O|  |TAMS 0x00000000c16ff970, 0x00000000c1600000| Untracked 
|  23|0x00000000c1700000, 0x00000000c17fffc8, 0x00000000c1800000| 99%| O|  |TAMS 0x00000000c17fffc8, 0x00000000c1700000| Untracked 
|  24|0x00000000c1800000, 0x00000000c18fe850, 0x00000000c1900000| 99%| O|  |TAMS 0x00000000c18fe850, 0x00000000c1800000| Untracked 
|  25|0x00000000c1900000, 0x00000000c19fffe8, 0x00000000c1a00000| 99%| O|  |TAMS 0x00000000c19fffe8, 0x00000000c1900000| Untracked 
|  26|0x00000000c1a00000, 0x00000000c1b00000, 0x00000000c1b00000|100%| O|  |TAMS 0x00000000c1b00000, 0x00000000c1a00000| Untracked 
|  27|0x00000000c1b00000, 0x00000000c1c00000, 0x00000000c1c00000|100%| O|  |TAMS 0x00000000c1c00000, 0x00000000c1b00000| Untracked 
|  28|0x00000000c1c00000, 0x00000000c1cfd1c0, 0x00000000c1d00000| 98%| O|  |TAMS 0x00000000c1cfd1c0, 0x00000000c1c00000| Untracked 
|  29|0x00000000c1d00000, 0x00000000c1dfffe0, 0x00000000c1e00000| 99%| O|  |TAMS 0x00000000c1dfffe0, 0x00000000c1d00000| Untracked 
|  30|0x00000000c1e00000, 0x00000000c1efffc8, 0x00000000c1f00000| 99%| O|  |TAMS 0x00000000c1efffc8, 0x00000000c1e00000| Untracked 
|  31|0x00000000c1f00000, 0x00000000c2000000, 0x00000000c2000000|100%| O|  |TAMS 0x00000000c2000000, 0x00000000c1f00000| Untracked 
|  32|0x00000000c2000000, 0x00000000c20ffff8, 0x00000000c2100000| 99%| O|  |TAMS 0x00000000c20ffff8, 0x00000000c2000000| Untracked 
|  33|0x00000000c2100000, 0x00000000c2200000, 0x00000000c2200000|100%| O|  |TAMS 0x00000000c2200000, 0x00000000c2100000| Untracked 
|  34|0x00000000c2200000, 0x00000000c22fc140, 0x00000000c2300000| 98%| O|  |TAMS 0x00000000c22fc140, 0x00000000c2200000| Untracked 
|  35|0x00000000c2300000, 0x00000000c23e81f0, 0x00000000c2400000| 90%| O|  |TAMS 0x00000000c2300000, 0x00000000c2300000| Untracked 
|  36|0x00000000c2400000, 0x00000000c24ffff8, 0x00000000c2500000| 99%| O|  |TAMS 0x00000000c24ffff8, 0x00000000c2400000| Untracked 
|  37|0x00000000c2500000, 0x00000000c258a800, 0x00000000c2600000| 54%| O|  |TAMS 0x00000000c2500000, 0x00000000c2500000| Untracked 
|  38|0x00000000c2600000, 0x00000000c2600000, 0x00000000c2700000|  0%| F|  |TAMS 0x00000000c2600000, 0x00000000c2600000| Untracked 
|  39|0x00000000c2700000, 0x00000000c2700000, 0x00000000c2800000|  0%| F|  |TAMS 0x00000000c2700000, 0x00000000c2700000| Untracked 
|  40|0x00000000c2800000, 0x00000000c2800000, 0x00000000c2900000|  0%| F|  |TAMS 0x00000000c2800000, 0x00000000c2800000| Untracked 
|  41|0x00000000c2900000, 0x00000000c2900000, 0x00000000c2a00000|  0%| F|  |TAMS 0x00000000c2900000, 0x00000000c2900000| Untracked 
|  42|0x00000000c2a00000, 0x00000000c2a00000, 0x00000000c2b00000|  0%| F|  |TAMS 0x00000000c2a00000, 0x00000000c2a00000| Untracked 
|  43|0x00000000c2b00000, 0x00000000c2b00000, 0x00000000c2c00000|  0%| F|  |TAMS 0x00000000c2b00000, 0x00000000c2b00000| Untracked 
|  44|0x00000000c2c00000, 0x00000000c2c00000, 0x00000000c2d00000|  0%| F|  |TAMS 0x00000000c2c00000, 0x00000000c2c00000| Untracked 
|  45|0x00000000c2d00000, 0x00000000c2d00000, 0x00000000c2e00000|  0%| F|  |TAMS 0x00000000c2d00000, 0x00000000c2d00000| Untracked 
|  46|0x00000000c2e00000, 0x00000000c2e00000, 0x00000000c2f00000|  0%| F|  |TAMS 0x00000000c2e00000, 0x00000000c2e00000| Untracked 
|  47|0x00000000c2f00000, 0x00000000c2f00000, 0x00000000c3000000|  0%| F|  |TAMS 0x00000000c2f00000, 0x00000000c2f00000| Untracked 
|  48|0x00000000c3000000, 0x00000000c3000000, 0x00000000c3100000|  0%| F|  |TAMS 0x00000000c3000000, 0x00000000c3000000| Untracked 
|  49|0x00000000c3100000, 0x00000000c3100000, 0x00000000c3200000|  0%| F|  |TAMS 0x00000000c3100000, 0x00000000c3100000| Untracked 
|  50|0x00000000c3200000, 0x00000000c3200000, 0x00000000c3300000|  0%| F|  |TAMS 0x00000000c3200000, 0x00000000c3200000| Untracked 
|  51|0x00000000c3300000, 0x00000000c3300000, 0x00000000c3400000|  0%| F|  |TAMS 0x00000000c3300000, 0x00000000c3300000| Untracked 
|  52|0x00000000c3400000, 0x00000000c3400000, 0x00000000c3500000|  0%| F|  |TAMS 0x00000000c3400000, 0x00000000c3400000| Untracked 
|  53|0x00000000c3500000, 0x00000000c3500000, 0x00000000c3600000|  0%| F|  |TAMS 0x00000000c3500000, 0x00000000c3500000| Untracked 
|  54|0x00000000c3600000, 0x00000000c3600000, 0x00000000c3700000|  0%| F|  |TAMS 0x00000000c3600000, 0x00000000c3600000| Untracked 
|  55|0x00000000c3700000, 0x00000000c3700000, 0x00000000c3800000|  0%| F|  |TAMS 0x00000000c3700000, 0x00000000c3700000| Untracked 
|  56|0x00000000c3800000, 0x00000000c3800000, 0x00000000c3900000|  0%| F|  |TAMS 0x00000000c3800000, 0x00000000c3800000| Untracked 
|  57|0x00000000c3900000, 0x00000000c3900000, 0x00000000c3a00000|  0%| F|  |TAMS 0x00000000c3900000, 0x00000000c3900000| Untracked 
|  58|0x00000000c3a00000, 0x00000000c3a00000, 0x00000000c3b00000|  0%| F|  |TAMS 0x00000000c3a00000, 0x00000000c3a00000| Untracked 
|  59|0x00000000c3b00000, 0x00000000c3b00000, 0x00000000c3c00000|  0%| F|  |TAMS 0x00000000c3b00000, 0x00000000c3b00000| Untracked 
|  60|0x00000000c3c00000, 0x00000000c3c00000, 0x00000000c3d00000|  0%| F|  |TAMS 0x00000000c3c00000, 0x00000000c3c00000| Untracked 
|  61|0x00000000c3d00000, 0x00000000c3d00000, 0x00000000c3e00000|  0%| F|  |TAMS 0x00000000c3d00000, 0x00000000c3d00000| Untracked 
|  62|0x00000000c3e00000, 0x00000000c3e00000, 0x00000000c3f00000|  0%| F|  |TAMS 0x00000000c3e00000, 0x00000000c3e00000| Untracked 
|  63|0x00000000c3f00000, 0x00000000c3f00000, 0x00000000c4000000|  0%| F|  |TAMS 0x00000000c3f00000, 0x00000000c3f00000| Untracked 
|  64|0x00000000c4000000, 0x00000000c4000000, 0x00000000c4100000|  0%| F|  |TAMS 0x00000000c4000000, 0x00000000c4000000| Untracked 
|  65|0x00000000c4100000, 0x00000000c4100000, 0x00000000c4200000|  0%| F|  |TAMS 0x00000000c4100000, 0x00000000c4100000| Untracked 
|  66|0x00000000c4200000, 0x00000000c4200000, 0x00000000c4300000|  0%| F|  |TAMS 0x00000000c4200000, 0x00000000c4200000| Untracked 
|  67|0x00000000c4300000, 0x00000000c4300000, 0x00000000c4400000|  0%| F|  |TAMS 0x00000000c4300000, 0x00000000c4300000| Untracked 
|  68|0x00000000c4400000, 0x00000000c4400000, 0x00000000c4500000|  0%| F|  |TAMS 0x00000000c4400000, 0x00000000c4400000| Untracked 
|  69|0x00000000c4500000, 0x00000000c4500000, 0x00000000c4600000|  0%| F|  |TAMS 0x00000000c4500000, 0x00000000c4500000| Untracked 
|  70|0x00000000c4600000, 0x00000000c4600000, 0x00000000c4700000|  0%| F|  |TAMS 0x00000000c4600000, 0x00000000c4600000| Untracked 
|  71|0x00000000c4700000, 0x00000000c4700000, 0x00000000c4800000|  0%| F|  |TAMS 0x00000000c4700000, 0x00000000c4700000| Untracked 
|  72|0x00000000c4800000, 0x00000000c4800000, 0x00000000c4900000|  0%| F|  |TAMS 0x00000000c4800000, 0x00000000c4800000| Untracked 
|  73|0x00000000c4900000, 0x00000000c4900000, 0x00000000c4a00000|  0%| F|  |TAMS 0x00000000c4900000, 0x00000000c4900000| Untracked 
|  74|0x00000000c4a00000, 0x00000000c4a00000, 0x00000000c4b00000|  0%| F|  |TAMS 0x00000000c4a00000, 0x00000000c4a00000| Untracked 
|  75|0x00000000c4b00000, 0x00000000c4b00000, 0x00000000c4c00000|  0%| F|  |TAMS 0x00000000c4b00000, 0x00000000c4b00000| Untracked 
|  76|0x00000000c4c00000, 0x00000000c4c00000, 0x00000000c4d00000|  0%| F|  |TAMS 0x00000000c4c00000, 0x00000000c4c00000| Untracked 
|  77|0x00000000c4d00000, 0x00000000c4d00000, 0x00000000c4e00000|  0%| F|  |TAMS 0x00000000c4d00000, 0x00000000c4d00000| Untracked 
|  78|0x00000000c4e00000, 0x00000000c4e00000, 0x00000000c4f00000|  0%| F|  |TAMS 0x00000000c4e00000, 0x00000000c4e00000| Untracked 
|  79|0x00000000c4f00000, 0x00000000c4f00000, 0x00000000c5000000|  0%| F|  |TAMS 0x00000000c4f00000, 0x00000000c4f00000| Untracked 
|  80|0x00000000c5000000, 0x00000000c5000000, 0x00000000c5100000|  0%| F|  |TAMS 0x00000000c5000000, 0x00000000c5000000| Untracked 
|  81|0x00000000c5100000, 0x00000000c5100000, 0x00000000c5200000|  0%| F|  |TAMS 0x00000000c5100000, 0x00000000c5100000| Untracked 
|  82|0x00000000c5200000, 0x00000000c5200000, 0x00000000c5300000|  0%| F|  |TAMS 0x00000000c5200000, 0x00000000c5200000| Untracked 
|  83|0x00000000c5300000, 0x00000000c5300000, 0x00000000c5400000|  0%| F|  |TAMS 0x00000000c5300000, 0x00000000c5300000| Untracked 
|  84|0x00000000c5400000, 0x00000000c5400000, 0x00000000c5500000|  0%| F|  |TAMS 0x00000000c5400000, 0x00000000c5400000| Untracked 
|  85|0x00000000c5500000, 0x00000000c5500000, 0x00000000c5600000|  0%| F|  |TAMS 0x00000000c5500000, 0x00000000c5500000| Untracked 
|  86|0x00000000c5600000, 0x00000000c5600000, 0x00000000c5700000|  0%| F|  |TAMS 0x00000000c5600000, 0x00000000c5600000| Untracked 
|  87|0x00000000c5700000, 0x00000000c5700000, 0x00000000c5800000|  0%| F|  |TAMS 0x00000000c5700000, 0x00000000c5700000| Untracked 
|  88|0x00000000c5800000, 0x00000000c5800000, 0x00000000c5900000|  0%| F|  |TAMS 0x00000000c5800000, 0x00000000c5800000| Untracked 
|  89|0x00000000c5900000, 0x00000000c5900000, 0x00000000c5a00000|  0%| F|  |TAMS 0x00000000c5900000, 0x00000000c5900000| Untracked 
|  90|0x00000000c5a00000, 0x00000000c5a00000, 0x00000000c5b00000|  0%| F|  |TAMS 0x00000000c5a00000, 0x00000000c5a00000| Untracked 
|  91|0x00000000c5b00000, 0x00000000c5b00000, 0x00000000c5c00000|  0%| F|  |TAMS 0x00000000c5b00000, 0x00000000c5b00000| Untracked 
|  92|0x00000000c5c00000, 0x00000000c5c00000, 0x00000000c5d00000|  0%| F|  |TAMS 0x00000000c5c00000, 0x00000000c5c00000| Untracked 
|  93|0x00000000c5d00000, 0x00000000c5d00000, 0x00000000c5e00000|  0%| F|  |TAMS 0x00000000c5d00000, 0x00000000c5d00000| Untracked 
|  94|0x00000000c5e00000, 0x00000000c5e00000, 0x00000000c5f00000|  0%| F|  |TAMS 0x00000000c5e00000, 0x00000000c5e00000| Untracked 
|  95|0x00000000c5f00000, 0x00000000c5f00000, 0x00000000c6000000|  0%| F|  |TAMS 0x00000000c5f00000, 0x00000000c5f00000| Untracked 
|  96|0x00000000c6000000, 0x00000000c6000000, 0x00000000c6100000|  0%| F|  |TAMS 0x00000000c6000000, 0x00000000c6000000| Untracked 
|  97|0x00000000c6100000, 0x00000000c6100000, 0x00000000c6200000|  0%| F|  |TAMS 0x00000000c6100000, 0x00000000c6100000| Untracked 
|  98|0x00000000c6200000, 0x00000000c6200000, 0x00000000c6300000|  0%| F|  |TAMS 0x00000000c6200000, 0x00000000c6200000| Untracked 
|  99|0x00000000c6300000, 0x00000000c6300000, 0x00000000c6400000|  0%| F|  |TAMS 0x00000000c6300000, 0x00000000c6300000| Untracked 
| 100|0x00000000c6400000, 0x00000000c6500000, 0x00000000c6500000|100%| O|  |TAMS 0x00000000c6500000, 0x00000000c6400000| Untracked 
| 101|0x00000000c6500000, 0x00000000c6600000, 0x00000000c6600000|100%| O|  |TAMS 0x00000000c6600000, 0x00000000c6500000| Untracked 
| 102|0x00000000c6600000, 0x00000000c6600000, 0x00000000c6700000|  0%| F|  |TAMS 0x00000000c6600000, 0x00000000c6600000| Untracked 
| 103|0x00000000c6700000, 0x00000000c6700000, 0x00000000c6800000|  0%| F|  |TAMS 0x00000000c6700000, 0x00000000c6700000| Untracked 
| 104|0x00000000c6800000, 0x00000000c6800000, 0x00000000c6900000|  0%| F|  |TAMS 0x00000000c6800000, 0x00000000c6800000| Untracked 
| 105|0x00000000c6900000, 0x00000000c6900000, 0x00000000c6a00000|  0%| F|  |TAMS 0x00000000c6900000, 0x00000000c6900000| Untracked 
| 106|0x00000000c6a00000, 0x00000000c6a066c0, 0x00000000c6b00000|  2%| E|  |TAMS 0x00000000c6a00000, 0x00000000c6a00000| Complete 

Card table byte_map: [0x0000029fe20d0000,0x0000029fe22d0000] _byte_map_base: 0x0000029fe1ad0000

Marking Bits (Prev, Next): (CMBitMap*) 0x0000029fdc160d20, (CMBitMap*) 0x0000029fdc160ce0
 Prev Bits: [0x0000029fe34d0000, 0x0000029fe44d0000)
 Next Bits: [0x0000029fe24d0000, 0x0000029fe34d0000)

Polling page: 0x0000029fda100000

Metaspace:

Usage:
  Non-class:     51.25 MB used.
      Class:      7.32 MB used.
       Both:     58.56 MB used.

Virtual space:
  Non-class space:       64.00 MB reserved,      51.50 MB ( 80%) committed,  1 nodes.
      Class space:        1.00 GB reserved,       7.56 MB ( <1%) committed,  1 nodes.
             Both:        1.06 GB reserved,      59.06 MB (  5%) committed. 

Chunk freelists:
   Non-Class:  12.35 MB
       Class:  8.48 MB
        Both:  20.83 MB

MaxMetaspaceSize: unlimited
CompressedClassSpaceSize: 1.00 GB
Initial GC threshold: 21.00 MB
Current GC threshold: 98.44 MB
CDS: off
MetaspaceReclaimPolicy: balanced
 - commit_granule_bytes: 65536.
 - commit_granule_words: 8192.
 - virtual_space_node_default_size: 8388608.
 - enlarge_chunks_in_place: 1.
 - new_chunks_are_fully_committed: 0.
 - uncommit_free_chunks: 1.
 - use_allocation_guard: 0.
 - handle_deallocations: 1.


Internal statistics:

num_allocs_failed_limit: 6.
num_arena_births: 740.
num_arena_deaths: 260.
num_vsnodes_births: 2.
num_vsnodes_deaths: 0.
num_space_committed: 945.
num_space_uncommitted: 0.
num_chunks_returned_to_freelist: 316.
num_chunks_taken_from_freelist: 2757.
num_chunk_merges: 99.
num_chunk_splits: 1818.
num_chunks_enlarged: 1358.
num_inconsistent_stats: 0.

CodeCache: size=49152Kb used=15648Kb max_used=17293Kb free=33503Kb
 bounds [0x0000029fdedc0000, 0x0000029fdfee0000, 0x0000029fe1dc0000]
 total_blobs=9148 nmethods=8470 adapters=604
 compilation: enabled
              stopped_count=0, restarted_count=0
 full_count=0

Compilation events (20 events):
Event: 17471.337 Thread 0x0000029fe70d4d50 8462       1       java.util.concurrent.SynchronousQueue::poll (38 bytes)
Event: 17471.338 Thread 0x0000029fe70d4d50 nmethod 8462 0x0000029fdfcd2a10 code [0x0000029fdfcd2be0, 0x0000029fdfcd2df8]
Event: 17476.963 Thread 0x0000029fe70d4d50 8463       1       java.util.concurrent.CompletableFuture::uniAcceptStage (54 bytes)
Event: 17476.964 Thread 0x0000029fe70d4d50 nmethod 8463 0x0000029fdfcd2290 code [0x0000029fdfcd2460, 0x0000029fdfcd2888]
Event: 17476.964 Thread 0x0000029fe70d4d50 8464       1       java.util.concurrent.CompletableFuture::screenExecutor (31 bytes)
Event: 17476.964 Thread 0x0000029fe70d4d50 nmethod 8464 0x0000029fdfcd1f10 code [0x0000029fdfcd20a0, 0x0000029fdfcd21c8]
Event: 17542.450 Thread 0x0000029fe70d4d50 8465       1       org.springframework.ide.vscode.commons.languageserver.util.TrackedDocument::getDocument (5 bytes)
Event: 17542.452 Thread 0x0000029fe70d4d50 nmethod 8465 0x0000029fdfcd1c10 code [0x0000029fdfcd1da0, 0x0000029fdfcd1e78]
Event: 17577.575 Thread 0x0000029fe70d4d50 8466       1       org.eclipse.lsp4j.jsonrpc.messages.NotificationMessage::<init> (5 bytes)
Event: 17577.576 Thread 0x0000029fe70d4d50 nmethod 8466 0x0000029fdfcd1910 code [0x0000029fdfcd1aa0, 0x0000029fdfcd1bb8]
Event: 17577.950 Thread 0x0000029fe70d4d50 8467   !   1       java.util.concurrent.CompletableFuture$UniAccept::tryFire (149 bytes)
Event: 17577.953 Thread 0x0000029fe70d4d50 nmethod 8467 0x0000029fdfccff90 code [0x0000029fdfcd02a0, 0x0000029fdfcd1168]
Event: 17581.365 Thread 0x0000029fe70d4d50 8468       1       java.util.concurrent.CompletableFuture::thenAccept (7 bytes)
Event: 17581.365 Thread 0x0000029fe70d4d50 nmethod 8468 0x0000029fdfccfc90 code [0x0000029fdfccfe20, 0x0000029fdfccff08]
Event: 17593.834 Thread 0x0000029fe70d4d50 8469       1       org.eclipse.lsp4j.TextDocumentIdentifier::<init> (5 bytes)
Event: 17593.834 Thread 0x0000029fe70d4d50 nmethod 8469 0x0000029fdfccf990 code [0x0000029fdfccfb20, 0x0000029fdfccfbd8]
Event: 17701.981 Thread 0x0000029fe70d4d50 8470       1       sun.nio.cs.StringUTF16::getChar (23 bytes)
Event: 17701.981 Thread 0x0000029fe70d4d50 nmethod 8470 0x0000029fdfccf690 code [0x0000029fdfccf820, 0x0000029fdfccf8f8]
Event: 17701.981 Thread 0x0000029fe70d4d50 8471       1       sun.nio.cs.DoubleByte$Encoder::encodeChar (21 bytes)
Event: 17701.981 Thread 0x0000029fe70d4d50 nmethod 8471 0x0000029fdfccf290 code [0x0000029fdfccf420, 0x0000029fdfccf558]

GC Heap History (20 events):
Event: 17661.532 GC heap before
{Heap before GC invocations=1671 (full 1651):
 garbage-first heap   total 109568K, used 40318K [0x00000000c0000000, 0x0000000100000000)
  region size 1024K, 1 young (1024K), 0 survivors (0K)
 Metaspace       used 59945K, committed 60480K, reserved 1114112K
  class space    used 7487K, committed 7744K, reserved 1048576K
}
Event: 17661.567 GC heap after
{Heap after GC invocations=1672 (full 1652):
 garbage-first heap   total 109568K, used 40316K [0x00000000c0000000, 0x0000000100000000)
  region size 1024K, 0 young (0K), 0 survivors (0K)
 Metaspace       used 59945K, committed 60480K, reserved 1114112K
  class space    used 7487K, committed 7744K, reserved 1048576K
}
Event: 17671.684 GC heap before
{Heap before GC invocations=1672 (full 1652):
 garbage-first heap   total 109568K, used 40316K [0x00000000c0000000, 0x0000000100000000)
  region size 1024K, 1 young (1024K), 0 survivors (0K)
 Metaspace       used 59945K, committed 60480K, reserved 1114112K
  class space    used 7487K, committed 7744K, reserved 1048576K
}
Event: 17671.712 GC heap after
{Heap after GC invocations=1673 (full 1653):
 garbage-first heap   total 109568K, used 40315K [0x00000000c0000000, 0x0000000100000000)
  region size 1024K, 0 young (0K), 0 survivors (0K)
 Metaspace       used 59945K, committed 60480K, reserved 1114112K
  class space    used 7487K, committed 7744K, reserved 1048576K
}
Event: 17681.799 GC heap before
{Heap before GC invocations=1673 (full 1653):
 garbage-first heap   total 109568K, used 40315K [0x00000000c0000000, 0x0000000100000000)
  region size 1024K, 1 young (1024K), 0 survivors (0K)
 Metaspace       used 59945K, committed 60480K, reserved 1114112K
  class space    used 7487K, committed 7744K, reserved 1048576K
}
Event: 17681.828 GC heap after
{Heap after GC invocations=1674 (full 1654):
 garbage-first heap   total 109568K, used 40315K [0x00000000c0000000, 0x0000000100000000)
  region size 1024K, 0 young (0K), 0 survivors (0K)
 Metaspace       used 59945K, committed 60480K, reserved 1114112K
  class space    used 7487K, committed 7744K, reserved 1048576K
}
Event: 17691.936 GC heap before
{Heap before GC invocations=1674 (full 1654):
 garbage-first heap   total 109568K, used 40315K [0x00000000c0000000, 0x0000000100000000)
  region size 1024K, 1 young (1024K), 0 survivors (0K)
 Metaspace       used 59945K, committed 60480K, reserved 1114112K
  class space    used 7487K, committed 7744K, reserved 1048576K
}
Event: 17691.966 GC heap after
{Heap after GC invocations=1675 (full 1655):
 garbage-first heap   total 109568K, used 40315K [0x00000000c0000000, 0x0000000100000000)
  region size 1024K, 0 young (0K), 0 survivors (0K)
 Metaspace       used 59945K, committed 60480K, reserved 1114112K
  class space    used 7487K, committed 7744K, reserved 1048576K
}
Event: 17712.087 GC heap before
{Heap before GC invocations=1675 (full 1655):
 garbage-first heap   total 109568K, used 40315K [0x00000000c0000000, 0x0000000100000000)
  region size 1024K, 1 young (1024K), 0 survivors (0K)
 Metaspace       used 59970K, committed 60480K, reserved 1114112K
  class space    used 7491K, committed 7744K, reserved 1048576K
}
Event: 17712.119 GC heap after
{Heap after GC invocations=1676 (full 1656):
 garbage-first heap   total 109568K, used 40330K [0x00000000c0000000, 0x0000000100000000)
  region size 1024K, 0 young (0K), 0 survivors (0K)
 Metaspace       used 59970K, committed 60480K, reserved 1114112K
  class space    used 7491K, committed 7744K, reserved 1048576K
}
Event: 17722.226 GC heap before
{Heap before GC invocations=1676 (full 1656):
 garbage-first heap   total 109568K, used 40330K [0x00000000c0000000, 0x0000000100000000)
  region size 1024K, 1 young (1024K), 0 survivors (0K)
 Metaspace       used 59970K, committed 60480K, reserved 1114112K
  class space    used 7491K, committed 7744K, reserved 1048576K
}
Event: 17722.255 GC heap after
{Heap after GC invocations=1677 (full 1657):
 garbage-first heap   total 109568K, used 40329K [0x00000000c0000000, 0x0000000100000000)
  region size 1024K, 0 young (0K), 0 survivors (0K)
 Metaspace       used 59970K, committed 60480K, reserved 1114112K
  class space    used 7491K, committed 7744K, reserved 1048576K
}
Event: 17732.353 GC heap before
{Heap before GC invocations=1677 (full 1657):
 garbage-first heap   total 109568K, used 40329K [0x00000000c0000000, 0x0000000100000000)
  region size 1024K, 1 young (1024K), 0 survivors (0K)
 Metaspace       used 59970K, committed 60480K, reserved 1114112K
  class space    used 7491K, committed 7744K, reserved 1048576K
}
Event: 17732.380 GC heap after
{Heap after GC invocations=1678 (full 1658):
 garbage-first heap   total 109568K, used 40329K [0x00000000c0000000, 0x0000000100000000)
  region size 1024K, 0 young (0K), 0 survivors (0K)
 Metaspace       used 59970K, committed 60480K, reserved 1114112K
  class space    used 7491K, committed 7744K, reserved 1048576K
}
Event: 17742.476 GC heap before
{Heap before GC invocations=1678 (full 1658):
 garbage-first heap   total 109568K, used 40329K [0x00000000c0000000, 0x0000000100000000)
  region size 1024K, 1 young (1024K), 0 survivors (0K)
 Metaspace       used 59970K, committed 60480K, reserved 1114112K
  class space    used 7491K, committed 7744K, reserved 1048576K
}
Event: 17742.506 GC heap after
{Heap after GC invocations=1679 (full 1659):
 garbage-first heap   total 109568K, used 40329K [0x00000000c0000000, 0x0000000100000000)
  region size 1024K, 0 young (0K), 0 survivors (0K)
 Metaspace       used 59970K, committed 60480K, reserved 1114112K
  class space    used 7491K, committed 7744K, reserved 1048576K
}
Event: 17752.613 GC heap before
{Heap before GC invocations=1679 (full 1659):
 garbage-first heap   total 109568K, used 40329K [0x00000000c0000000, 0x0000000100000000)
  region size 1024K, 1 young (1024K), 0 survivors (0K)
 Metaspace       used 59970K, committed 60480K, reserved 1114112K
  class space    used 7491K, committed 7744K, reserved 1048576K
}
Event: 17752.647 GC heap after
{Heap after GC invocations=1680 (full 1660):
 garbage-first heap   total 109568K, used 40329K [0x00000000c0000000, 0x0000000100000000)
  region size 1024K, 0 young (0K), 0 survivors (0K)
 Metaspace       used 59970K, committed 60480K, reserved 1114112K
  class space    used 7491K, committed 7744K, reserved 1048576K
}
Event: 17762.746 GC heap before
{Heap before GC invocations=1680 (full 1660):
 garbage-first heap   total 109568K, used 40329K [0x00000000c0000000, 0x0000000100000000)
  region size 1024K, 1 young (1024K), 0 survivors (0K)
 Metaspace       used 59970K, committed 60480K, reserved 1114112K
  class space    used 7491K, committed 7744K, reserved 1048576K
}
Event: 17762.776 GC heap after
{Heap after GC invocations=1681 (full 1661):
 garbage-first heap   total 109568K, used 40329K [0x00000000c0000000, 0x0000000100000000)
  region size 1024K, 0 young (0K), 0 survivors (0K)
 Metaspace       used 59970K, committed 60480K, reserved 1114112K
  class space    used 7491K, committed 7744K, reserved 1048576K
}

Dll operation events (9 events):
Event: 0.021 Loaded shared library c:\Users\aaa\.vscode\extensions\redhat.java-1.25.1-win32-x64\jre\17.0.9-win32-x86_64\bin\java.dll
Event: 0.274 Loaded shared library C:\Users\aaa\.vscode\extensions\redhat.java-1.25.1-win32-x64\jre\17.0.9-win32-x86_64\bin\net.dll
Event: 0.275 Loaded shared library C:\Users\aaa\.vscode\extensions\redhat.java-1.25.1-win32-x64\jre\17.0.9-win32-x86_64\bin\nio.dll
Event: 0.660 Loaded shared library C:\Users\aaa\.vscode\extensions\redhat.java-1.25.1-win32-x64\jre\17.0.9-win32-x86_64\bin\zip.dll
Event: 5.960 Loaded shared library C:\Users\aaa\.vscode\extensions\redhat.java-1.25.1-win32-x64\jre\17.0.9-win32-x86_64\bin\jimage.dll
Event: 8.813 Loaded shared library c:\Users\aaa\.vscode\extensions\redhat.java-1.25.1-win32-x64\jre\17.0.9-win32-x86_64\bin\verify.dll
Event: 9.604 Loaded shared library C:\Users\aaa\.vscode\extensions\redhat.java-1.25.1-win32-x64\jre\17.0.9-win32-x86_64\bin\management.dll
Event: 9.606 Loaded shared library C:\Users\aaa\.vscode\extensions\redhat.java-1.25.1-win32-x64\jre\17.0.9-win32-x86_64\bin\management_ext.dll
Event: 10.578 Loaded shared library C:\Users\aaa\.vscode\extensions\redhat.java-1.25.1-win32-x64\jre\17.0.9-win32-x86_64\bin\sunmscapi.dll

Deoptimization events (20 events):
Event: 11.335 Thread 0x0000029fecde89d0 DEOPT PACKING pc=0x0000029fdf7bbba6 sp=0x000000b821afe7c0
Event: 11.335 Thread 0x0000029fecde89d0 DEOPT UNPACKING pc=0x0000029fdee17143 sp=0x000000b821afdd48 mode 0
Event: 11.356 Thread 0x0000029fecde89d0 DEOPT PACKING pc=0x0000029fdf9078f8 sp=0x000000b821afc8f0
Event: 11.356 Thread 0x0000029fecde89d0 DEOPT UNPACKING pc=0x0000029fdee17143 sp=0x000000b821afbda8 mode 3
Event: 11.356 Thread 0x0000029fecde89d0 DEOPT PACKING pc=0x0000029fdf908d84 sp=0x000000b821afc800
Event: 11.356 Thread 0x0000029fecde89d0 DEOPT UNPACKING pc=0x0000029fdee17143 sp=0x000000b821afbce0 mode 3
Event: 11.432 Thread 0x0000029fecde89d0 DEOPT PACKING pc=0x0000029fdfa5b636 sp=0x000000b821afbc90
Event: 11.432 Thread 0x0000029fecde89d0 DEOPT UNPACKING pc=0x0000029fdee17143 sp=0x000000b821afb188 mode 3
Event: 11.524 Thread 0x0000029fecde89d0 DEOPT PACKING pc=0x0000029fdf9c678c sp=0x000000b821afe540
Event: 11.524 Thread 0x0000029fecde89d0 DEOPT UNPACKING pc=0x0000029fdee17143 sp=0x000000b821afdac0 mode 0
Event: 11.524 Thread 0x0000029fecde89d0 DEOPT PACKING pc=0x0000029fdf9c678c sp=0x000000b821afe7a0
Event: 11.524 Thread 0x0000029fecde89d0 DEOPT UNPACKING pc=0x0000029fdee17143 sp=0x000000b821afdd20 mode 0
Event: 11.528 Thread 0x0000029fecde89d0 DEOPT PACKING pc=0x0000029fdf9c678c sp=0x000000b821afec20
Event: 11.528 Thread 0x0000029fecde89d0 DEOPT UNPACKING pc=0x0000029fdee17143 sp=0x000000b821afe1a0 mode 0
Event: 266.960 Thread 0x0000029fe70d24c0 DEOPT PACKING pc=0x0000029fdf43dfd4 sp=0x000000b8213ff050
Event: 266.960 Thread 0x0000029fe70d24c0 DEOPT UNPACKING pc=0x0000029fdee17143 sp=0x000000b8213fe4d8 mode 0
Event: 1229.900 Thread 0x0000029fecde3de0 DEOPT PACKING pc=0x0000029fdf11a120 sp=0x000000b8202fd9e0
Event: 1229.900 Thread 0x0000029fecde3de0 DEOPT UNPACKING pc=0x0000029fdee17143 sp=0x000000b8202fce60 mode 3
Event: 5392.282 Thread 0x0000029fecde7fb0 DEOPT PACKING pc=0x0000029fdfb924d5 sp=0x000000b81fbfddc0
Event: 5392.282 Thread 0x0000029fecde7fb0 DEOPT UNPACKING pc=0x0000029fdee17143 sp=0x000000b81fbfd2e0 mode 3

Classes unloaded (20 events):
Event: 342.492 Thread 0x0000029fe7056c90 Unloading class 0x000000010045c400 'java/lang/invoke/LambdaForm$MH+0x000000010045c400'
Event: 342.492 Thread 0x0000029fe7056c90 Unloading class 0x00000001004e8800 'java/lang/invoke/LambdaForm$MH+0x00000001004e8800'
Event: 342.492 Thread 0x0000029fe7056c90 Unloading class 0x000000010051c000 'java/lang/invoke/LambdaForm$MH+0x000000010051c000'
Event: 342.492 Thread 0x0000029fe7056c90 Unloading class 0x000000010052d000 'java/lang/invoke/LambdaForm$MH+0x000000010052d000'
Event: 342.492 Thread 0x0000029fe7056c90 Unloading class 0x000000010052d800 'java/lang/invoke/LambdaForm$MH+0x000000010052d800'
Event: 342.492 Thread 0x0000029fe7056c90 Unloading class 0x0000000100620800 'java/lang/invoke/LambdaForm$MH+0x0000000100620800'
Event: 1412.381 Thread 0x0000029fe7056c90 Unloading class 0x0000000100089400 'java/lang/invoke/LambdaForm$MH+0x0000000100089400'
Event: 1412.381 Thread 0x0000029fe7056c90 Unloading class 0x000000010008ac00 'java/lang/invoke/LambdaForm$MH+0x000000010008ac00'
Event: 1412.381 Thread 0x0000029fe7056c90 Unloading class 0x0000000100088400 'java/lang/invoke/LambdaForm$MH+0x0000000100088400'
Event: 5576.760 Thread 0x0000029fe7056c90 Unloading class 0x0000000100769400 'java/lang/invoke/LambdaForm$MH+0x0000000100769400'
Event: 5576.760 Thread 0x0000029fe7056c90 Unloading class 0x0000000100769000 'java/lang/invoke/LambdaForm$MH+0x0000000100769000'
Event: 5576.760 Thread 0x0000029fe7056c90 Unloading class 0x0000000100768c00 'java/lang/invoke/LambdaForm$MH+0x0000000100768c00'
Event: 5576.760 Thread 0x0000029fe7056c90 Unloading class 0x0000000100768800 'java/lang/invoke/LambdaForm$MH+0x0000000100768800'
Event: 8450.592 Thread 0x0000029fe7056c90 Unloading class 0x0000000100768c00 'java/lang/invoke/LambdaForm$MH+0x0000000100768c00'
Event: 8450.592 Thread 0x0000029fe7056c90 Unloading class 0x0000000100768800 'java/lang/invoke/LambdaForm$MH+0x0000000100768800'
Event: 8450.592 Thread 0x0000029fe7056c90 Unloading class 0x0000000100769400 'java/lang/invoke/LambdaForm$MH+0x0000000100769400'
Event: 8490.728 Thread 0x0000029fe7056c90 Unloading class 0x0000000100784800 'java/lang/invoke/LambdaForm$MH+0x0000000100784800'
Event: 8490.728 Thread 0x0000029fe7056c90 Unloading class 0x0000000100784400 'java/lang/invoke/LambdaForm$MH+0x0000000100784400'
Event: 8490.728 Thread 0x0000029fe7056c90 Unloading class 0x0000000100784000 'java/lang/invoke/LambdaForm$MH+0x0000000100784000'
Event: 8490.728 Thread 0x0000029fe7056c90 Unloading class 0x0000000100769000 'java/lang/invoke/LambdaForm$MH+0x0000000100769000'

Classes redefined (0 events):
No events

Internal exceptions (20 events):
Event: 17396.212 Thread 0x0000029fecde5220 Exception <a 'sun/nio/fs/WindowsException'{0x00000000c6a1db40}> (0x00000000c6a1db40) 
thrown [s\src\hotspot\share\prims\jni.cpp, line 516]
Event: 17396.212 Thread 0x0000029fecde5220 Exception <a 'sun/nio/fs/WindowsException'{0x00000000c6a1de80}> (0x00000000c6a1de80) 
thrown [s\src\hotspot\share\prims\jni.cpp, line 516]
Event: 17396.212 Thread 0x0000029fecde5220 Exception <a 'sun/nio/fs/WindowsException'{0x00000000c6a1ee38}> (0x00000000c6a1ee38) 
thrown [s\src\hotspot\share\prims\jni.cpp, line 516]
Event: 17396.212 Thread 0x0000029fecde5220 Exception <a 'sun/nio/fs/WindowsException'{0x00000000c6a1f1b8}> (0x00000000c6a1f1b8) 
thrown [s\src\hotspot\share\prims\jni.cpp, line 516]
Event: 17396.212 Thread 0x0000029fecde5220 Exception <a 'sun/nio/fs/WindowsException'{0x00000000c6a1fec8}> (0x00000000c6a1fec8) 
thrown [s\src\hotspot\share\prims\jni.cpp, line 516]
Event: 17396.212 Thread 0x0000029fecde5220 Exception <a 'sun/nio/fs/WindowsException'{0x00000000c6a20548}> (0x00000000c6a20548) 
thrown [s\src\hotspot\share\prims\jni.cpp, line 516]
Event: 17396.212 Thread 0x0000029fecde5220 Exception <a 'sun/nio/fs/WindowsException'{0x00000000c6a20898}> (0x00000000c6a20898) 
thrown [s\src\hotspot\share\prims\jni.cpp, line 516]
Event: 17396.212 Thread 0x0000029fecde5220 Exception <a 'sun/nio/fs/WindowsException'{0x00000000c6a21868}> (0x00000000c6a21868) 
thrown [s\src\hotspot\share\prims\jni.cpp, line 516]
Event: 17396.212 Thread 0x0000029fecde5220 Exception <a 'sun/nio/fs/WindowsException'{0x00000000c6a21bf8}> (0x00000000c6a21bf8) 
thrown [s\src\hotspot\share\prims\jni.cpp, line 516]
Event: 17396.212 Thread 0x0000029fecde5220 Exception <a 'sun/nio/fs/WindowsException'{0x00000000c6a22908}> (0x00000000c6a22908) 
thrown [s\src\hotspot\share\prims\jni.cpp, line 516]
Event: 17396.213 Thread 0x0000029fecde5220 Exception <a 'sun/nio/fs/WindowsException'{0x00000000c6a22f88}> (0x00000000c6a22f88) 
thrown [s\src\hotspot\share\prims\jni.cpp, line 516]
Event: 17396.213 Thread 0x0000029fecde5220 Exception <a 'sun/nio/fs/WindowsException'{0x00000000c6a232d8}> (0x00000000c6a232d8) 
thrown [s\src\hotspot\share\prims\jni.cpp, line 516]
Event: 17396.213 Thread 0x0000029fecde5220 Exception <a 'sun/nio/fs/WindowsException'{0x00000000c6a242a8}> (0x00000000c6a242a8) 
thrown [s\src\hotspot\share\prims\jni.cpp, line 516]
Event: 17396.213 Thread 0x0000029fecde5220 Exception <a 'sun/nio/fs/WindowsException'{0x00000000c6a24638}> (0x00000000c6a24638) 
thrown [s\src\hotspot\share\prims\jni.cpp, line 516]
Event: 17396.213 Thread 0x0000029fecde5220 Exception <a 'sun/nio/fs/WindowsException'{0x00000000c6a25348}> (0x00000000c6a25348) 
thrown [s\src\hotspot\share\prims\jni.cpp, line 516]
Event: 17396.213 Thread 0x0000029fecde5220 Exception <a 'sun/nio/fs/WindowsException'{0x00000000c6a259c8}> (0x00000000c6a259c8) 
thrown [s\src\hotspot\share\prims\jni.cpp, line 516]
Event: 17396.213 Thread 0x0000029fecde5220 Exception <a 'sun/nio/fs/WindowsException'{0x00000000c6a25d18}> (0x00000000c6a25d18) 
thrown [s\src\hotspot\share\prims\jni.cpp, line 516]
Event: 17396.213 Thread 0x0000029fecde5220 Exception <a 'sun/nio/fs/WindowsException'{0x00000000c6a26ce8}> (0x00000000c6a26ce8) 
thrown [s\src\hotspot\share\prims\jni.cpp, line 516]
Event: 17396.213 Thread 0x0000029fecde5220 Exception <a 'sun/nio/fs/WindowsException'{0x00000000c6a27078}> (0x00000000c6a27078) 
thrown [s\src\hotspot\share\prims\jni.cpp, line 516]
Event: 17701.971 Thread 0x0000029fe70d1590 Exception <a 'java/io/IOException'{0x00000000c6a00640}: CreateProcess error=1455, 이 작업을 완료하기 위한 페이징 파일이 너무 작습니다> (0x00000000c6a00640) 
thrown [s\src\hotspot\share\prims\jni.cpp, line 535]

VM Operations (20 events):
Event: 17671.712 Executing VM operation: G1CollectFull done
Event: 17681.799 Executing VM operation: G1CollectFull
Event: 17681.828 Executing VM operation: G1CollectFull done
Event: 17691.936 Executing VM operation: G1CollectFull
Event: 17691.966 Executing VM operation: G1CollectFull done
Event: 17702.033 Executing VM operation: Cleanup
Event: 17702.033 Executing VM operation: Cleanup done
Event: 17712.086 Executing VM operation: G1CollectFull
Event: 17712.120 Executing VM operation: G1CollectFull done
Event: 17722.226 Executing VM operation: G1CollectFull
Event: 17722.255 Executing VM operation: G1CollectFull done
Event: 17732.353 Executing VM operation: G1CollectFull
Event: 17732.380 Executing VM operation: G1CollectFull done
Event: 17742.476 Executing VM operation: G1CollectFull
Event: 17742.506 Executing VM operation: G1CollectFull done
Event: 17752.613 Executing VM operation: G1CollectFull
Event: 17752.647 Executing VM operation: G1CollectFull done
Event: 17762.746 Executing VM operation: G1CollectFull
Event: 17762.776 Executing VM operation: G1CollectFull done
Event: 17772.835 Executing VM operation: G1CollectFull

Events (20 events):
Event: 8380.979 loading class java/util/stream/ReduceOps$6ReducingSink
Event: 8380.979 loading class java/util/stream/ReduceOps$6ReducingSink done
Event: 8380.995 Thread 0x0000029fe7ab83d0 Thread added: 0x0000029fe7ab83d0
Event: 8381.729 Thread 0x0000029fe7ab83d0 Thread exited: 0x0000029fe7ab83d0
Event: 8381.729 Thread 0x0000029fe716a870 Thread exited: 0x0000029fe716a870
Event: 8389.261 Thread 0x0000029fec017030 Thread exited: 0x0000029fec017030
Event: 8442.276 Thread 0x0000029fecde6b70 Thread exited: 0x0000029fecde6b70
Event: 8512.893 Thread 0x0000029fecde7fb0 Thread exited: 0x0000029fecde7fb0
Event: 17315.496 Thread 0x0000029fecde6150 Thread added: 0x0000029fecde6150
Event: 17396.211 Thread 0x0000029fecde9900 Thread added: 0x0000029fecde9900
Event: 17536.970 Thread 0x0000029fecde9900 Thread exited: 0x0000029fecde9900
Event: 17536.970 Thread 0x0000029fecde6150 Thread exited: 0x0000029fecde6150
Event: 17542.184 Thread 0x0000029fecde5730 Thread added: 0x0000029fecde5730
Event: 17542.185 Thread 0x0000029fecde7fb0 Thread added: 0x0000029fecde7fb0
Event: 17577.577 Thread 0x0000029fecde9900 Thread added: 0x0000029fecde9900
Event: 17637.579 Thread 0x0000029fecde9900 Thread exited: 0x0000029fecde9900
Event: 17653.722 Thread 0x0000029fecde5730 Thread exited: 0x0000029fecde5730
Event: 17666.666 Thread 0x0000029fecde7fb0 Thread exited: 0x0000029fecde7fb0
Event: 17701.980 loading class sun/nio/cs/StringUTF16
Event: 17701.980 loading class sun/nio/cs/StringUTF16 done


Dynamic libraries:
0x00007ff6874c0000 - 0x00007ff6874ce000 	c:\Users\aaa\.vscode\extensions\redhat.java-1.25.1-win32-x64\jre\17.0.9-win32-x86_64\bin\java.exe
0x00007ffb05b70000 - 0x00007ffb05d68000 	C:\WINDOWS\SYSTEM32\ntdll.dll
0x00007ffb049b0000 - 0x00007ffb04a6d000 	C:\WINDOWS\System32\KERNEL32.DLL
0x00007ffb03630000 - 0x00007ffb03926000 	C:\WINDOWS\System32\KERNELBASE.dll
0x00007ffb033a0000 - 0x00007ffb034a0000 	C:\WINDOWS\System32\ucrtbase.dll
0x00007ffaf8860000 - 0x00007ffaf8877000 	c:\Users\aaa\.vscode\extensions\redhat.java-1.25.1-win32-x64\jre\17.0.9-win32-x86_64\bin\jli.dll
0x00007ffb04f60000 - 0x00007ffb050fe000 	C:\WINDOWS\System32\USER32.dll
0x00007ffb03600000 - 0x00007ffb03622000 	C:\WINDOWS\System32\win32u.dll
0x00007ffb046f0000 - 0x00007ffb0471c000 	C:\WINDOWS\System32\GDI32.dll
0x00007ffb03930000 - 0x00007ffb03a4a000 	C:\WINDOWS\System32\gdi32full.dll
0x00007ffb03a50000 - 0x00007ffb03aed000 	C:\WINDOWS\System32\msvcp_win.dll
0x00007ffaf78b0000 - 0x00007ffaf78cb000 	c:\Users\aaa\.vscode\extensions\redhat.java-1.25.1-win32-x64\jre\17.0.9-win32-x86_64\bin\VCRUNTIME140.dll
0x00007ffadf8d0000 - 0x00007ffadfb6a000 	C:\WINDOWS\WinSxS\amd64_microsoft.windows.common-controls_6595b64144ccf1df_6.0.19041.3636_none_60b6a03d71f818d5\COMCTL32.dll
0x00007ffb04430000 - 0x00007ffb044ce000 	C:\WINDOWS\System32\msvcrt.dll
0x00007ffb04720000 - 0x00007ffb04750000 	C:\WINDOWS\System32\IMM32.DLL
0x00007ffaf94e0000 - 0x00007ffaf94ec000 	c:\Users\aaa\.vscode\extensions\redhat.java-1.25.1-win32-x64\jre\17.0.9-win32-x86_64\bin\vcruntime140_1.dll
0x00007ffaaafe0000 - 0x00007ffaab06d000 	c:\Users\aaa\.vscode\extensions\redhat.java-1.25.1-win32-x64\jre\17.0.9-win32-x86_64\bin\msvcp140.dll
0x00007ffa78b00000 - 0x00007ffa79761000 	c:\Users\aaa\.vscode\extensions\redhat.java-1.25.1-win32-x64\jre\17.0.9-win32-x86_64\bin\server\jvm.dll
0x00007ffb04900000 - 0x00007ffb049af000 	C:\WINDOWS\System32\ADVAPI32.dll
0x00007ffb03bd0000 - 0x00007ffb03c6c000 	C:\WINDOWS\System32\sechost.dll
0x00007ffb052b0000 - 0x00007ffb053d6000 	C:\WINDOWS\System32\RPCRT4.dll
0x00007ffb02760000 - 0x00007ffb027ab000 	C:\WINDOWS\SYSTEM32\POWRPROF.dll
0x00007ffaf52a0000 - 0x00007ffaf52a9000 	C:\WINDOWS\SYSTEM32\WSOCK32.dll
0x00007ffb05580000 - 0x00007ffb055eb000 	C:\WINDOWS\System32\WS2_32.dll
0x00007ffafa410000 - 0x00007ffafa437000 	C:\WINDOWS\SYSTEM32\WINMM.dll
0x00007ffafbe10000 - 0x00007ffafbe1a000 	C:\WINDOWS\SYSTEM32\VERSION.dll
0x00007ffb02670000 - 0x00007ffb02682000 	C:\WINDOWS\SYSTEM32\UMPDC.dll
0x00007ffb010f0000 - 0x00007ffb01102000 	C:\WINDOWS\SYSTEM32\kernel.appcore.dll
0x00007ffadde50000 - 0x00007ffadde5a000 	c:\Users\aaa\.vscode\extensions\redhat.java-1.25.1-win32-x64\jre\17.0.9-win32-x86_64\bin\jimage.dll
0x00007ffafe910000 - 0x00007ffafeaf4000 	C:\WINDOWS\SYSTEM32\DBGHELP.DLL
0x00007ffafe8d0000 - 0x00007ffafe904000 	C:\WINDOWS\SYSTEM32\dbgcore.DLL
0x00007ffb03af0000 - 0x00007ffb03b72000 	C:\WINDOWS\System32\bcryptPrimitives.dll
0x00007ffad0890000 - 0x00007ffad08b5000 	c:\Users\aaa\.vscode\extensions\redhat.java-1.25.1-win32-x64\jre\17.0.9-win32-x86_64\bin\java.dll
0x00007ffad6c10000 - 0x00007ffad6c28000 	c:\Users\aaa\.vscode\extensions\redhat.java-1.25.1-win32-x64\jre\17.0.9-win32-x86_64\bin\zip.dll
0x00007ffb03ce0000 - 0x00007ffb04425000 	C:\WINDOWS\System32\SHELL32.dll
0x00007ffb012f0000 - 0x00007ffb01a8b000 	C:\WINDOWS\SYSTEM32\windows.storage.dll
0x00007ffb056b0000 - 0x00007ffb05a04000 	C:\WINDOWS\System32\combase.dll
0x00007ffb02bb0000 - 0x00007ffb02bdd000 	C:\WINDOWS\SYSTEM32\Wldp.dll
0x00007ffb05440000 - 0x00007ffb054ed000 	C:\WINDOWS\System32\SHCORE.dll
0x00007ffb044d0000 - 0x00007ffb04525000 	C:\WINDOWS\System32\shlwapi.dll
0x00007ffb03180000 - 0x00007ffb031a5000 	C:\WINDOWS\SYSTEM32\profapi.dll
0x00007ffad0870000 - 0x00007ffad0889000 	C:\Users\aaa\.vscode\extensions\redhat.java-1.25.1-win32-x64\jre\17.0.9-win32-x86_64\bin\net.dll
0x00007ffafb400000 - 0x00007ffafb50a000 	C:\WINDOWS\SYSTEM32\WINHTTP.dll
0x00007ffb02990000 - 0x00007ffb029fa000 	C:\WINDOWS\system32\mswsock.dll
0x00007ffacb2d0000 - 0x00007ffacb2e6000 	C:\Users\aaa\.vscode\extensions\redhat.java-1.25.1-win32-x64\jre\17.0.9-win32-x86_64\bin\nio.dll
0x00007ffb02bf0000 - 0x00007ffb02c08000 	C:\WINDOWS\SYSTEM32\CRYPTSP.dll
0x00007ffb02210000 - 0x00007ffb02244000 	C:\WINDOWS\system32\rsaenh.dll
0x00007ffb03250000 - 0x00007ffb03277000 	C:\WINDOWS\System32\bcrypt.dll
0x00007ffb03100000 - 0x00007ffb0312e000 	C:\WINDOWS\SYSTEM32\USERENV.dll
0x00007ffb02b20000 - 0x00007ffb02b2c000 	C:\WINDOWS\SYSTEM32\CRYPTBASE.dll
0x00007ffb02630000 - 0x00007ffb0266b000 	C:\WINDOWS\SYSTEM32\IPHLPAPI.DLL
0x00007ffb056a0000 - 0x00007ffb056a8000 	C:\WINDOWS\System32\NSI.dll
0x00007ffafbfc0000 - 0x00007ffafbfd7000 	C:\WINDOWS\SYSTEM32\dhcpcsvc6.DLL
0x00007ffafbf40000 - 0x00007ffafbf5d000 	C:\WINDOWS\SYSTEM32\dhcpcsvc.DLL
0x00007ffb02690000 - 0x00007ffb0275a000 	C:\WINDOWS\SYSTEM32\DNSAPI.dll
0x00007ffadd8f0000 - 0x00007ffadd900000 	c:\Users\aaa\.vscode\extensions\redhat.java-1.25.1-win32-x64\jre\17.0.9-win32-x86_64\bin\verify.dll
0x00007ffad5730000 - 0x00007ffad5739000 	C:\Users\aaa\.vscode\extensions\redhat.java-1.25.1-win32-x64\jre\17.0.9-win32-x86_64\bin\management.dll
0x00007ffad5150000 - 0x00007ffad515b000 	C:\Users\aaa\.vscode\extensions\redhat.java-1.25.1-win32-x64\jre\17.0.9-win32-x86_64\bin\management_ext.dll
0x00007ffb054f0000 - 0x00007ffb054f8000 	C:\WINDOWS\System32\PSAPI.DLL
0x00007ffade0b0000 - 0x00007ffade0be000 	C:\Users\aaa\.vscode\extensions\redhat.java-1.25.1-win32-x64\jre\17.0.9-win32-x86_64\bin\sunmscapi.dll
0x00007ffb034a0000 - 0x00007ffb035fd000 	C:\WINDOWS\System32\CRYPT32.dll
0x00007ffb02d00000 - 0x00007ffb02d27000 	C:\WINDOWS\SYSTEM32\ncrypt.dll
0x00007ffb02cc0000 - 0x00007ffb02cfb000 	C:\WINDOWS\SYSTEM32\NTASN1.dll
0x00007ffaf4cc0000 - 0x00007ffaf4cca000 	C:\Windows\System32\rasadhlp.dll
0x00007ffafada0000 - 0x00007ffafae20000 	C:\WINDOWS\System32\fwpuclnt.dll

dbghelp: loaded successfully - version: 4.0.5 - missing functions: none
symbol engine: initialized successfully - sym options: 0x614 - pdb path: .;c:\Users\aaa\.vscode\extensions\redhat.java-1.25.1-win32-x64\jre\17.0.9-win32-x86_64\bin;C:\WINDOWS\SYSTEM32;C:\WINDOWS\WinSxS\amd64_microsoft.windows.common-controls_6595b64144ccf1df_6.0.19041.3636_none_60b6a03d71f818d5;c:\Users\aaa\.vscode\extensions\redhat.java-1.25.1-win32-x64\jre\17.0.9-win32-x86_64\bin\server

VM Arguments:
jvm_args: -XX:+HeapDumpOnOutOfMemoryError -Xmx1024m -Dsts.lsp.client=vscode -Dsts.log.file=/dev/null -XX:TieredStopAtLevel=1 -Xlog:jni+resolve=off -Dspring.config.location=file:c:\Users\aaa\.vscode\extensions\vmware.vscode-spring-boot-1.51.0\language-server\BOOT-INF\classes\application.properties 
java_command: org.springframework.ide.vscode.boot.app.BootLanguageServerBootApp
java_class_path (initial): c:\Users\aaa\.vscode\extensions\vmware.vscode-spring-boot-1.51.0\language-server\BOOT-INF\classes;c:\Users\aaa\.vscode\extensions\vmware.vscode-spring-boot-1.51.0\language-server\BOOT-INF\lib\annotations-24.1.0.jar;c:\Users\aaa\.vscode\extensions\vmware.vscode-spring-boot-1.51.0\language-server\BOOT-INF\lib\antlr-runtime-3.5.3.jar;c:\Users\aaa\.vscode\extensions\vmware.vscode-spring-boot-1.51.0\language-server\BOOT-INF\lib\antlr4-4.11.1.jar;c:\Users\aaa\.vscode\extensions\vmware.vscode-spring-boot-1.51.0\language-server\BOOT-INF\lib\antlr4-runtime-4.11.1.jar;c:\Users\aaa\.vscode\extensions\vmware.vscode-spring-boot-1.51.0\language-server\BOOT-INF\lib\asm-9.6.jar;c:\Users\aaa\.vscode\extensions\vmware.vscode-spring-boot-1.51.0\language-server\BOOT-INF\lib\asm-analysis-9.6.jar;c:\Users\aaa\.vscode\extensions\vmware.vscode-spring-boot-1.51.0\language-server\BOOT-INF\lib\asm-tree-9.6.jar;c:\Users\aaa\.vscode\extensions\vmware.vscode-spring-boot-1.51.0\language-server\BOOT-INF\lib\asm-util-9.6.jar;c:\Users\aaa\.vscode\extensions\vmware.vscode-spring-boot-1.51.0\language-server\BOOT-INF\lib\bosh-language-server-1.51.0-SNAPSHOT.jar;c:\Users\aaa\.vscode\extensions\vmware.vscode-spring-boot-1.51.0\language-server\BOOT-INF\lib\caffeine-3.1.8.jar;c:\Users\aaa\.vscode\extensions\vmware.vscode-spring-boot-1.51.0\language-server\BOOT-INF\lib\checker-qual-3.12.0.jar;c:\Users\aaa\.vscode\extensions\vmware.vscode-spring-boot-1.51.0\language-server\BOOT-INF\lib\classgraph-4.8.149.jar;c:\Users\aaa\.vscode\extensions\vmware.vscode-spring-boot-1.51.0\language-server\BOOT-INF\lib\commons-codec-1.15.jar;c:\Users\aaa\.vscode\extensions\vmware.vscode-spring-boot-1.51.0\language-server\BOOT-INF\lib\commons-compress-1.25.0.jar;c:\Users\aaa\.vscode\extensions\vmware.vscode-spring-boot-1.51.0\language-server\BOOT-INF\lib\commons-io-2.4.jar;c:\Users\aaa\.vscode\extensions\vmware.vscode-spring-boot-1.51.0\language-server\BOOT-INF\lib\commons-java-1.51.0-SNAPSHOT.jar;c
Launcher Type: SUN_STANDARD

[Global flags]
     intx CICompilerCount                          = 4                                         {product} {ergonomic}
     uint ConcGCThreads                            = 2                                         {product} {ergonomic}
     uint G1ConcRefinementThreads                  = 8                                         {product} {ergonomic}
   size_t G1HeapRegionSize                         = 1048576                                   {product} {ergonomic}
    uintx GCDrainStackTargetSize                   = 64                                        {product} {ergonomic}
     bool HeapDumpOnOutOfMemoryError               = true                                   {manageable} {command line}
   size_t InitialHeapSize                          = 536870912                                 {product} {ergonomic}
   size_t MarkStackSize                            = 4194304                                   {product} {ergonomic}
   size_t MaxHeapSize                              = 1073741824                                {product} {command line}
   size_t MaxNewSize                               = 643825664                                 {product} {ergonomic}
   size_t MinHeapDeltaBytes                        = 1048576                                   {product} {ergonomic}
   size_t MinHeapSize                              = 8388608                                   {product} {ergonomic}
    uintx NonProfiledCodeHeapSize                  = 0                                      {pd product} {ergonomic}
     bool ProfileInterpreter                       = false                                  {pd product} {command line}
    uintx ProfiledCodeHeapSize                     = 0                                      {pd product} {ergonomic}
   size_t SoftMaxHeapSize                          = 1073741824                             {manageable} {ergonomic}
     intx TieredStopAtLevel                        = 1                                         {product} {command line}
     bool UseCompressedClassPointers               = true                           {product lp64_product} {ergonomic}
     bool UseCompressedOops                        = true                           {product lp64_product} {ergonomic}
     bool UseG1GC                                  = true                                      {product} {ergonomic}
     bool UseLargePagesIndividualAllocation        = false                                  {pd product} {ergonomic}

Logging:
Log output configuration:
 #0: stdout all=warning,jni+resolve=off uptime,level,tags
 #1: stderr all=off uptime,level,tags

Environment Variables:
JAVA_HOME=C:\JDK\jdk-17.0.6
CLASSPATH=C:\JDK\jdk-17.0.6\lib;.;C:\apache-tomcat-10.1.7\lib\servlet-api.jar;
PATH=C:\Oracle\product\21c\dbhomeXE\bin;C:\WINDOWS\system32;C:\WINDOWS;C:\WINDOWS\System32\Wbem;C:\WINDOWS\System32\WindowsPowerShell\v1.0\;C:\WINDOWS\System32\OpenSSH\;C:\Program Files\Bandizip\;C:\Program Files\Git\cmd;C:\Program Files\Docker\Docker\resources\bin;C:\nodejs\;C:\Users\aaa\AppData\Local\Programs\Python\Python311\Scripts\;C:\Users\aaa\AppData\Local\Programs\Python\Python311\;C:\Users\aaa\AppData\Local\Microsoft\WindowsApps;C:\Users\aaa\AppData\Local\Programs\Microsoft VS Code\bin;C:\JDK\jdk-17.0.6\bin;C:\Users\aaa\AppData\Roaming\npm;C:\Program Files\JetBrains\IntelliJ IDEA 2023.2.5\bin;
USERNAME=aaa
OS=Windows_NT
PROCESSOR_IDENTIFIER=Intel64 Family 6 Model 158 Stepping 13, GenuineIntel
TMP=C:\Users\aaa\AppData\Local\Temp
TEMP=C:\Users\aaa\AppData\Local\Temp



Periodic native trim disabled


---------------  S Y S T E M  ---------------

OS:
 Windows 10 , 64 bit Build 19041 (10.0.19041.3636)
OS uptime: 1 days 0:46 hours
Hyper-V role detected

CPU: total 8 (initial active 8) (8 cores per cpu, 1 threads per core) family 6 model 158 stepping 13 microcode 0xaa, cx8, cmov, fxsr, mmx, 3dnowpref, sse, sse2, sse3, ssse3, sse4.1, sse4.2, popcnt, lzcnt, tsc, tscinvbit, avx, avx2, aes, erms, clmul, bmi1, bmi2, rtm, adx, fma, vzeroupper, clflush, clflushopt, hv
Processor Information for all 8 processors :
  Max Mhz: 3000, Current Mhz: 3000, Mhz Limit: 3000

Memory: 4k page, system-wide physical 32700M (8320M free)
TotalPageFile size 37683M (AvailPageFile size 9M)
current process WorkingSet (physical memory assigned to process): 120M, peak: 335M
current process commit charge ("private bytes"): 282M, peak: 634M

vm_info: OpenJDK 64-Bit Server VM (17.0.9+9) for windows-amd64 JRE (17.0.9+9), built on Oct 26 2023 14:01:42 by "admin" with MS VC++ 16.10 / 16.11 (VS2019)

END.
