#
# There is insufficient memory for the Java Runtime Environment to continue.
# Native memory allocation (malloc) failed to allocate 1149136 bytes for Chunk::new
# Possible reasons:
#   The system is out of physical RAM or swap space
#   The process is running with CompressedOops enabled, and the Java Heap may be blocking the growth of the native heap
# Possible solutions:
#   Reduce memory load on the system
#   Increase physical memory or swap space
#   Check if swap backing store is full
#   Decrease Java heap size (-Xmx/-Xms)
#   Decrease number of Java threads
#   Decrease Java thread stack sizes (-Xss)
#   Set larger code cache with -XX:ReservedCodeCacheSize=
#   JVM is running with Unscaled Compressed Oops mode in which the Java heap is
#     placed in the first 4GB address space. The Java Heap base address is the
#     maximum limit for the native heap growth. Please use -XX:HeapBaseMinAddress
#     to set the Java Heap base and to place the Java Heap above 4GB virtual address.
# This output file may be truncated or incomplete.
#
#  Out of Memory Error (arena.cpp:189), pid=2756, tid=13992
#
# JRE version: Java(TM) SE Runtime Environment (17.0.6+9) (build 17.0.6+9-LTS-190)
# Java VM: Java HotSpot(TM) 64-Bit Server VM (17.0.6+9-LTS-190, mixed mode, sharing, tiered, compressed oops, compressed class ptrs, g1 gc, windows-amd64)
# No core dump will be written. Minidumps are not enabled by default on client versions of Windows
#

---------------  S U M M A R Y ------------

Command Line: --add-opens=java.base/java.util=ALL-UNNAMED --add-opens=java.base/java.lang=ALL-UNNAMED --add-opens=java.base/java.lang.invoke=ALL-UNNAMED --add-opens=java.prefs/java.util.prefs=ALL-UNNAMED --add-opens=java.base/java.nio.charset=ALL-UNNAMED --add-opens=java.base/java.net=ALL-UNNAMED --add-opens=java.base/java.util.concurrent.atomic=ALL-UNNAMED -XX:MaxMetaspaceSize=384m -XX:+HeapDumpOnOutOfMemoryError -Xms256m -Xmx512m -Dfile.encoding=x-windows-949 -Duser.country=KR -Duser.language=ko -Duser.variant -javaagent:C:\Users\aaa\.gradle\wrapper\dists\gradle-8.5-bin\5t9huq95ubn472n8rpzujfbqh\gradle-8.5\lib\agents\gradle-instrumentation-agent-8.5.jar org.gradle.launcher.daemon.bootstrap.GradleDaemon 8.5

Host: Intel(R) Core(TM) i7-9700 CPU @ 3.00GHz, 8 cores, 31G,  Windows 10 , 64 bit Build 19041 (10.0.19041.3636)
Time: Mon Dec 18 09:53:18 2023  Windows 10 , 64 bit Build 19041 (10.0.19041.3636) elapsed time: 84.737243 seconds (0d 0h 1m 24s)

---------------  T H R E A D  ---------------

Current thread (0x000001e56e58a360):  JavaThread "C2 CompilerThread0" daemon [_thread_in_native, id=13992, stack(0x000000add9400000,0x000000add9500000)]


Current CompileTask:
C2:  84737 13130       4       io.spring.gradle.dependencymanagement.org.apache.maven.model.inheritance.DefaultInheritanceAssembler$InheritanceModelMerger::mergePluginContainer_Plugins (430 bytes)

Stack: [0x000000add9400000,0x000000add9500000]
Native frames: (J=compiled Java code, j=interpreted, Vv=VM code, C=native code)
V  [jvm.dll+0x6734ea]
V  [jvm.dll+0x7d18f4]
V  [jvm.dll+0x7d309e]
V  [jvm.dll+0x7d3703]
V  [jvm.dll+0x2433c5]
V  [jvm.dll+0xaa46b]
V  [jvm.dll+0xaaa0c]
V  [jvm.dll+0x2a8b1f]
V  [jvm.dll+0x57bf85]
V  [jvm.dll+0x21e142]
V  [jvm.dll+0x21e51f]
V  [jvm.dll+0x217c36]
V  [jvm.dll+0x215109]
V  [jvm.dll+0x1a1730]
V  [jvm.dll+0x224b6e]
V  [jvm.dll+0x222f15]
V  [jvm.dll+0x78753c]
V  [jvm.dll+0x781a7a]
V  [jvm.dll+0x672375]
C  [ucrtbase.dll+0x21bb2]
C  [KERNEL32.DLL+0x17344]
C  [ntdll.dll+0x526b1]


---------------  P R O C E S S  ---------------

Threads class SMR info:
_java_thread_list=0x000001e571d23870, length=126, elements={
0x000001e553c72100, 0x000001e56e5630b0, 0x000001e56e565e40, 0x000001e56e5859a0,
0x000001e56e583320, 0x000001e56e584b30, 0x000001e56e585000, 0x000001e56e58a360,
0x000001e56e58e430, 0x000001e56e58fd40, 0x000001e56e5854d0, 0x000001e56e581fe0,
0x000001e56e5824b0, 0x000001e56e583cc0, 0x000001e56e582980, 0x000001e56e584190,
0x000001e56e584660, 0x000001e5707e87f0, 0x000001e5707eb340, 0x000001e5707e6fe0,
0x000001e5707e8cc0, 0x000001e5707e74b0, 0x000001e5707ea4d0, 0x000001e5707ea000,
0x000001e5707ea9a0, 0x000001e5707eb810, 0x000001e5707ec680, 0x000001e5707ed020,
0x000001e571ed58a0, 0x000001e571ed1ee0, 0x000001e571ed23b0, 0x000001e571ed2d50,
0x000001e571ed2880, 0x000001e571ed3220, 0x000001e574716d00, 0x000001e574711660,
0x000001e5747171d0, 0x000001e5747124d0, 0x000001e574713340, 0x000001e574718040,
0x000001e5747129a0, 0x000001e5747159c0, 0x000001e574715e90, 0x000001e574718eb0,
0x000001e574716360, 0x000001e574712e70, 0x000001e574716830, 0x000001e5747189e0,
0x000001e574713810, 0x000001e574713ce0, 0x000001e5747141b0, 0x000001e574714680,
0x000001e574714b50, 0x000001e574715020, 0x000001e5772420c0, 0x000001e577245a80,
0x000001e577244c10, 0x000001e577244270, 0x000001e577242a60, 0x000001e577240d80,
0x000001e577242590, 0x000001e577241720, 0x000001e57723ebd0, 0x000001e5772450e0,
0x000001e577242f30, 0x000001e577241250, 0x000001e577243da0, 0x000001e577243400,
0x000001e5772455b0, 0x000001e577245f50, 0x000001e57723f0a0, 0x000001e577244740,
0x000001e577246420, 0x000001e57723f570, 0x000001e5772438d0, 0x000001e57723fa40,
0x000001e57723ff10, 0x000001e5772403e0, 0x000001e5772408b0, 0x000001e571c92ef0,
0x000001e571c95f10, 0x000001e571c916e0, 0x000001e571c94230, 0x000001e571c91bb0,
0x000001e571c92550, 0x000001e571c95a40, 0x000001e571c90870, 0x000001e571c90d40,
0x000001e571c968b0, 0x000001e571c92080, 0x000001e571c92a20, 0x000001e571c950a0,
0x000001e571c8f060, 0x000001e571c963e0, 0x000001e571c933c0, 0x000001e571c95570,
0x000001e571c8fa00, 0x000001e571c94700, 0x000001e571c94bd0, 0x000001e571c8fed0,
0x000001e571c93890, 0x000001e571c903a0, 0x000001e571c93d60, 0x000001e571c8f530,
0x000001e575967720, 0x000001e575968a60, 0x000001e575969da0, 0x000001e57596a270,
0x000001e575969400, 0x000001e575968f30, 0x000001e57596a740, 0x000001e57596ac10,
0x000001e575967250, 0x000001e5759698d0, 0x000001e575967bf0, 0x000001e5759680c0,
0x000001e5707e7980, 0x000001e5707ecb50, 0x000001e5707e7e50, 0x000001e5707e8320,
0x000001e5707e5ca0, 0x000001e5707e9190, 0x000001e5707e57d0, 0x000001e5707e9660,
0x000001e574b20cb0, 0x000001e574b211c0
}

Java Threads: ( => current thread )
  0x000001e553c72100 JavaThread "main" [_thread_blocked, id=16752, stack(0x000000add8700000,0x000000add8800000)]
  0x000001e56e5630b0 JavaThread "Reference Handler" daemon [_thread_blocked, id=2744, stack(0x000000add8e00000,0x000000add8f00000)]
  0x000001e56e565e40 JavaThread "Finalizer" daemon [_thread_blocked, id=20776, stack(0x000000add8f00000,0x000000add9000000)]
  0x000001e56e5859a0 JavaThread "Signal Dispatcher" daemon [_thread_blocked, id=19900, stack(0x000000add9000000,0x000000add9100000)]
  0x000001e56e583320 JavaThread "Attach Listener" daemon [_thread_blocked, id=16816, stack(0x000000add9100000,0x000000add9200000)]
  0x000001e56e584b30 JavaThread "Service Thread" daemon [_thread_blocked, id=18540, stack(0x000000add9200000,0x000000add9300000)]
  0x000001e56e585000 JavaThread "Monitor Deflation Thread" daemon [_thread_blocked, id=15284, stack(0x000000add9300000,0x000000add9400000)]
=>0x000001e56e58a360 JavaThread "C2 CompilerThread0" daemon [_thread_in_native, id=13992, stack(0x000000add9400000,0x000000add9500000)]
  0x000001e56e58e430 JavaThread "C1 CompilerThread0" daemon [_thread_blocked, id=18452, stack(0x000000add9500000,0x000000add9600000)]
  0x000001e56e58fd40 JavaThread "Sweeper thread" daemon [_thread_blocked, id=21420, stack(0x000000add9600000,0x000000add9700000)]
  0x000001e56e5854d0 JavaThread "Common-Cleaner" daemon [_thread_blocked, id=21272, stack(0x000000add9700000,0x000000add9800000)]
  0x000001e56e581fe0 JavaThread "Notification Thread" daemon [_thread_blocked, id=14956, stack(0x000000add9800000,0x000000add9900000)]
  0x000001e56e5824b0 JavaThread "Daemon health stats" [_thread_blocked, id=18792, stack(0x000000adda100000,0x000000adda200000)]
  0x000001e56e583cc0 JavaThread "Incoming local TCP Connector on port 55717" [_thread_in_native, id=20332, stack(0x000000adda200000,0x000000adda300000)]
  0x000001e56e582980 JavaThread "Daemon periodic checks" [_thread_blocked, id=22080, stack(0x000000adda300000,0x000000adda400000)]
  0x000001e56e584190 JavaThread "Daemon" [_thread_blocked, id=17852, stack(0x000000adda400000,0x000000adda500000)]
  0x000001e56e584660 JavaThread "Daemon worker" [_thread_in_native, id=304, stack(0x000000adda700000,0x000000adda800000)]
  0x000001e5707e87f0 JavaThread "Cache worker for journal cache (C:\Users\aaa\.gradle\caches\journal-1)" [_thread_blocked, id=22444, stack(0x000000addab00000,0x000000addac00000)]
  0x000001e5707eb340 JavaThread "File lock request listener" [_thread_in_native, id=8388, stack(0x000000addac00000,0x000000addad00000)]
  0x000001e5707e6fe0 JavaThread "Cache worker for file hash cache (C:\Users\aaa\.gradle\caches\8.5\fileHashes)" [_thread_blocked, id=18096, stack(0x000000addad00000,0x000000addae00000)]
  0x000001e5707e8cc0 JavaThread "File lock release action executor" [_thread_blocked, id=32, stack(0x000000addae00000,0x000000addaf00000)]
  0x000001e5707e74b0 JavaThread "File watcher server" daemon [_thread_in_native, id=1672, stack(0x000000addaf00000,0x000000addb000000)]
  0x000001e5707ea4d0 JavaThread "File watcher consumer" daemon [_thread_blocked, id=22128, stack(0x000000addb000000,0x000000addb100000)]
  0x000001e5707ea000 JavaThread "Cache worker for file content cache (C:\Users\aaa\.gradle\caches\8.5\fileContent)" [_thread_blocked, id=8160, stack(0x000000addb600000,0x000000addb700000)]
  0x000001e5707ea9a0 JavaThread "Cache worker for execution history cache (C:\Users\aaa\.gradle\caches\8.5\executionHistory)" [_thread_blocked, id=5588, stack(0x000000addb700000,0x000000addb800000)]
  0x000001e5707eb810 JavaThread "jar transforms" [_thread_blocked, id=19492, stack(0x000000addba00000,0x000000addbb00000)]
  0x000001e5707ec680 JavaThread "jar transforms Thread 2" [_thread_blocked, id=6368, stack(0x000000addbb00000,0x000000addbc00000)]
  0x000001e5707ed020 JavaThread "jar transforms Thread 3" [_thread_blocked, id=868, stack(0x000000addbd00000,0x000000addbe00000)]
  0x000001e571ed58a0 JavaThread "jar transforms Thread 4" [_thread_blocked, id=2840, stack(0x000000addc600000,0x000000addc700000)]
  0x000001e571ed1ee0 JavaThread "jar transforms Thread 5" [_thread_blocked, id=17004, stack(0x000000addc700000,0x000000addc800000)]
  0x000001e571ed23b0 JavaThread "jar transforms Thread 6" [_thread_blocked, id=21584, stack(0x000000addc800000,0x000000addc900000)]
  0x000001e571ed2d50 JavaThread "jar transforms Thread 7" [_thread_blocked, id=10580, stack(0x000000addc900000,0x000000addca00000)]
  0x000001e571ed2880 JavaThread "jar transforms Thread 8" [_thread_blocked, id=11612, stack(0x000000addca00000,0x000000addcb00000)]
  0x000001e571ed3220 JavaThread "Memory manager" [_thread_blocked, id=20844, stack(0x000000addcb00000,0x000000addcc00000)]
  0x000001e574716d00 JavaThread "Handler for socket connection from /127.0.0.1:55717 to /127.0.0.1:55728" [_thread_in_native, id=19700, stack(0x000000add9a00000,0x000000add9b00000)]
  0x000001e574711660 JavaThread "Cancel handler" [_thread_blocked, id=22172, stack(0x000000adda000000,0x000000adda100000)]
  0x000001e5747171d0 JavaThread "Asynchronous log dispatcher for DefaultDaemonConnection: socket connection from /127.0.0.1:55717 to /127.0.0.1:55728" [_thread_blocked, id=22092, stack(0x000000adda500000,0x000000adda600000)]
  0x000001e5747124d0 JavaThread "Daemon client event forwarder" [_thread_blocked, id=21876, stack(0x000000adda800000,0x000000adda900000)]
  0x000001e574713340 JavaThread "Cache worker for checksums cache (C:\TeamProject\backend\.gradle\8.5\checksums)" [_thread_blocked, id=10680, stack(0x000000adda900000,0x000000addaa00000)]
  0x000001e574718040 JavaThread "Cache worker for file hash cache (C:\TeamProject\backend\.gradle\8.5\fileHashes)" [_thread_blocked, id=17796, stack(0x000000addaa00000,0x000000addab00000)]
  0x000001e5747129a0 JavaThread "Cache worker for cache directory md-supplier (C:\Users\aaa\.gradle\caches\8.5\md-supplier)" [_thread_blocked, id=10908, stack(0x000000addb400000,0x000000addb500000)]
  0x000001e5747159c0 JavaThread "Cache worker for cache directory md-rule (C:\Users\aaa\.gradle\caches\8.5\md-rule)" [_thread_blocked, id=19468, stack(0x000000addb500000,0x000000addb600000)]
  0x000001e574715e90 JavaThread "Cache worker for dependencies-accessors (C:\TeamProject\backend\.gradle\8.5\dependencies-accessors)" [_thread_blocked, id=22252, stack(0x000000addbc00000,0x000000addbd00000)]
  0x000001e574718eb0 JavaThread "Cache worker for Build Output Cleanup Cache (C:\TeamProject\backend\.gradle\buildOutputCleanup)" [_thread_blocked, id=20936, stack(0x000000addbe00000,0x000000addbf00000)]
  0x000001e574716360 JavaThread "Unconstrained build operations" [_thread_blocked, id=21276, stack(0x000000addbf00000,0x000000addc000000)]
  0x000001e574712e70 JavaThread "Unconstrained build operations Thread 2" [_thread_blocked, id=9456, stack(0x000000addc000000,0x000000addc100000)]
  0x000001e574716830 JavaThread "Unconstrained build operations Thread 3" [_thread_blocked, id=5116, stack(0x000000addc100000,0x000000addc200000)]
  0x000001e5747189e0 JavaThread "Unconstrained build operations Thread 4" [_thread_blocked, id=19632, stack(0x000000addc200000,0x000000addc300000)]
  0x000001e574713810 JavaThread "Unconstrained build operations Thread 5" [_thread_blocked, id=20464, stack(0x000000addc300000,0x000000addc400000)]
  0x000001e574713ce0 JavaThread "Unconstrained build operations Thread 6" [_thread_blocked, id=784, stack(0x000000addc400000,0x000000addc500000)]
  0x000001e5747141b0 JavaThread "Unconstrained build operations Thread 7" [_thread_blocked, id=16248, stack(0x000000addc500000,0x000000addc600000)]
  0x000001e574714680 JavaThread "Unconstrained build operations Thread 8" [_thread_blocked, id=9976, stack(0x000000addcd00000,0x000000addce00000)]
  0x000001e574714b50 JavaThread "Unconstrained build operations Thread 9" [_thread_blocked, id=21308, stack(0x000000addce00000,0x000000addcf00000)]
  0x000001e574715020 JavaThread "Unconstrained build operations Thread 10" [_thread_blocked, id=20768, stack(0x000000addcf00000,0x000000addd000000)]
  0x000001e5772420c0 JavaThread "Unconstrained build operations Thread 11" [_thread_blocked, id=17972, stack(0x000000addd000000,0x000000addd100000)]
  0x000001e577245a80 JavaThread "Unconstrained build operations Thread 12" [_thread_blocked, id=21168, stack(0x000000addd100000,0x000000addd200000)]
  0x000001e577244c10 JavaThread "Unconstrained build operations Thread 13" [_thread_blocked, id=13684, stack(0x000000addd200000,0x000000addd300000)]
  0x000001e577244270 JavaThread "Unconstrained build operations Thread 14" [_thread_blocked, id=22324, stack(0x000000addd300000,0x000000addd400000)]
  0x000001e577242a60 JavaThread "Unconstrained build operations Thread 15" [_thread_blocked, id=3996, stack(0x000000addd400000,0x000000addd500000)]
  0x000001e577240d80 JavaThread "Unconstrained build operations Thread 16" [_thread_blocked, id=10564, stack(0x000000addd500000,0x000000addd600000)]
  0x000001e577242590 JavaThread "Unconstrained build operations Thread 17" [_thread_blocked, id=11140, stack(0x000000addd600000,0x000000addd700000)]
  0x000001e577241720 JavaThread "Unconstrained build operations Thread 18" [_thread_blocked, id=22268, stack(0x000000addd700000,0x000000addd800000)]
  0x000001e57723ebd0 JavaThread "Unconstrained build operations Thread 19" [_thread_blocked, id=4428, stack(0x000000addd800000,0x000000addd900000)]
  0x000001e5772450e0 JavaThread "Unconstrained build operations Thread 20" [_thread_blocked, id=17344, stack(0x000000addd900000,0x000000addda00000)]
  0x000001e577242f30 JavaThread "Unconstrained build operations Thread 21" [_thread_blocked, id=2252, stack(0x000000addda00000,0x000000adddb00000)]
  0x000001e577241250 JavaThread "Unconstrained build operations Thread 22" [_thread_blocked, id=18720, stack(0x000000adddb00000,0x000000adddc00000)]
  0x000001e577243da0 JavaThread "Unconstrained build operations Thread 23" [_thread_blocked, id=19696, stack(0x000000adddc00000,0x000000adddd00000)]
  0x000001e577243400 JavaThread "Unconstrained build operations Thread 24" [_thread_blocked, id=10416, stack(0x000000adddd00000,0x000000addde00000)]
  0x000001e5772455b0 JavaThread "Unconstrained build operations Thread 25" [_thread_blocked, id=19068, stack(0x000000addde00000,0x000000adddf00000)]
  0x000001e577245f50 JavaThread "Unconstrained build operations Thread 26" [_thread_blocked, id=8964, stack(0x000000adddf00000,0x000000adde000000)]
  0x000001e57723f0a0 JavaThread "Unconstrained build operations Thread 27" [_thread_blocked, id=14300, stack(0x000000adde000000,0x000000adde100000)]
  0x000001e577244740 JavaThread "Unconstrained build operations Thread 28" [_thread_blocked, id=12180, stack(0x000000adde100000,0x000000adde200000)]
  0x000001e577246420 JavaThread "Unconstrained build operations Thread 29" [_thread_blocked, id=8804, stack(0x000000adde200000,0x000000adde300000)]
  0x000001e57723f570 JavaThread "Unconstrained build operations Thread 30" [_thread_blocked, id=11244, stack(0x000000adde300000,0x000000adde400000)]
  0x000001e5772438d0 JavaThread "Unconstrained build operations Thread 31" [_thread_blocked, id=13536, stack(0x000000adde400000,0x000000adde500000)]
  0x000001e57723fa40 JavaThread "Unconstrained build operations Thread 32" [_thread_blocked, id=11792, stack(0x000000adde500000,0x000000adde600000)]
  0x000001e57723ff10 JavaThread "Unconstrained build operations Thread 33" [_thread_blocked, id=21236, stack(0x000000adde600000,0x000000adde700000)]
  0x000001e5772403e0 JavaThread "Unconstrained build operations Thread 34" [_thread_blocked, id=16108, stack(0x000000adde700000,0x000000adde800000)]
  0x000001e5772408b0 JavaThread "Unconstrained build operations Thread 35" [_thread_blocked, id=19216, stack(0x000000adde800000,0x000000adde900000)]
  0x000001e571c92ef0 JavaThread "Unconstrained build operations Thread 36" [_thread_blocked, id=13408, stack(0x000000adde900000,0x000000addea00000)]
  0x000001e571c95f10 JavaThread "Unconstrained build operations Thread 37" [_thread_blocked, id=16712, stack(0x000000addea00000,0x000000addeb00000)]
  0x000001e571c916e0 JavaThread "Unconstrained build operations Thread 38" [_thread_blocked, id=17824, stack(0x000000addeb00000,0x000000addec00000)]
  0x000001e571c94230 JavaThread "Unconstrained build operations Thread 39" [_thread_blocked, id=17368, stack(0x000000addec00000,0x000000added00000)]
  0x000001e571c91bb0 JavaThread "Unconstrained build operations Thread 40" [_thread_blocked, id=2416, stack(0x000000added00000,0x000000addee00000)]
  0x000001e571c92550 JavaThread "Unconstrained build operations Thread 41" [_thread_blocked, id=12964, stack(0x000000addee00000,0x000000addef00000)]
  0x000001e571c95a40 JavaThread "Unconstrained build operations Thread 42" [_thread_blocked, id=20928, stack(0x000000addef00000,0x000000addf000000)]
  0x000001e571c90870 JavaThread "Unconstrained build operations Thread 43" [_thread_blocked, id=21588, stack(0x000000addf000000,0x000000addf100000)]
  0x000001e571c90d40 JavaThread "Unconstrained build operations Thread 44" [_thread_blocked, id=20676, stack(0x000000addf100000,0x000000addf200000)]
  0x000001e571c968b0 JavaThread "Unconstrained build operations Thread 45" [_thread_blocked, id=2620, stack(0x000000addf200000,0x000000addf300000)]
  0x000001e571c92080 JavaThread "Unconstrained build operations Thread 46" [_thread_blocked, id=9852, stack(0x000000addf300000,0x000000addf400000)]
  0x000001e571c92a20 JavaThread "Unconstrained build operations Thread 47" [_thread_blocked, id=19732, stack(0x000000addf400000,0x000000addf500000)]
  0x000001e571c950a0 JavaThread "Unconstrained build operations Thread 48" [_thread_blocked, id=10904, stack(0x000000addf500000,0x000000addf600000)]
  0x000001e571c8f060 JavaThread "Unconstrained build operations Thread 49" [_thread_blocked, id=17540, stack(0x000000addf600000,0x000000addf700000)]
  0x000001e571c963e0 JavaThread "Unconstrained build operations Thread 50" [_thread_blocked, id=18048, stack(0x000000addf700000,0x000000addf800000)]
  0x000001e571c933c0 JavaThread "Unconstrained build operations Thread 51" [_thread_blocked, id=18684, stack(0x000000addf800000,0x000000addf900000)]
  0x000001e571c95570 JavaThread "Unconstrained build operations Thread 52" [_thread_blocked, id=15616, stack(0x000000addf900000,0x000000addfa00000)]
  0x000001e571c8fa00 JavaThread "Unconstrained build operations Thread 53" [_thread_blocked, id=10344, stack(0x000000addfa00000,0x000000addfb00000)]
  0x000001e571c94700 JavaThread "Unconstrained build operations Thread 54" [_thread_blocked, id=4448, stack(0x000000addfb00000,0x000000addfc00000)]
  0x000001e571c94bd0 JavaThread "Unconstrained build operations Thread 55" [_thread_blocked, id=17604, stack(0x000000addfc00000,0x000000addfd00000)]
  0x000001e571c8fed0 JavaThread "Unconstrained build operations Thread 56" [_thread_blocked, id=8688, stack(0x000000addfd00000,0x000000addfe00000)]
  0x000001e571c93890 JavaThread "Unconstrained build operations Thread 57" [_thread_blocked, id=18656, stack(0x000000addfe00000,0x000000addff00000)]
  0x000001e571c903a0 JavaThread "Unconstrained build operations Thread 58" [_thread_blocked, id=7632, stack(0x000000addff00000,0x000000ade0000000)]
  0x000001e571c93d60 JavaThread "Unconstrained build operations Thread 59" [_thread_blocked, id=18156, stack(0x000000ade0000000,0x000000ade0100000)]
  0x000001e571c8f530 JavaThread "Unconstrained build operations Thread 60" [_thread_blocked, id=20052, stack(0x000000ade0100000,0x000000ade0200000)]
  0x000001e575967720 JavaThread "Unconstrained build operations Thread 61" [_thread_blocked, id=19084, stack(0x000000ade0200000,0x000000ade0300000)]
  0x000001e575968a60 JavaThread "Unconstrained build operations Thread 62" [_thread_blocked, id=18484, stack(0x000000ade0300000,0x000000ade0400000)]
  0x000001e575969da0 JavaThread "Unconstrained build operations Thread 63" [_thread_blocked, id=18332, stack(0x000000ade0400000,0x000000ade0500000)]
  0x000001e57596a270 JavaThread "Unconstrained build operations Thread 64" [_thread_blocked, id=22436, stack(0x000000ade0500000,0x000000ade0600000)]
  0x000001e575969400 JavaThread "Unconstrained build operations Thread 65" [_thread_blocked, id=5920, stack(0x000000ade0600000,0x000000ade0700000)]
  0x000001e575968f30 JavaThread "Unconstrained build operations Thread 66" [_thread_blocked, id=8080, stack(0x000000ade0700000,0x000000ade0800000)]
  0x000001e57596a740 JavaThread "Unconstrained build operations Thread 67" [_thread_blocked, id=5704, stack(0x000000ade0800000,0x000000ade0900000)]
  0x000001e57596ac10 JavaThread "Unconstrained build operations Thread 68" [_thread_blocked, id=18940, stack(0x000000ade0900000,0x000000ade0a00000)]
  0x000001e575967250 JavaThread "Unconstrained build operations Thread 69" [_thread_blocked, id=20960, stack(0x000000ade0a00000,0x000000ade0b00000)]
  0x000001e5759698d0 JavaThread "Unconstrained build operations Thread 70" [_thread_blocked, id=1580, stack(0x000000ade0b00000,0x000000ade0c00000)]
  0x000001e575967bf0 JavaThread "Unconstrained build operations Thread 71" [_thread_blocked, id=19008, stack(0x000000ade0c00000,0x000000ade0d00000)]
  0x000001e5759680c0 JavaThread "Unconstrained build operations Thread 72" [_thread_blocked, id=13092, stack(0x000000ade0d00000,0x000000ade0e00000)]
  0x000001e5707e7980 JavaThread "Unconstrained build operations Thread 73" [_thread_blocked, id=13380, stack(0x000000ade0e00000,0x000000ade0f00000)]
  0x000001e5707ecb50 JavaThread "Unconstrained build operations Thread 74" [_thread_blocked, id=17588, stack(0x000000ade0f00000,0x000000ade1000000)]
  0x000001e5707e7e50 JavaThread "Unconstrained build operations Thread 75" [_thread_blocked, id=2364, stack(0x000000ade1000000,0x000000ade1100000)]
  0x000001e5707e8320 JavaThread "Unconstrained build operations Thread 76" [_thread_blocked, id=18672, stack(0x000000ade1100000,0x000000ade1200000)]
  0x000001e5707e5ca0 JavaThread "Unconstrained build operations Thread 77" [_thread_blocked, id=5052, stack(0x000000ade1200000,0x000000ade1300000)]
  0x000001e5707e9190 JavaThread "Unconstrained build operations Thread 78" [_thread_blocked, id=19096, stack(0x000000ade1300000,0x000000ade1400000)]
  0x000001e5707e57d0 JavaThread "Unconstrained build operations Thread 79" [_thread_blocked, id=21892, stack(0x000000ade1400000,0x000000ade1500000)]
  0x000001e5707e9660 JavaThread "Unconstrained build operations Thread 80" [_thread_blocked, id=21068, stack(0x000000ade1500000,0x000000ade1600000)]
  0x000001e574b20cb0 JavaThread "C2 CompilerThread1" daemon [_thread_in_native, id=20120, stack(0x000000add8500000,0x000000add8600000)]
  0x000001e574b211c0 JavaThread "C2 CompilerThread2" daemon [_thread_blocked, id=21052, stack(0x000000add8600000,0x000000add8700000)]

Other Threads:
  0x000001e56e560590 VMThread "VM Thread" [stack: 0x000000add8d00000,0x000000add8e00000] [id=10896]
  0x000001e553cbc050 WatcherThread [stack: 0x000000add9900000,0x000000add9a00000] [id=8588]
  0x000001e553c9f9e0 GCTaskThread "GC Thread#0" [stack: 0x000000add8800000,0x000000add8900000] [id=19280]
  0x000001e57004ba80 GCTaskThread "GC Thread#1" [stack: 0x000000add9b00000,0x000000add9c00000] [id=5432]
  0x000001e56ffc4920 GCTaskThread "GC Thread#2" [stack: 0x000000add9c00000,0x000000add9d00000] [id=18876]
  0x000001e56f98bc50 GCTaskThread "GC Thread#3" [stack: 0x000000add9d00000,0x000000add9e00000] [id=8844]
  0x000001e56f98bf00 GCTaskThread "GC Thread#4" [stack: 0x000000add9e00000,0x000000add9f00000] [id=17132]
  0x000001e56f98c1b0 GCTaskThread "GC Thread#5" [stack: 0x000000add9f00000,0x000000adda000000] [id=14316]
  0x000001e572083490 GCTaskThread "GC Thread#6" [stack: 0x000000addb100000,0x000000addb200000] [id=13532]
  0x000001e572083ca0 GCTaskThread "GC Thread#7" [stack: 0x000000addb200000,0x000000addb300000] [id=5528]
  0x000001e553cb3c30 ConcurrentGCThread "G1 Main Marker" [stack: 0x000000add8900000,0x000000add8a00000] [id=22056]
  0x000001e553cb5f10 ConcurrentGCThread "G1 Conc#0" [stack: 0x000000add8a00000,0x000000add8b00000] [id=21488]
  0x000001e572083f50 ConcurrentGCThread "G1 Conc#1" [stack: 0x000000addb300000,0x000000addb400000] [id=1784]
  0x000001e553d4d9a0 ConcurrentGCThread "G1 Refine#0" [stack: 0x000000add8b00000,0x000000add8c00000] [id=8668]
  0x000001e575576750 ConcurrentGCThread "G1 Refine#1" [stack: 0x000000ade1e00000,0x000000ade1f00000] [id=21908]
  0x000001e575576a30 ConcurrentGCThread "G1 Refine#2" [stack: 0x000000ade1f00000,0x000000ade2000000] [id=5276]
  0x000001e553d4e2d0 ConcurrentGCThread "G1 Service" [stack: 0x000000add8c00000,0x000000add8d00000] [id=22424]

Threads with active compile tasks:
C2 CompilerThread0    84751 13130       4       io.spring.gradle.dependencymanagement.org.apache.maven.model.inheritance.DefaultInheritanceAssembler$InheritanceModelMerger::mergePluginContainer_Plugins (430 bytes)
C2 CompilerThread1    84751 13239       4       org.gradle.api.internal.artifacts.ivyservice.resolveengine.result.DesugaredAttributeContainerSerializer::read (155 bytes)

VM state: not at safepoint (normal execution)

VM Mutex/Monitor currently owned by a thread: None

Heap address: 0x00000000e0000000, size: 512 MB, Compressed Oops mode: 32-bit

CDS archive(s) mapped at: [0x0000000800000000-0x0000000800bd0000-0x0000000800bd0000), size 12386304, SharedBaseAddress: 0x0000000800000000, ArchiveRelocationMode: 0.
Compressed class space mapped at: 0x0000000800c00000-0x0000000814000000, reserved size: 322961408
Narrow klass base: 0x0000000800000000, Narrow klass shift: 0, Narrow klass range: 0x100000000

GC Precious Log:
 CPUs: 8 total, 8 available
 Memory: 32700M
 Large Page Support: Disabled
 NUMA Support: Disabled
 Compressed Oops: Enabled (32-bit)
 Heap Region Size: 1M
 Heap Min Capacity: 256M
 Heap Initial Capacity: 256M
 Heap Max Capacity: 512M
 Pre-touch: Disabled
 Parallel Workers: 8
 Concurrent Workers: 2
 Concurrent Refinement Workers: 8
 Periodic GC: Disabled

Heap:
 garbage-first heap   total 262144K, used 87725K [0x00000000e0000000, 0x0000000100000000)
  region size 1024K, 32 young (32768K), 11 survivors (11264K)
 Metaspace       used 65794K, committed 66304K, reserved 380928K
  class space    used 8708K, committed 8960K, reserved 315392K

Heap Regions: E=young(eden), S=young(survivor), O=old, HS=humongous(starts), HC=humongous(continues), CS=collection set, F=free, OA=open archive, CA=closed archive, TAMS=top-at-mark-start (previous, next)
|   0|0x00000000e0000000, 0x00000000e0100000, 0x00000000e0100000|100%|HS|  |TAMS 0x00000000e0100000, 0x00000000e0000000| Complete 
|   1|0x00000000e0100000, 0x00000000e0200000, 0x00000000e0200000|100%|HC|  |TAMS 0x00000000e0200000, 0x00000000e0100000| Complete 
|   2|0x00000000e0200000, 0x00000000e0300000, 0x00000000e0300000|100%|HC|  |TAMS 0x00000000e0300000, 0x00000000e0200000| Complete 
|   3|0x00000000e0300000, 0x00000000e0400000, 0x00000000e0400000|100%|HC|  |TAMS 0x00000000e0400000, 0x00000000e0300000| Complete 
|   4|0x00000000e0400000, 0x00000000e0500000, 0x00000000e0500000|100%| O|  |TAMS 0x00000000e0500000, 0x00000000e0400000| Untracked 
|   5|0x00000000e0500000, 0x00000000e0600000, 0x00000000e0600000|100%| O|  |TAMS 0x00000000e0600000, 0x00000000e0500000| Untracked 
|   6|0x00000000e0600000, 0x00000000e0700000, 0x00000000e0700000|100%| O|  |TAMS 0x00000000e0700000, 0x00000000e0600000| Untracked 
|   7|0x00000000e0700000, 0x00000000e0800000, 0x00000000e0800000|100%| O|  |TAMS 0x00000000e0800000, 0x00000000e0700000| Untracked 
|   8|0x00000000e0800000, 0x00000000e0900000, 0x00000000e0900000|100%| O|  |TAMS 0x00000000e0900000, 0x00000000e0800000| Untracked 
|   9|0x00000000e0900000, 0x00000000e0a00000, 0x00000000e0a00000|100%| O|  |TAMS 0x00000000e0a00000, 0x00000000e0900000| Untracked 
|  10|0x00000000e0a00000, 0x00000000e0b00000, 0x00000000e0b00000|100%| O|  |TAMS 0x00000000e0b00000, 0x00000000e0a00000| Untracked 
|  11|0x00000000e0b00000, 0x00000000e0c00000, 0x00000000e0c00000|100%| O|  |TAMS 0x00000000e0c00000, 0x00000000e0b00000| Untracked 
|  12|0x00000000e0c00000, 0x00000000e0d00000, 0x00000000e0d00000|100%| O|  |TAMS 0x00000000e0d00000, 0x00000000e0c00000| Untracked 
|  13|0x00000000e0d00000, 0x00000000e0e00000, 0x00000000e0e00000|100%| O|  |TAMS 0x00000000e0e00000, 0x00000000e0d00000| Untracked 
|  14|0x00000000e0e00000, 0x00000000e0f00000, 0x00000000e0f00000|100%| O|  |TAMS 0x00000000e0f00000, 0x00000000e0e00000| Untracked 
|  15|0x00000000e0f00000, 0x00000000e1000000, 0x00000000e1000000|100%| O|  |TAMS 0x00000000e1000000, 0x00000000e0f00000| Untracked 
|  16|0x00000000e1000000, 0x00000000e1100000, 0x00000000e1100000|100%| O|  |TAMS 0x00000000e1100000, 0x00000000e1000000| Untracked 
|  17|0x00000000e1100000, 0x00000000e1200000, 0x00000000e1200000|100%| O|  |TAMS 0x00000000e1200000, 0x00000000e1100000| Untracked 
|  18|0x00000000e1200000, 0x00000000e1300000, 0x00000000e1300000|100%| O|  |TAMS 0x00000000e1300000, 0x00000000e1200000| Untracked 
|  19|0x00000000e1300000, 0x00000000e1400000, 0x00000000e1400000|100%| O|  |TAMS 0x00000000e1400000, 0x00000000e1300000| Untracked 
|  20|0x00000000e1400000, 0x00000000e1500000, 0x00000000e1500000|100%| O|  |TAMS 0x00000000e1500000, 0x00000000e1400000| Untracked 
|  21|0x00000000e1500000, 0x00000000e1600000, 0x00000000e1600000|100%| O|  |TAMS 0x00000000e1600000, 0x00000000e1500000| Untracked 
|  22|0x00000000e1600000, 0x00000000e1700000, 0x00000000e1700000|100%| O|  |TAMS 0x00000000e1700000, 0x00000000e1600000| Untracked 
|  23|0x00000000e1700000, 0x00000000e1800000, 0x00000000e1800000|100%| O|  |TAMS 0x00000000e1800000, 0x00000000e1700000| Untracked 
|  24|0x00000000e1800000, 0x00000000e1900000, 0x00000000e1900000|100%| O|  |TAMS 0x00000000e1900000, 0x00000000e1800000| Untracked 
|  25|0x00000000e1900000, 0x00000000e1a00000, 0x00000000e1a00000|100%| O|  |TAMS 0x00000000e1a00000, 0x00000000e1900000| Untracked 
|  26|0x00000000e1a00000, 0x00000000e1b00000, 0x00000000e1b00000|100%| O|  |TAMS 0x00000000e1b00000, 0x00000000e1a00000| Untracked 
|  27|0x00000000e1b00000, 0x00000000e1c00000, 0x00000000e1c00000|100%| O|  |TAMS 0x00000000e1c00000, 0x00000000e1b00000| Untracked 
|  28|0x00000000e1c00000, 0x00000000e1d00000, 0x00000000e1d00000|100%| O|  |TAMS 0x00000000e1d00000, 0x00000000e1c00000| Untracked 
|  29|0x00000000e1d00000, 0x00000000e1e00000, 0x00000000e1e00000|100%| O|  |TAMS 0x00000000e1e00000, 0x00000000e1d00000| Untracked 
|  30|0x00000000e1e00000, 0x00000000e1f00000, 0x00000000e1f00000|100%| O|  |TAMS 0x00000000e1f00000, 0x00000000e1e00000| Untracked 
|  31|0x00000000e1f00000, 0x00000000e2000000, 0x00000000e2000000|100%| O|  |TAMS 0x00000000e2000000, 0x00000000e1f00000| Untracked 
|  32|0x00000000e2000000, 0x00000000e2100000, 0x00000000e2100000|100%| O|  |TAMS 0x00000000e2100000, 0x00000000e2000000| Untracked 
|  33|0x00000000e2100000, 0x00000000e2200000, 0x00000000e2200000|100%| O|  |TAMS 0x00000000e2200000, 0x00000000e2100000| Untracked 
|  34|0x00000000e2200000, 0x00000000e2300000, 0x00000000e2300000|100%| O|  |TAMS 0x00000000e2300000, 0x00000000e2200000| Untracked 
|  35|0x00000000e2300000, 0x00000000e2400000, 0x00000000e2400000|100%| O|  |TAMS 0x00000000e2400000, 0x00000000e2300000| Untracked 
|  36|0x00000000e2400000, 0x00000000e2500000, 0x00000000e2500000|100%| O|  |TAMS 0x00000000e2500000, 0x00000000e2400000| Untracked 
|  37|0x00000000e2500000, 0x00000000e2600000, 0x00000000e2600000|100%| O|  |TAMS 0x00000000e2600000, 0x00000000e2500000| Untracked 
|  38|0x00000000e2600000, 0x00000000e2700000, 0x00000000e2700000|100%| O|  |TAMS 0x00000000e2700000, 0x00000000e2600000| Untracked 
|  39|0x00000000e2700000, 0x00000000e2800000, 0x00000000e2800000|100%| O|  |TAMS 0x00000000e2800000, 0x00000000e2700000| Untracked 
|  40|0x00000000e2800000, 0x00000000e2900000, 0x00000000e2900000|100%| O|  |TAMS 0x00000000e2900000, 0x00000000e2800000| Untracked 
|  41|0x00000000e2900000, 0x00000000e2a00000, 0x00000000e2a00000|100%| O|  |TAMS 0x00000000e2a00000, 0x00000000e2900000| Untracked 
|  42|0x00000000e2a00000, 0x00000000e2b00000, 0x00000000e2b00000|100%| O|  |TAMS 0x00000000e2b00000, 0x00000000e2a00000| Untracked 
|  43|0x00000000e2b00000, 0x00000000e2c00000, 0x00000000e2c00000|100%| O|  |TAMS 0x00000000e2c00000, 0x00000000e2b00000| Untracked 
|  44|0x00000000e2c00000, 0x00000000e2d00000, 0x00000000e2d00000|100%| O|  |TAMS 0x00000000e2d00000, 0x00000000e2c00000| Untracked 
|  45|0x00000000e2d00000, 0x00000000e2e00000, 0x00000000e2e00000|100%| O|  |TAMS 0x00000000e2e00000, 0x00000000e2d00000| Untracked 
|  46|0x00000000e2e00000, 0x00000000e2f00000, 0x00000000e2f00000|100%| O|  |TAMS 0x00000000e2f00000, 0x00000000e2e00000| Complete 
|  47|0x00000000e2f00000, 0x00000000e3000000, 0x00000000e3000000|100%| O|  |TAMS 0x00000000e2f33c00, 0x00000000e2f00000| Untracked 
|  48|0x00000000e3000000, 0x00000000e3100000, 0x00000000e3100000|100%| O|  |TAMS 0x00000000e3000000, 0x00000000e3000000| Untracked 
|  49|0x00000000e3100000, 0x00000000e3200000, 0x00000000e3200000|100%| O|  |TAMS 0x00000000e3100000, 0x00000000e3100000| Untracked 
|  50|0x00000000e3200000, 0x00000000e3300000, 0x00000000e3300000|100%| O|  |TAMS 0x00000000e3200000, 0x00000000e3200000| Untracked 
|  51|0x00000000e3300000, 0x00000000e3400000, 0x00000000e3400000|100%| O|  |TAMS 0x00000000e3300000, 0x00000000e3300000| Untracked 
|  52|0x00000000e3400000, 0x00000000e3500000, 0x00000000e3500000|100%| O|  |TAMS 0x00000000e3400000, 0x00000000e3400000| Untracked 
|  53|0x00000000e3500000, 0x00000000e3600000, 0x00000000e3600000|100%| O|  |TAMS 0x00000000e3500000, 0x00000000e3500000| Untracked 
|  54|0x00000000e3600000, 0x00000000e36ab400, 0x00000000e3700000| 66%| O|  |TAMS 0x00000000e3600000, 0x00000000e3600000| Untracked 
|  55|0x00000000e3700000, 0x00000000e3700000, 0x00000000e3800000|  0%| F|  |TAMS 0x00000000e3700000, 0x00000000e3700000| Untracked 
|  56|0x00000000e3800000, 0x00000000e3800000, 0x00000000e3900000|  0%| F|  |TAMS 0x00000000e3800000, 0x00000000e3800000| Untracked 
|  57|0x00000000e3900000, 0x00000000e3900000, 0x00000000e3a00000|  0%| F|  |TAMS 0x00000000e3900000, 0x00000000e3900000| Untracked 
|  58|0x00000000e3a00000, 0x00000000e3a00000, 0x00000000e3b00000|  0%| F|  |TAMS 0x00000000e3a00000, 0x00000000e3a00000| Untracked 
|  59|0x00000000e3b00000, 0x00000000e3b00000, 0x00000000e3c00000|  0%| F|  |TAMS 0x00000000e3b00000, 0x00000000e3b00000| Untracked 
|  60|0x00000000e3c00000, 0x00000000e3c00000, 0x00000000e3d00000|  0%| F|  |TAMS 0x00000000e3c00000, 0x00000000e3c00000| Untracked 
|  61|0x00000000e3d00000, 0x00000000e3d00000, 0x00000000e3e00000|  0%| F|  |TAMS 0x00000000e3d00000, 0x00000000e3d00000| Untracked 
|  62|0x00000000e3e00000, 0x00000000e3e00000, 0x00000000e3f00000|  0%| F|  |TAMS 0x00000000e3e00000, 0x00000000e3e00000| Untracked 
|  63|0x00000000e3f00000, 0x00000000e3f00000, 0x00000000e4000000|  0%| F|  |TAMS 0x00000000e3f00000, 0x00000000e3f00000| Untracked 
|  64|0x00000000e4000000, 0x00000000e4000000, 0x00000000e4100000|  0%| F|  |TAMS 0x00000000e4000000, 0x00000000e4000000| Untracked 
|  65|0x00000000e4100000, 0x00000000e4100000, 0x00000000e4200000|  0%| F|  |TAMS 0x00000000e4100000, 0x00000000e4100000| Untracked 
|  66|0x00000000e4200000, 0x00000000e4200000, 0x00000000e4300000|  0%| F|  |TAMS 0x00000000e4200000, 0x00000000e4200000| Untracked 
|  67|0x00000000e4300000, 0x00000000e4300000, 0x00000000e4400000|  0%| F|  |TAMS 0x00000000e4300000, 0x00000000e4300000| Untracked 
|  68|0x00000000e4400000, 0x00000000e4400000, 0x00000000e4500000|  0%| F|  |TAMS 0x00000000e4400000, 0x00000000e4400000| Untracked 
|  69|0x00000000e4500000, 0x00000000e4500000, 0x00000000e4600000|  0%| F|  |TAMS 0x00000000e4500000, 0x00000000e4500000| Untracked 
|  70|0x00000000e4600000, 0x00000000e4600000, 0x00000000e4700000|  0%| F|  |TAMS 0x00000000e4600000, 0x00000000e4600000| Untracked 
|  71|0x00000000e4700000, 0x00000000e4700000, 0x00000000e4800000|  0%| F|  |TAMS 0x00000000e4700000, 0x00000000e4700000| Untracked 
|  72|0x00000000e4800000, 0x00000000e4800000, 0x00000000e4900000|  0%| F|  |TAMS 0x00000000e4800000, 0x00000000e4800000| Untracked 
|  73|0x00000000e4900000, 0x00000000e4900000, 0x00000000e4a00000|  0%| F|  |TAMS 0x00000000e4900000, 0x00000000e4900000| Untracked 
|  74|0x00000000e4a00000, 0x00000000e4a00000, 0x00000000e4b00000|  0%| F|  |TAMS 0x00000000e4a00000, 0x00000000e4a00000| Untracked 
|  75|0x00000000e4b00000, 0x00000000e4b00000, 0x00000000e4c00000|  0%| F|  |TAMS 0x00000000e4b00000, 0x00000000e4b00000| Untracked 
|  76|0x00000000e4c00000, 0x00000000e4c00000, 0x00000000e4d00000|  0%| F|  |TAMS 0x00000000e4c00000, 0x00000000e4c00000| Untracked 
|  77|0x00000000e4d00000, 0x00000000e4d00000, 0x00000000e4e00000|  0%| F|  |TAMS 0x00000000e4d00000, 0x00000000e4d00000| Untracked 
|  78|0x00000000e4e00000, 0x00000000e4e00000, 0x00000000e4f00000|  0%| F|  |TAMS 0x00000000e4e00000, 0x00000000e4e00000| Untracked 
|  79|0x00000000e4f00000, 0x00000000e4f00000, 0x00000000e5000000|  0%| F|  |TAMS 0x00000000e4f00000, 0x00000000e4f00000| Untracked 
|  80|0x00000000e5000000, 0x00000000e5000000, 0x00000000e5100000|  0%| F|  |TAMS 0x00000000e5000000, 0x00000000e5000000| Untracked 
|  81|0x00000000e5100000, 0x00000000e5100000, 0x00000000e5200000|  0%| F|  |TAMS 0x00000000e5100000, 0x00000000e5100000| Untracked 
|  82|0x00000000e5200000, 0x00000000e5200000, 0x00000000e5300000|  0%| F|  |TAMS 0x00000000e5200000, 0x00000000e5200000| Untracked 
|  83|0x00000000e5300000, 0x00000000e5300000, 0x00000000e5400000|  0%| F|  |TAMS 0x00000000e5300000, 0x00000000e5300000| Untracked 
|  84|0x00000000e5400000, 0x00000000e5400000, 0x00000000e5500000|  0%| F|  |TAMS 0x00000000e5400000, 0x00000000e5400000| Untracked 
|  85|0x00000000e5500000, 0x00000000e5500000, 0x00000000e5600000|  0%| F|  |TAMS 0x00000000e5500000, 0x00000000e5500000| Untracked 
|  86|0x00000000e5600000, 0x00000000e5600000, 0x00000000e5700000|  0%| F|  |TAMS 0x00000000e5600000, 0x00000000e5600000| Untracked 
|  87|0x00000000e5700000, 0x00000000e5700000, 0x00000000e5800000|  0%| F|  |TAMS 0x00000000e5700000, 0x00000000e5700000| Untracked 
|  88|0x00000000e5800000, 0x00000000e5800000, 0x00000000e5900000|  0%| F|  |TAMS 0x00000000e5800000, 0x00000000e5800000| Untracked 
|  89|0x00000000e5900000, 0x00000000e5900000, 0x00000000e5a00000|  0%| F|  |TAMS 0x00000000e5900000, 0x00000000e5900000| Untracked 
|  90|0x00000000e5a00000, 0x00000000e5a00000, 0x00000000e5b00000|  0%| F|  |TAMS 0x00000000e5a00000, 0x00000000e5a00000| Untracked 
|  91|0x00000000e5b00000, 0x00000000e5b00000, 0x00000000e5c00000|  0%| F|  |TAMS 0x00000000e5b00000, 0x00000000e5b00000| Untracked 
|  92|0x00000000e5c00000, 0x00000000e5c00000, 0x00000000e5d00000|  0%| F|  |TAMS 0x00000000e5c00000, 0x00000000e5c00000| Untracked 
|  93|0x00000000e5d00000, 0x00000000e5d00000, 0x00000000e5e00000|  0%| F|  |TAMS 0x00000000e5d00000, 0x00000000e5d00000| Untracked 
|  94|0x00000000e5e00000, 0x00000000e5e00000, 0x00000000e5f00000|  0%| F|  |TAMS 0x00000000e5e00000, 0x00000000e5e00000| Untracked 
|  95|0x00000000e5f00000, 0x00000000e5f00000, 0x00000000e6000000|  0%| F|  |TAMS 0x00000000e5f00000, 0x00000000e5f00000| Untracked 
|  96|0x00000000e6000000, 0x00000000e6000000, 0x00000000e6100000|  0%| F|  |TAMS 0x00000000e6000000, 0x00000000e6000000| Untracked 
|  97|0x00000000e6100000, 0x00000000e6100000, 0x00000000e6200000|  0%| F|  |TAMS 0x00000000e6100000, 0x00000000e6100000| Untracked 
|  98|0x00000000e6200000, 0x00000000e6200000, 0x00000000e6300000|  0%| F|  |TAMS 0x00000000e6200000, 0x00000000e6200000| Untracked 
|  99|0x00000000e6300000, 0x00000000e6300000, 0x00000000e6400000|  0%| F|  |TAMS 0x00000000e6300000, 0x00000000e6300000| Untracked 
| 100|0x00000000e6400000, 0x00000000e6400000, 0x00000000e6500000|  0%| F|  |TAMS 0x00000000e6400000, 0x00000000e6400000| Untracked 
| 101|0x00000000e6500000, 0x00000000e6600000, 0x00000000e6600000|100%| S|CS|TAMS 0x00000000e6500000, 0x00000000e6500000| Complete 
| 102|0x00000000e6600000, 0x00000000e6700000, 0x00000000e6700000|100%| S|CS|TAMS 0x00000000e6600000, 0x00000000e6600000| Complete 
| 103|0x00000000e6700000, 0x00000000e6800000, 0x00000000e6800000|100%| S|CS|TAMS 0x00000000e6700000, 0x00000000e6700000| Complete 
| 104|0x00000000e6800000, 0x00000000e6900000, 0x00000000e6900000|100%| S|CS|TAMS 0x00000000e6800000, 0x00000000e6800000| Complete 
| 105|0x00000000e6900000, 0x00000000e6a00000, 0x00000000e6a00000|100%| S|CS|TAMS 0x00000000e6900000, 0x00000000e6900000| Complete 
| 106|0x00000000e6a00000, 0x00000000e6b00000, 0x00000000e6b00000|100%| S|CS|TAMS 0x00000000e6a00000, 0x00000000e6a00000| Complete 
| 107|0x00000000e6b00000, 0x00000000e6c00000, 0x00000000e6c00000|100%| S|CS|TAMS 0x00000000e6b00000, 0x00000000e6b00000| Complete 
| 108|0x00000000e6c00000, 0x00000000e6d00000, 0x00000000e6d00000|100%| S|CS|TAMS 0x00000000e6c00000, 0x00000000e6c00000| Complete 
| 109|0x00000000e6d00000, 0x00000000e6e00000, 0x00000000e6e00000|100%| S|CS|TAMS 0x00000000e6d00000, 0x00000000e6d00000| Complete 
| 110|0x00000000e6e00000, 0x00000000e6f00000, 0x00000000e6f00000|100%| S|CS|TAMS 0x00000000e6e00000, 0x00000000e6e00000| Complete 
| 111|0x00000000e6f00000, 0x00000000e7000000, 0x00000000e7000000|100%| S|CS|TAMS 0x00000000e6f00000, 0x00000000e6f00000| Complete 
| 112|0x00000000e7000000, 0x00000000e7000000, 0x00000000e7100000|  0%| F|  |TAMS 0x00000000e7000000, 0x00000000e7000000| Untracked 
| 113|0x00000000e7100000, 0x00000000e7100000, 0x00000000e7200000|  0%| F|  |TAMS 0x00000000e7100000, 0x00000000e7100000| Untracked 
| 114|0x00000000e7200000, 0x00000000e7200000, 0x00000000e7300000|  0%| F|  |TAMS 0x00000000e7200000, 0x00000000e7200000| Untracked 
| 115|0x00000000e7300000, 0x00000000e7300000, 0x00000000e7400000|  0%| F|  |TAMS 0x00000000e7300000, 0x00000000e7300000| Untracked 
| 116|0x00000000e7400000, 0x00000000e7400000, 0x00000000e7500000|  0%| F|  |TAMS 0x00000000e7400000, 0x00000000e7400000| Untracked 
| 117|0x00000000e7500000, 0x00000000e7500000, 0x00000000e7600000|  0%| F|  |TAMS 0x00000000e7500000, 0x00000000e7500000| Untracked 
| 118|0x00000000e7600000, 0x00000000e7600000, 0x00000000e7700000|  0%| F|  |TAMS 0x00000000e7600000, 0x00000000e7600000| Untracked 
| 119|0x00000000e7700000, 0x00000000e7700000, 0x00000000e7800000|  0%| F|  |TAMS 0x00000000e7700000, 0x00000000e7700000| Untracked 
| 120|0x00000000e7800000, 0x00000000e7800000, 0x00000000e7900000|  0%| F|  |TAMS 0x00000000e7800000, 0x00000000e7800000| Untracked 
| 121|0x00000000e7900000, 0x00000000e7900000, 0x00000000e7a00000|  0%| F|  |TAMS 0x00000000e7900000, 0x00000000e7900000| Untracked 
| 122|0x00000000e7a00000, 0x00000000e7a00000, 0x00000000e7b00000|  0%| F|  |TAMS 0x00000000e7a00000, 0x00000000e7a00000| Untracked 
| 123|0x00000000e7b00000, 0x00000000e7b00000, 0x00000000e7c00000|  0%| F|  |TAMS 0x00000000e7b00000, 0x00000000e7b00000| Untracked 
| 124|0x00000000e7c00000, 0x00000000e7c00000, 0x00000000e7d00000|  0%| F|  |TAMS 0x00000000e7c00000, 0x00000000e7c00000| Untracked 
| 125|0x00000000e7d00000, 0x00000000e7d00000, 0x00000000e7e00000|  0%| F|  |TAMS 0x00000000e7d00000, 0x00000000e7d00000| Untracked 
| 126|0x00000000e7e00000, 0x00000000e7e00000, 0x00000000e7f00000|  0%| F|  |TAMS 0x00000000e7e00000, 0x00000000e7e00000| Untracked 
| 127|0x00000000e7f00000, 0x00000000e7f00000, 0x00000000e8000000|  0%| F|  |TAMS 0x00000000e7f00000, 0x00000000e7f00000| Untracked 
| 128|0x00000000e8000000, 0x00000000e8000000, 0x00000000e8100000|  0%| F|  |TAMS 0x00000000e8000000, 0x00000000e8000000| Untracked 
| 129|0x00000000e8100000, 0x00000000e8100000, 0x00000000e8200000|  0%| F|  |TAMS 0x00000000e8100000, 0x00000000e8100000| Untracked 
| 130|0x00000000e8200000, 0x00000000e8200000, 0x00000000e8300000|  0%| F|  |TAMS 0x00000000e8200000, 0x00000000e8200000| Untracked 
| 131|0x00000000e8300000, 0x00000000e8300000, 0x00000000e8400000|  0%| F|  |TAMS 0x00000000e8300000, 0x00000000e8300000| Untracked 
| 132|0x00000000e8400000, 0x00000000e8400000, 0x00000000e8500000|  0%| F|  |TAMS 0x00000000e8400000, 0x00000000e8400000| Untracked 
| 133|0x00000000e8500000, 0x00000000e8500000, 0x00000000e8600000|  0%| F|  |TAMS 0x00000000e8500000, 0x00000000e8500000| Untracked 
| 134|0x00000000e8600000, 0x00000000e8600000, 0x00000000e8700000|  0%| F|  |TAMS 0x00000000e8600000, 0x00000000e8600000| Untracked 
| 135|0x00000000e8700000, 0x00000000e8700000, 0x00000000e8800000|  0%| F|  |TAMS 0x00000000e8700000, 0x00000000e8700000| Untracked 
| 136|0x00000000e8800000, 0x00000000e8800000, 0x00000000e8900000|  0%| F|  |TAMS 0x00000000e8800000, 0x00000000e8800000| Untracked 
| 137|0x00000000e8900000, 0x00000000e8900000, 0x00000000e8a00000|  0%| F|  |TAMS 0x00000000e8900000, 0x00000000e8900000| Untracked 
| 138|0x00000000e8a00000, 0x00000000e8a00000, 0x00000000e8b00000|  0%| F|  |TAMS 0x00000000e8a00000, 0x00000000e8a00000| Untracked 
| 139|0x00000000e8b00000, 0x00000000e8b00000, 0x00000000e8c00000|  0%| F|  |TAMS 0x00000000e8b00000, 0x00000000e8b00000| Untracked 
| 140|0x00000000e8c00000, 0x00000000e8c00000, 0x00000000e8d00000|  0%| F|  |TAMS 0x00000000e8c00000, 0x00000000e8c00000| Untracked 
| 141|0x00000000e8d00000, 0x00000000e8d00000, 0x00000000e8e00000|  0%| F|  |TAMS 0x00000000e8d00000, 0x00000000e8d00000| Untracked 
| 142|0x00000000e8e00000, 0x00000000e8e00000, 0x00000000e8f00000|  0%| F|  |TAMS 0x00000000e8e00000, 0x00000000e8e00000| Untracked 
| 143|0x00000000e8f00000, 0x00000000e8f00000, 0x00000000e9000000|  0%| F|  |TAMS 0x00000000e8f00000, 0x00000000e8f00000| Untracked 
| 144|0x00000000e9000000, 0x00000000e9000000, 0x00000000e9100000|  0%| F|  |TAMS 0x00000000e9000000, 0x00000000e9000000| Untracked 
| 145|0x00000000e9100000, 0x00000000e9100000, 0x00000000e9200000|  0%| F|  |TAMS 0x00000000e9100000, 0x00000000e9100000| Untracked 
| 146|0x00000000e9200000, 0x00000000e9200000, 0x00000000e9300000|  0%| F|  |TAMS 0x00000000e9200000, 0x00000000e9200000| Untracked 
| 147|0x00000000e9300000, 0x00000000e9300000, 0x00000000e9400000|  0%| F|  |TAMS 0x00000000e9300000, 0x00000000e9300000| Untracked 
| 148|0x00000000e9400000, 0x00000000e9400000, 0x00000000e9500000|  0%| F|  |TAMS 0x00000000e9400000, 0x00000000e9400000| Untracked 
| 149|0x00000000e9500000, 0x00000000e9500000, 0x00000000e9600000|  0%| F|  |TAMS 0x00000000e9500000, 0x00000000e9500000| Untracked 
| 150|0x00000000e9600000, 0x00000000e9600000, 0x00000000e9700000|  0%| F|  |TAMS 0x00000000e9600000, 0x00000000e9600000| Untracked 
| 151|0x00000000e9700000, 0x00000000e9700000, 0x00000000e9800000|  0%| F|  |TAMS 0x00000000e9700000, 0x00000000e9700000| Untracked 
| 152|0x00000000e9800000, 0x00000000e9800000, 0x00000000e9900000|  0%| F|  |TAMS 0x00000000e9800000, 0x00000000e9800000| Untracked 
| 153|0x00000000e9900000, 0x00000000e9900000, 0x00000000e9a00000|  0%| F|  |TAMS 0x00000000e9900000, 0x00000000e9900000| Untracked 
| 154|0x00000000e9a00000, 0x00000000e9a00000, 0x00000000e9b00000|  0%| F|  |TAMS 0x00000000e9a00000, 0x00000000e9a00000| Untracked 
| 155|0x00000000e9b00000, 0x00000000e9b00000, 0x00000000e9c00000|  0%| F|  |TAMS 0x00000000e9b00000, 0x00000000e9b00000| Untracked 
| 156|0x00000000e9c00000, 0x00000000e9c00000, 0x00000000e9d00000|  0%| F|  |TAMS 0x00000000e9c00000, 0x00000000e9c00000| Untracked 
| 157|0x00000000e9d00000, 0x00000000e9d00000, 0x00000000e9e00000|  0%| F|  |TAMS 0x00000000e9d00000, 0x00000000e9d00000| Untracked 
| 158|0x00000000e9e00000, 0x00000000e9e00000, 0x00000000e9f00000|  0%| F|  |TAMS 0x00000000e9e00000, 0x00000000e9e00000| Untracked 
| 159|0x00000000e9f00000, 0x00000000e9f00000, 0x00000000ea000000|  0%| F|  |TAMS 0x00000000e9f00000, 0x00000000e9f00000| Untracked 
| 160|0x00000000ea000000, 0x00000000ea000000, 0x00000000ea100000|  0%| F|  |TAMS 0x00000000ea000000, 0x00000000ea000000| Untracked 
| 161|0x00000000ea100000, 0x00000000ea100000, 0x00000000ea200000|  0%| F|  |TAMS 0x00000000ea100000, 0x00000000ea100000| Untracked 
| 162|0x00000000ea200000, 0x00000000ea200000, 0x00000000ea300000|  0%| F|  |TAMS 0x00000000ea200000, 0x00000000ea200000| Untracked 
| 163|0x00000000ea300000, 0x00000000ea300000, 0x00000000ea400000|  0%| F|  |TAMS 0x00000000ea300000, 0x00000000ea300000| Untracked 
| 164|0x00000000ea400000, 0x00000000ea400000, 0x00000000ea500000|  0%| F|  |TAMS 0x00000000ea400000, 0x00000000ea400000| Untracked 
| 165|0x00000000ea500000, 0x00000000ea500000, 0x00000000ea600000|  0%| F|  |TAMS 0x00000000ea500000, 0x00000000ea500000| Untracked 
| 166|0x00000000ea600000, 0x00000000ea600000, 0x00000000ea700000|  0%| F|  |TAMS 0x00000000ea600000, 0x00000000ea600000| Untracked 
| 167|0x00000000ea700000, 0x00000000ea700000, 0x00000000ea800000|  0%| F|  |TAMS 0x00000000ea700000, 0x00000000ea700000| Untracked 
| 168|0x00000000ea800000, 0x00000000ea800000, 0x00000000ea900000|  0%| F|  |TAMS 0x00000000ea800000, 0x00000000ea800000| Untracked 
| 169|0x00000000ea900000, 0x00000000ea900000, 0x00000000eaa00000|  0%| F|  |TAMS 0x00000000ea900000, 0x00000000ea900000| Untracked 
| 170|0x00000000eaa00000, 0x00000000eaa00000, 0x00000000eab00000|  0%| F|  |TAMS 0x00000000eaa00000, 0x00000000eaa00000| Untracked 
| 171|0x00000000eab00000, 0x00000000eab00000, 0x00000000eac00000|  0%| F|  |TAMS 0x00000000eab00000, 0x00000000eab00000| Untracked 
| 172|0x00000000eac00000, 0x00000000eac00000, 0x00000000ead00000|  0%| F|  |TAMS 0x00000000eac00000, 0x00000000eac00000| Untracked 
| 173|0x00000000ead00000, 0x00000000ead00000, 0x00000000eae00000|  0%| F|  |TAMS 0x00000000ead00000, 0x00000000ead00000| Untracked 
| 174|0x00000000eae00000, 0x00000000eae00000, 0x00000000eaf00000|  0%| F|  |TAMS 0x00000000eae00000, 0x00000000eae00000| Untracked 
| 175|0x00000000eaf00000, 0x00000000eaf00000, 0x00000000eb000000|  0%| F|  |TAMS 0x00000000eaf00000, 0x00000000eaf00000| Untracked 
| 176|0x00000000eb000000, 0x00000000eb000000, 0x00000000eb100000|  0%| F|  |TAMS 0x00000000eb000000, 0x00000000eb000000| Untracked 
| 177|0x00000000eb100000, 0x00000000eb100000, 0x00000000eb200000|  0%| F|  |TAMS 0x00000000eb100000, 0x00000000eb100000| Untracked 
| 178|0x00000000eb200000, 0x00000000eb200000, 0x00000000eb300000|  0%| F|  |TAMS 0x00000000eb200000, 0x00000000eb200000| Untracked 
| 179|0x00000000eb300000, 0x00000000eb300000, 0x00000000eb400000|  0%| F|  |TAMS 0x00000000eb300000, 0x00000000eb300000| Untracked 
| 180|0x00000000eb400000, 0x00000000eb400000, 0x00000000eb500000|  0%| F|  |TAMS 0x00000000eb400000, 0x00000000eb400000| Untracked 
| 181|0x00000000eb500000, 0x00000000eb500000, 0x00000000eb600000|  0%| F|  |TAMS 0x00000000eb500000, 0x00000000eb500000| Untracked 
| 182|0x00000000eb600000, 0x00000000eb600000, 0x00000000eb700000|  0%| F|  |TAMS 0x00000000eb600000, 0x00000000eb600000| Untracked 
| 183|0x00000000eb700000, 0x00000000eb700000, 0x00000000eb800000|  0%| F|  |TAMS 0x00000000eb700000, 0x00000000eb700000| Untracked 
| 184|0x00000000eb800000, 0x00000000eb800000, 0x00000000eb900000|  0%| F|  |TAMS 0x00000000eb800000, 0x00000000eb800000| Untracked 
| 185|0x00000000eb900000, 0x00000000eb900000, 0x00000000eba00000|  0%| F|  |TAMS 0x00000000eb900000, 0x00000000eb900000| Untracked 
| 186|0x00000000eba00000, 0x00000000eba00000, 0x00000000ebb00000|  0%| F|  |TAMS 0x00000000eba00000, 0x00000000eba00000| Untracked 
| 187|0x00000000ebb00000, 0x00000000ebb00000, 0x00000000ebc00000|  0%| F|  |TAMS 0x00000000ebb00000, 0x00000000ebb00000| Untracked 
| 188|0x00000000ebc00000, 0x00000000ebc00000, 0x00000000ebd00000|  0%| F|  |TAMS 0x00000000ebc00000, 0x00000000ebc00000| Untracked 
| 189|0x00000000ebd00000, 0x00000000ebd00000, 0x00000000ebe00000|  0%| F|  |TAMS 0x00000000ebd00000, 0x00000000ebd00000| Untracked 
| 190|0x00000000ebe00000, 0x00000000ebe00000, 0x00000000ebf00000|  0%| F|  |TAMS 0x00000000ebe00000, 0x00000000ebe00000| Untracked 
| 191|0x00000000ebf00000, 0x00000000ebf00000, 0x00000000ec000000|  0%| F|  |TAMS 0x00000000ebf00000, 0x00000000ebf00000| Untracked 
| 192|0x00000000ec000000, 0x00000000ec000000, 0x00000000ec100000|  0%| F|  |TAMS 0x00000000ec000000, 0x00000000ec000000| Untracked 
| 193|0x00000000ec100000, 0x00000000ec100000, 0x00000000ec200000|  0%| F|  |TAMS 0x00000000ec100000, 0x00000000ec100000| Untracked 
| 194|0x00000000ec200000, 0x00000000ec200000, 0x00000000ec300000|  0%| F|  |TAMS 0x00000000ec200000, 0x00000000ec200000| Untracked 
| 195|0x00000000ec300000, 0x00000000ec300000, 0x00000000ec400000|  0%| F|  |TAMS 0x00000000ec300000, 0x00000000ec300000| Untracked 
| 196|0x00000000ec400000, 0x00000000ec400000, 0x00000000ec500000|  0%| F|  |TAMS 0x00000000ec400000, 0x00000000ec400000| Untracked 
| 197|0x00000000ec500000, 0x00000000ec500000, 0x00000000ec600000|  0%| F|  |TAMS 0x00000000ec500000, 0x00000000ec500000| Untracked 
| 198|0x00000000ec600000, 0x00000000ec600000, 0x00000000ec700000|  0%| F|  |TAMS 0x00000000ec600000, 0x00000000ec600000| Untracked 
| 199|0x00000000ec700000, 0x00000000ec700000, 0x00000000ec800000|  0%| F|  |TAMS 0x00000000ec700000, 0x00000000ec700000| Untracked 
| 200|0x00000000ec800000, 0x00000000ec800000, 0x00000000ec900000|  0%| F|  |TAMS 0x00000000ec800000, 0x00000000ec800000| Untracked 
| 201|0x00000000ec900000, 0x00000000ec900000, 0x00000000eca00000|  0%| F|  |TAMS 0x00000000ec900000, 0x00000000ec900000| Untracked 
| 202|0x00000000eca00000, 0x00000000eca00000, 0x00000000ecb00000|  0%| F|  |TAMS 0x00000000eca00000, 0x00000000eca00000| Untracked 
| 203|0x00000000ecb00000, 0x00000000ecb00000, 0x00000000ecc00000|  0%| F|  |TAMS 0x00000000ecb00000, 0x00000000ecb00000| Untracked 
| 204|0x00000000ecc00000, 0x00000000ecc00000, 0x00000000ecd00000|  0%| F|  |TAMS 0x00000000ecc00000, 0x00000000ecc00000| Untracked 
| 205|0x00000000ecd00000, 0x00000000ecd00000, 0x00000000ece00000|  0%| F|  |TAMS 0x00000000ecd00000, 0x00000000ecd00000| Untracked 
| 206|0x00000000ece00000, 0x00000000ece00000, 0x00000000ecf00000|  0%| F|  |TAMS 0x00000000ece00000, 0x00000000ece00000| Untracked 
| 207|0x00000000ecf00000, 0x00000000ecf00000, 0x00000000ed000000|  0%| F|  |TAMS 0x00000000ecf00000, 0x00000000ecf00000| Untracked 
| 208|0x00000000ed000000, 0x00000000ed000000, 0x00000000ed100000|  0%| F|  |TAMS 0x00000000ed000000, 0x00000000ed000000| Untracked 
| 209|0x00000000ed100000, 0x00000000ed100000, 0x00000000ed200000|  0%| F|  |TAMS 0x00000000ed100000, 0x00000000ed100000| Untracked 
| 210|0x00000000ed200000, 0x00000000ed200000, 0x00000000ed300000|  0%| F|  |TAMS 0x00000000ed200000, 0x00000000ed200000| Untracked 
| 211|0x00000000ed300000, 0x00000000ed300000, 0x00000000ed400000|  0%| F|  |TAMS 0x00000000ed300000, 0x00000000ed300000| Untracked 
| 212|0x00000000ed400000, 0x00000000ed400000, 0x00000000ed500000|  0%| F|  |TAMS 0x00000000ed400000, 0x00000000ed400000| Untracked 
| 213|0x00000000ed500000, 0x00000000ed500000, 0x00000000ed600000|  0%| F|  |TAMS 0x00000000ed500000, 0x00000000ed500000| Untracked 
| 214|0x00000000ed600000, 0x00000000ed600000, 0x00000000ed700000|  0%| F|  |TAMS 0x00000000ed600000, 0x00000000ed600000| Untracked 
| 215|0x00000000ed700000, 0x00000000ed700000, 0x00000000ed800000|  0%| F|  |TAMS 0x00000000ed700000, 0x00000000ed700000| Untracked 
| 216|0x00000000ed800000, 0x00000000ed800000, 0x00000000ed900000|  0%| F|  |TAMS 0x00000000ed800000, 0x00000000ed800000| Untracked 
| 217|0x00000000ed900000, 0x00000000ed900000, 0x00000000eda00000|  0%| F|  |TAMS 0x00000000ed900000, 0x00000000ed900000| Untracked 
| 218|0x00000000eda00000, 0x00000000eda00000, 0x00000000edb00000|  0%| F|  |TAMS 0x00000000eda00000, 0x00000000eda00000| Untracked 
| 219|0x00000000edb00000, 0x00000000edb00000, 0x00000000edc00000|  0%| F|  |TAMS 0x00000000edb00000, 0x00000000edb00000| Untracked 
| 220|0x00000000edc00000, 0x00000000edc00000, 0x00000000edd00000|  0%| F|  |TAMS 0x00000000edc00000, 0x00000000edc00000| Untracked 
| 221|0x00000000edd00000, 0x00000000edd00000, 0x00000000ede00000|  0%| F|  |TAMS 0x00000000edd00000, 0x00000000edd00000| Untracked 
| 222|0x00000000ede00000, 0x00000000ede00000, 0x00000000edf00000|  0%| F|  |TAMS 0x00000000ede00000, 0x00000000ede00000| Untracked 
| 223|0x00000000edf00000, 0x00000000edf00000, 0x00000000ee000000|  0%| F|  |TAMS 0x00000000edf00000, 0x00000000edf00000| Untracked 
| 224|0x00000000ee000000, 0x00000000ee000000, 0x00000000ee100000|  0%| F|  |TAMS 0x00000000ee000000, 0x00000000ee000000| Untracked 
| 225|0x00000000ee100000, 0x00000000ee100000, 0x00000000ee200000|  0%| F|  |TAMS 0x00000000ee100000, 0x00000000ee100000| Untracked 
| 226|0x00000000ee200000, 0x00000000ee200000, 0x00000000ee300000|  0%| F|  |TAMS 0x00000000ee200000, 0x00000000ee200000| Untracked 
| 227|0x00000000ee300000, 0x00000000ee300000, 0x00000000ee400000|  0%| F|  |TAMS 0x00000000ee300000, 0x00000000ee300000| Untracked 
| 228|0x00000000ee400000, 0x00000000ee400000, 0x00000000ee500000|  0%| F|  |TAMS 0x00000000ee400000, 0x00000000ee400000| Untracked 
| 229|0x00000000ee500000, 0x00000000ee500000, 0x00000000ee600000|  0%| F|  |TAMS 0x00000000ee500000, 0x00000000ee500000| Untracked 
| 230|0x00000000ee600000, 0x00000000ee600000, 0x00000000ee700000|  0%| F|  |TAMS 0x00000000ee600000, 0x00000000ee600000| Untracked 
| 231|0x00000000ee700000, 0x00000000ee700000, 0x00000000ee800000|  0%| F|  |TAMS 0x00000000ee700000, 0x00000000ee700000| Untracked 
| 232|0x00000000ee800000, 0x00000000ee800000, 0x00000000ee900000|  0%| F|  |TAMS 0x00000000ee800000, 0x00000000ee800000| Untracked 
| 233|0x00000000ee900000, 0x00000000ee900000, 0x00000000eea00000|  0%| F|  |TAMS 0x00000000ee900000, 0x00000000ee900000| Untracked 
| 234|0x00000000eea00000, 0x00000000eea00000, 0x00000000eeb00000|  0%| F|  |TAMS 0x00000000eea00000, 0x00000000eea00000| Untracked 
| 235|0x00000000eeb00000, 0x00000000eeb8dd68, 0x00000000eec00000| 55%| E|  |TAMS 0x00000000eeb00000, 0x00000000eeb00000| Complete 
| 236|0x00000000eec00000, 0x00000000eed00000, 0x00000000eed00000|100%| E|CS|TAMS 0x00000000eec00000, 0x00000000eec00000| Complete 
| 237|0x00000000eed00000, 0x00000000eee00000, 0x00000000eee00000|100%| E|CS|TAMS 0x00000000eed00000, 0x00000000eed00000| Complete 
| 238|0x00000000eee00000, 0x00000000eef00000, 0x00000000eef00000|100%| E|CS|TAMS 0x00000000eee00000, 0x00000000eee00000| Complete 
| 239|0x00000000eef00000, 0x00000000ef000000, 0x00000000ef000000|100%| E|CS|TAMS 0x00000000eef00000, 0x00000000eef00000| Complete 
| 240|0x00000000ef000000, 0x00000000ef100000, 0x00000000ef100000|100%| E|CS|TAMS 0x00000000ef000000, 0x00000000ef000000| Complete 
| 241|0x00000000ef100000, 0x00000000ef200000, 0x00000000ef200000|100%| E|CS|TAMS 0x00000000ef100000, 0x00000000ef100000| Complete 
| 242|0x00000000ef200000, 0x00000000ef300000, 0x00000000ef300000|100%| E|CS|TAMS 0x00000000ef200000, 0x00000000ef200000| Complete 
| 243|0x00000000ef300000, 0x00000000ef400000, 0x00000000ef400000|100%| E|CS|TAMS 0x00000000ef300000, 0x00000000ef300000| Complete 
| 244|0x00000000ef400000, 0x00000000ef500000, 0x00000000ef500000|100%| E|CS|TAMS 0x00000000ef400000, 0x00000000ef400000| Complete 
| 245|0x00000000ef500000, 0x00000000ef600000, 0x00000000ef600000|100%| E|CS|TAMS 0x00000000ef500000, 0x00000000ef500000| Complete 
| 246|0x00000000ef600000, 0x00000000ef700000, 0x00000000ef700000|100%| E|CS|TAMS 0x00000000ef600000, 0x00000000ef600000| Complete 
| 247|0x00000000ef700000, 0x00000000ef800000, 0x00000000ef800000|100%| E|CS|TAMS 0x00000000ef700000, 0x00000000ef700000| Complete 
| 248|0x00000000ef800000, 0x00000000ef900000, 0x00000000ef900000|100%| E|CS|TAMS 0x00000000ef800000, 0x00000000ef800000| Complete 
| 249|0x00000000ef900000, 0x00000000efa00000, 0x00000000efa00000|100%| E|CS|TAMS 0x00000000ef900000, 0x00000000ef900000| Complete 
| 250|0x00000000efa00000, 0x00000000efb00000, 0x00000000efb00000|100%| E|CS|TAMS 0x00000000efa00000, 0x00000000efa00000| Complete 
| 251|0x00000000efb00000, 0x00000000efc00000, 0x00000000efc00000|100%| E|CS|TAMS 0x00000000efb00000, 0x00000000efb00000| Complete 
| 252|0x00000000efc00000, 0x00000000efd00000, 0x00000000efd00000|100%| E|CS|TAMS 0x00000000efc00000, 0x00000000efc00000| Complete 
| 253|0x00000000efd00000, 0x00000000efe00000, 0x00000000efe00000|100%| E|CS|TAMS 0x00000000efd00000, 0x00000000efd00000| Complete 
| 254|0x00000000efe00000, 0x00000000eff00000, 0x00000000eff00000|100%| E|CS|TAMS 0x00000000efe00000, 0x00000000efe00000| Complete 
| 255|0x00000000eff00000, 0x00000000f0000000, 0x00000000f0000000|100%| E|CS|TAMS 0x00000000eff00000, 0x00000000eff00000| Complete 

Card table byte_map: [0x000001e56a930000,0x000001e56aa30000] _byte_map_base: 0x000001e56a230000

Marking Bits (Prev, Next): (CMBitMap*) 0x000001e553c9ff00, (CMBitMap*) 0x000001e553c9ff40
 Prev Bits: [0x000001e56ab30000, 0x000001e56b330000)
 Next Bits: [0x000001e56b330000, 0x000001e56bb30000)

Polling page: 0x000001e551b70000

Metaspace:

Usage:
  Non-class:     55.76 MB used.
      Class:      8.50 MB used.
       Both:     64.26 MB used.

Virtual space:
  Non-class space:       64.00 MB reserved,      56.00 MB ( 88%) committed,  8 nodes.
      Class space:      308.00 MB reserved,       8.75 MB (  3%) committed,  1 nodes.
             Both:      372.00 MB reserved,      64.75 MB ( 17%) committed. 

Chunk freelists:
   Non-Class:  3.75 MB
       Class:  3.13 MB
        Both:  6.88 MB

MaxMetaspaceSize: 384.00 MB
CompressedClassSpaceSize: 308.00 MB
Initial GC threshold: 21.00 MB
Current GC threshold: 107.94 MB
CDS: on
MetaspaceReclaimPolicy: balanced
 - commit_granule_bytes: 65536.
 - commit_granule_words: 8192.
 - virtual_space_node_default_size: 1048576.
 - enlarge_chunks_in_place: 1.
 - new_chunks_are_fully_committed: 0.
 - uncommit_free_chunks: 1.
 - use_allocation_guard: 0.
 - handle_deallocations: 1.


Internal statistics:

num_allocs_failed_limit: 15.
num_arena_births: 726.
num_arena_deaths: 0.
num_vsnodes_births: 9.
num_vsnodes_deaths: 0.
num_space_committed: 1036.
num_space_uncommitted: 0.
num_chunks_returned_to_freelist: 15.
num_chunks_taken_from_freelist: 3235.
num_chunk_merges: 6.
num_chunk_splits: 2046.
num_chunks_enlarged: 1290.
num_purges: 0.
num_inconsistent_stats: 0.

CodeHeap 'non-profiled nmethods': size=120000Kb used=7095Kb max_used=7095Kb free=112904Kb
 bounds [0x000001e562fd0000, 0x000001e5636c0000, 0x000001e56a500000]
CodeHeap 'profiled nmethods': size=120000Kb used=24567Kb max_used=24567Kb free=95432Kb
 bounds [0x000001e55b500000, 0x000001e55cd10000, 0x000001e562a30000]
CodeHeap 'non-nmethods': size=5760Kb used=2386Kb max_used=2470Kb free=3373Kb
 bounds [0x000001e562a30000, 0x000001e562cb0000, 0x000001e562fd0000]
 total_blobs=12614 nmethods=11707 adapters=817
 compilation: enabled
              stopped_count=0, restarted_count=0
 full_count=0

Compilation events (20 events):
Event: 84.729 Thread 0x000001e56e58e430 13286       3       org.gradle.api.internal.artifacts.ivyservice.resolveengine.graph.selectors.SelectorStateResolver::resolveRequireConstraint (57 bytes)
Event: 84.730 Thread 0x000001e56e58e430 nmethod 13286 0x000001e55ccf5c90 code [0x000001e55ccf5ea0, 0x000001e55ccf6328]
Event: 84.730 Thread 0x000001e56e58e430 13283       3       org.gradle.api.internal.artifacts.ivyservice.resolveengine.store.ResolutionResultsStoreFactory::createStoreSet (9 bytes)
Event: 84.730 Thread 0x000001e56e58e430 nmethod 13283 0x000001e55ccf6590 code [0x000001e55ccf6740, 0x000001e55ccf6a28]
Event: 84.732 Thread 0x000001e574b211c0 nmethod 13248 0x000001e5636b8e90 code [0x000001e5636b9020, 0x000001e5636b9378]
Event: 84.732 Thread 0x000001e574b211c0 13288       4       org.gradle.api.internal.artifacts.DefaultModuleIdentifier::equals (74 bytes)
Event: 84.733 Thread 0x000001e56e58e430 13289       3       org.gradle.api.internal.artifacts.ivyservice.resolveengine.result.StreamingResolutionResultBuilder::start (36 bytes)
Event: 84.733 Thread 0x000001e56e58e430 nmethod 13289 0x000001e55ccf6b90 code [0x000001e55ccf6e00, 0x000001e55ccf7a48]
Event: 84.733 Thread 0x000001e56e58e430 13290       3       org.gradle.api.internal.artifacts.ivyservice.resolveengine.graph.CompositeDependencyArtifactsVisitor::startArtifacts (40 bytes)
Event: 84.734 Thread 0x000001e56e58e430 nmethod 13290 0x000001e55ccf7e90 code [0x000001e55ccf8080, 0x000001e55ccf8678]
Event: 84.734 Thread 0x000001e56e58e430 13291       3       org.gradle.api.internal.artifacts.ivyservice.resolveengine.result.FileDependencyCollectingGraphVisitor::startArtifacts (1 bytes)
Event: 84.734 Thread 0x000001e56e58e430 nmethod 13291 0x000001e55ccf8810 code [0x000001e55ccf89a0, 0x000001e55ccf8ab8]
Event: 84.734 Thread 0x000001e574b211c0 nmethod 13288 0x000001e5636b9610 code [0x000001e5636b97a0, 0x000001e5636b9b78]
Event: 84.734 Thread 0x000001e574b211c0 13295       4       com.esotericsoftware.kryo.io.Output::writeVarLong (1304 bytes)
Event: 84.734 Thread 0x000001e56e58e430 13296       3       org.gradle.api.internal.artifacts.ivyservice.resolveengine.result.StreamingResolutionResultBuilder::finish (16 bytes)
Event: 84.734 Thread 0x000001e56e58e430 nmethod 13296 0x000001e55ccf8b90 code [0x000001e55ccf8da0, 0x000001e55ccf9438]
Event: 84.734 Thread 0x000001e56e58e430 13297       3       org.gradle.api.internal.artifacts.ivyservice.resolveengine.result.StreamingResolutionResultBuilder$$Lambda$753/0x00000008011ad740::<init> (10 bytes)
Event: 84.734 Thread 0x000001e56e58e430 nmethod 13297 0x000001e55ccf9710 code [0x000001e55ccf98a0, 0x000001e55ccf9a58]
Event: 84.734 Thread 0x000001e56e58e430 13298       3       org.gradle.api.internal.artifacts.ivyservice.resolveengine.result.FileDependencyCollectingGraphVisitor::finishArtifacts (1 bytes)
Event: 84.734 Thread 0x000001e56e58e430 nmethod 13298 0x000001e55ccf9b10 code [0x000001e55ccf9ca0, 0x000001e55ccf9db8]

GC Heap History (18 events):
Event: 0.494 GC heap before
{Heap before GC invocations=0 (full 0):
 garbage-first heap   total 262144K, used 26624K [0x00000000e0000000, 0x0000000100000000)
  region size 1024K, 23 young (23552K), 0 survivors (0K)
 Metaspace       used 3019K, committed 3136K, reserved 323584K
  class space    used 387K, committed 448K, reserved 315392K
}
Event: 0.502 GC heap after
{Heap after GC invocations=1 (full 0):
 garbage-first heap   total 262144K, used 10496K [0x00000000e0000000, 0x0000000100000000)
  region size 1024K, 3 young (3072K), 3 survivors (3072K)
 Metaspace       used 3019K, committed 3136K, reserved 323584K
  class space    used 387K, committed 448K, reserved 315392K
}
Event: 0.829 GC heap before
{Heap before GC invocations=1 (full 0):
 garbage-first heap   total 262144K, used 38144K [0x00000000e0000000, 0x0000000100000000)
  region size 1024K, 30 young (30720K), 3 survivors (3072K)
 Metaspace       used 4040K, committed 4224K, reserved 323584K
  class space    used 497K, committed 576K, reserved 315392K
}
Event: 0.830 GC heap after
{Heap after GC invocations=2 (full 0):
 garbage-first heap   total 262144K, used 11369K [0x00000000e0000000, 0x0000000100000000)
  region size 1024K, 1 young (1024K), 1 survivors (1024K)
 Metaspace       used 4040K, committed 4224K, reserved 323584K
  class space    used 497K, committed 576K, reserved 315392K
}
Event: 2.204 GC heap before
{Heap before GC invocations=2 (full 0):
 garbage-first heap   total 262144K, used 131177K [0x00000000e0000000, 0x0000000100000000)
  region size 1024K, 118 young (120832K), 1 survivors (1024K)
 Metaspace       used 21274K, committed 21504K, reserved 339968K
  class space    used 3142K, committed 3264K, reserved 315392K
}
Event: 2.211 GC heap after
{Heap after GC invocations=3 (full 0):
 garbage-first heap   total 262144K, used 22119K [0x00000000e0000000, 0x0000000100000000)
  region size 1024K, 12 young (12288K), 12 survivors (12288K)
 Metaspace       used 21274K, committed 21504K, reserved 339968K
  class space    used 3142K, committed 3264K, reserved 315392K
}
Event: 3.643 GC heap before
{Heap before GC invocations=4 (full 0):
 garbage-first heap   total 262144K, used 146023K [0x00000000e0000000, 0x0000000100000000)
  region size 1024K, 130 young (133120K), 12 survivors (12288K)
 Metaspace       used 35743K, committed 36096K, reserved 348160K
  class space    used 5045K, committed 5248K, reserved 315392K
}
Event: 3.657 GC heap after
{Heap after GC invocations=5 (full 0):
 garbage-first heap   total 262144K, used 31905K [0x00000000e0000000, 0x0000000100000000)
  region size 1024K, 10 young (10240K), 10 survivors (10240K)
 Metaspace       used 35743K, committed 36096K, reserved 348160K
  class space    used 5045K, committed 5248K, reserved 315392K
}
Event: 5.176 GC heap before
{Heap before GC invocations=6 (full 0):
 garbage-first heap   total 262144K, used 179361K [0x00000000e0000000, 0x0000000100000000)
  region size 1024K, 153 young (156672K), 10 survivors (10240K)
 Metaspace       used 49103K, committed 49664K, reserved 364544K
  class space    used 7101K, committed 7360K, reserved 315392K
}
Event: 5.184 GC heap after
{Heap after GC invocations=7 (full 0):
 garbage-first heap   total 262144K, used 41878K [0x00000000e0000000, 0x0000000100000000)
  region size 1024K, 20 young (20480K), 20 survivors (20480K)
 Metaspace       used 49103K, committed 49664K, reserved 364544K
  class space    used 7101K, committed 7360K, reserved 315392K
}
Event: 6.069 GC heap before
{Heap before GC invocations=7 (full 0):
 garbage-first heap   total 262144K, used 177046K [0x00000000e0000000, 0x0000000100000000)
  region size 1024K, 153 young (156672K), 20 survivors (20480K)
 Metaspace       used 52703K, committed 53184K, reserved 364544K
  class space    used 7378K, committed 7616K, reserved 315392K
}
Event: 6.077 GC heap after
{Heap after GC invocations=8 (full 0):
 garbage-first heap   total 262144K, used 49253K [0x00000000e0000000, 0x0000000100000000)
  region size 1024K, 18 young (18432K), 18 survivors (18432K)
 Metaspace       used 52703K, committed 53184K, reserved 364544K
  class space    used 7378K, committed 7616K, reserved 315392K
}
Event: 6.998 GC heap before
{Heap before GC invocations=8 (full 0):
 garbage-first heap   total 262144K, used 187493K [0x00000000e0000000, 0x0000000100000000)
  region size 1024K, 153 young (156672K), 18 survivors (18432K)
 Metaspace       used 56296K, committed 56896K, reserved 372736K
  class space    used 7741K, committed 8000K, reserved 315392K
}
Event: 7.007 GC heap after
{Heap after GC invocations=9 (full 0):
 garbage-first heap   total 262144K, used 58368K [0x00000000e0000000, 0x0000000100000000)
  region size 1024K, 17 young (17408K), 17 survivors (17408K)
 Metaspace       used 56296K, committed 56896K, reserved 372736K
  class space    used 7741K, committed 8000K, reserved 315392K
}
Event: 7.515 GC heap before
{Heap before GC invocations=9 (full 0):
 garbage-first heap   total 262144K, used 112640K [0x00000000e0000000, 0x0000000100000000)
  region size 1024K, 71 young (72704K), 17 survivors (17408K)
 Metaspace       used 59899K, committed 60416K, reserved 372736K
  class space    used 8170K, committed 8448K, reserved 315392K
}
Event: 7.527 GC heap after
{Heap after GC invocations=10 (full 0):
 garbage-first heap   total 262144K, used 60623K [0x00000000e0000000, 0x0000000100000000)
  region size 1024K, 12 young (12288K), 12 survivors (12288K)
 Metaspace       used 59899K, committed 60416K, reserved 372736K
  class space    used 8170K, committed 8448K, reserved 315392K
}
Event: 84.649 GC heap before
{Heap before GC invocations=11 (full 0):
 garbage-first heap   total 262144K, used 194767K [0x00000000e0000000, 0x0000000100000000)
  region size 1024K, 144 young (147456K), 12 survivors (12288K)
 Metaspace       used 65702K, committed 66240K, reserved 380928K
  class space    used 8705K, committed 8960K, reserved 315392K
}
Event: 84.655 GC heap after
{Heap after GC invocations=12 (full 0):
 garbage-first heap   total 262144K, used 67245K [0x00000000e0000000, 0x0000000100000000)
  region size 1024K, 11 young (11264K), 11 survivors (11264K)
 Metaspace       used 65702K, committed 66240K, reserved 380928K
  class space    used 8705K, committed 8960K, reserved 315392K
}

Deoptimization events (20 events):
Event: 84.438 Thread 0x000001e56e584660 DEOPT PACKING pc=0x000001e55c8e8732 sp=0x000000adda7f8b60
Event: 84.438 Thread 0x000001e56e584660 DEOPT UNPACKING pc=0x000001e562a82b43 sp=0x000000adda7f8070 mode 0
Event: 84.543 Thread 0x000001e56e584660 DEOPT PACKING pc=0x000001e55c8e8753 sp=0x000000adda7f9b60
Event: 84.543 Thread 0x000001e56e584660 DEOPT UNPACKING pc=0x000001e562a82b43 sp=0x000000adda7f9070 mode 0
Event: 84.565 Thread 0x000001e56e584660 DEOPT PACKING pc=0x000001e55c8e8732 sp=0x000000adda7f9510
Event: 84.565 Thread 0x000001e56e584660 DEOPT UNPACKING pc=0x000001e562a82b43 sp=0x000000adda7f8a20 mode 0
Event: 84.586 Thread 0x000001e56e584660 DEOPT PACKING pc=0x000001e55c8e8732 sp=0x000000adda7f9660
Event: 84.586 Thread 0x000001e56e584660 DEOPT UNPACKING pc=0x000001e562a82b43 sp=0x000000adda7f8b70 mode 0
Event: 84.631 Thread 0x000001e56e584660 DEOPT PACKING pc=0x000001e55c8e8732 sp=0x000000adda7f9510
Event: 84.631 Thread 0x000001e56e584660 DEOPT UNPACKING pc=0x000001e562a82b43 sp=0x000000adda7f8a20 mode 0
Event: 84.636 Thread 0x000001e56e584660 DEOPT PACKING pc=0x000001e55c8e8753 sp=0x000000adda7f8980
Event: 84.636 Thread 0x000001e56e584660 DEOPT UNPACKING pc=0x000001e562a82b43 sp=0x000000adda7f7e90 mode 0
Event: 84.641 Thread 0x000001e56e584660 DEOPT PACKING pc=0x000001e55c8e8753 sp=0x000000adda7f8a90
Event: 84.641 Thread 0x000001e56e584660 DEOPT UNPACKING pc=0x000001e562a82b43 sp=0x000000adda7f7fa0 mode 0
Event: 84.656 Thread 0x000001e56e565e40 Uncommon trap: trap_request=0xffffff45 fr.pc=0x000001e563645e10 relative=0x0000000000000bd0
Event: 84.656 Thread 0x000001e56e565e40 Uncommon trap: reason=unstable_if action=reinterpret pc=0x000001e563645e10 method=java.lang.ThreadLocal.get()Ljava/lang/Object; @ 11 c2
Event: 84.656 Thread 0x000001e56e565e40 DEOPT PACKING pc=0x000001e563645e10 sp=0x000000add8ffeb40
Event: 84.656 Thread 0x000001e56e565e40 DEOPT UNPACKING pc=0x000001e562a823a3 sp=0x000000add8ffeac0 mode 2
Event: 84.667 Thread 0x000001e56e584660 DEOPT PACKING pc=0x000001e55c8e8753 sp=0x000000adda7f8c80
Event: 84.667 Thread 0x000001e56e584660 DEOPT UNPACKING pc=0x000001e562a82b43 sp=0x000000adda7f8190 mode 0

Classes unloaded (0 events):
No events

Classes redefined (0 events):
No events

Internal exceptions (20 events):
Event: 6.576 Thread 0x000001e56e584660 Exception <a 'java/lang/NoClassDefFoundError'{0x00000000ec415728}: org/jetbrains/kotlin/gradle/plugin/KotlinPluginWrapper> (0x00000000ec415728) 
thrown [s\open\src\hotspot\share\oops\constantPool.cpp, line 835]
Event: 6.576 Thread 0x000001e56e584660 Exception <a 'java/lang/NoClassDefFoundError'{0x00000000ec417d70}: org/graalvm/buildtools/gradle/NativeImagePlugin> (0x00000000ec417d70) 
thrown [s\open\src\hotspot\share\oops\constantPool.cpp, line 835]
Event: 6.581 Thread 0x000001e56e584660 Exception <a 'java/lang/NoSuchMethodError'{0x00000000ec45d168}: 'long java.lang.invoke.DirectMethodHandle$Holder.invokeVirtual(java.lang.Object, java.lang.Object)'> (0x00000000ec45d168) 
thrown [s\open\src\hotspot\share\interpreter\linkResolver.cpp, line 759]
Event: 6.585 Thread 0x000001e5747124d0 Exception <a 'java/lang/NoSuchMethodError'{0x00000000ec483a88}: static Lorg/gradle/internal/build/event/types/DefaultOperationFinishedProgressEvent;.<clinit>()V> (0x00000000ec483a88) 
thrown [s\open\src\hotspot\share\prims\jni.cpp, line 1107]
Event: 6.586 Thread 0x000001e5747124d0 Exception <a 'java/lang/NoSuchMethodError'{0x00000000ec30f8e0}: static Lorg/gradle/internal/build/event/types/DefaultProjectConfigurationSuccessResult;.<clinit>()V> (0x00000000ec30f8e0) 
thrown [s\open\src\hotspot\share\prims\jni.cpp, line 1107]
Event: 6.586 Thread 0x000001e5747124d0 Exception <a 'java/lang/NoSuchMethodError'{0x00000000ec310998}: static Lorg/gradle/internal/build/event/types/AbstractProjectConfigurationResult;.<clinit>()V> (0x00000000ec310998) 
thrown [s\open\src\hotspot\share\prims\jni.cpp, line 1107]
Event: 6.586 Thread 0x000001e5747124d0 Exception <a 'java/lang/NoSuchMethodError'{0x00000000ec311c48}: static Lorg/gradle/internal/build/event/types/AbstractOperationResult;.<clinit>()V> (0x00000000ec311c48) 
thrown [s\open\src\hotspot\share\prims\jni.cpp, line 1107]
Event: 6.587 Thread 0x000001e5747124d0 Exception <a 'java/lang/NoSuchMethodError'{0x00000000ec3251b0}: static Lorg/gradle/internal/build/event/types/DefaultPluginApplicationResult;.<clinit>()V> (0x00000000ec3251b0) 
thrown [s\open\src\hotspot\share\prims\jni.cpp, line 1107]
Event: 6.588 Thread 0x000001e5747124d0 Exception <a 'java/lang/NoSuchMethodError'{0x00000000ec33a7b8}: static Lorg/gradle/internal/build/event/types/DefaultScriptPluginIdentifier;.<clinit>()V> (0x00000000ec33a7b8) 
thrown [s\open\src\hotspot\share\prims\jni.cpp, line 1107]
Event: 6.634 Thread 0x000001e56e584660 Exception <a 'java/lang/NoSuchMethodError'{0x00000000ebffa8a8}: 'void java.lang.invoke.DirectMethodHandle$Holder.invokeSpecial(java.lang.Object, java.lang.Object, java.lang.Object, java.lang.Object, java.lang.Object, java.lang.Object, java.lang.Object, java.lang.Object, java.lang.Object, java.lang.Object)'> (0x00000000ebffa8a8) 
thrown [s\open\src\hotspot\share\interpreter\linkResolver.cpp, line 759]
Event: 6.634 Thread 0x000001e56e584660 Exception <a 'java/lang/NoSuchMethodError'{0x00000000ebe06450}: 'java.lang.Object java.lang.invoke.DirectMethodHandle$Holder.newInvokeSpecial(java.lang.Object, java.lang.Object, java.lang.Object, java.lang.Object, java.lang.Object, java.lang.Object, java.lang.Object, java.lang.Object, java.lang.Object)'> (0x00000000ebe06450) 
thrown [s\open\src\hotspot\share\interpreter\linkResolver.cpp, line 759]
Event: 6.634 Thread 0x000001e56e584660 Exception <a 'java/lang/NoSuchMethodError'{0x00000000ebe0b238}: 'java.lang.Object java.lang.invoke.Invokers$Holder.linkToTargetMethod(java.lang.Object, java.lang.Object, java.lang.Object, java.lang.Object, java.lang.Object, java.lang.Object, java.lang.Object, java.lang.Object, java.lang.Object)'> (0x00000000ebe0b238) 
thrown [s\open\src\hotspot\share\interpreter\linkResolver.cpp, line 759]
Event: 7.163 Thread 0x000001e56e584660 Exception <a 'sun/nio/fs/WindowsException'{0x00000000ed819dc8}> (0x00000000ed819dc8) 
thrown [s\open\src\hotspot\share\prims\jni.cpp, line 516]
Event: 9.401 Thread 0x000001e5747124d0 Exception <a 'java/lang/NoSuchMethodError'{0x00000000ef5a2120}: static Lorg/gradle/internal/build/event/types/DefaultFileDownloadDescriptor;.<clinit>()V> (0x00000000ef5a2120) 
thrown [s\open\src\hotspot\share\prims\jni.cpp, line 1107]
Event: 9.616 Thread 0x000001e5747124d0 Exception <a 'java/lang/NoSuchMethodError'{0x00000000ef4019e8}: static Lorg/gradle/internal/build/event/types/DefaultStatusEvent;.<clinit>()V> (0x00000000ef4019e8) 
thrown [s\open\src\hotspot\share\prims\jni.cpp, line 1107]
Event: 10.423 Thread 0x000001e5747124d0 Exception <a 'java/lang/NoSuchMethodError'{0x00000000ef4fdb38}: static Lorg/gradle/internal/build/event/types/DefaultFileDownloadSuccessResult;.<clinit>()V> (0x00000000ef4fdb38) 
thrown [s\open\src\hotspot\share\prims\jni.cpp, line 1107]
Event: 10.423 Thread 0x000001e5747124d0 Exception <a 'java/lang/NoSuchMethodError'{0x00000000ef4fe6e8}: static Lorg/gradle/internal/build/event/types/DefaultSuccessResult;.<clinit>()V> (0x00000000ef4fe6e8) 
thrown [s\open\src\hotspot\share\prims\jni.cpp, line 1107]
Event: 11.351 Thread 0x000001e5747124d0 Exception <a 'java/lang/NoSuchMethodError'{0x00000000ef0076a0}: static Lorg/gradle/internal/build/event/types/NotFoundFileDownloadSuccessResult;.<clinit>()V> (0x00000000ef0076a0) 
thrown [s\open\src\hotspot\share\prims\jni.cpp, line 1107]
Event: 84.656 Thread 0x000001e56e565e40 Implicit null exception at 0x000001e563645280 to 0x000001e563645df8
Event: 84.707 Thread 0x000001e56e584660 Exception <a 'java/lang/IncompatibleClassChangeError'{0x00000000ef2ef988}: Found class java.lang.Object, but interface was expected> (0x00000000ef2ef988) 
thrown [s\open\src\hotspot\share\interpreter\linkResolver.cpp, line 826]

VM Operations (20 events):
Event: 79.032 Executing VM operation: Cleanup
Event: 79.032 Executing VM operation: Cleanup done
Event: 80.040 Executing VM operation: Cleanup
Event: 80.040 Executing VM operation: Cleanup done
Event: 81.048 Executing VM operation: Cleanup
Event: 81.049 Executing VM operation: Cleanup done
Event: 82.055 Executing VM operation: Cleanup
Event: 82.055 Executing VM operation: Cleanup done
Event: 83.077 Executing VM operation: Cleanup
Event: 83.077 Executing VM operation: Cleanup done
Event: 84.562 Executing VM operation: ICBufferFull
Event: 84.563 Executing VM operation: ICBufferFull done
Event: 84.649 Executing VM operation: G1CollectForAllocation
Event: 84.655 Executing VM operation: G1CollectForAllocation done
Event: 84.656 Executing VM operation: HandshakeAllThreads
Event: 84.657 Executing VM operation: HandshakeAllThreads done
Event: 84.688 Executing VM operation: G1Concurrent
Event: 84.690 Executing VM operation: G1Concurrent done
Event: 84.707 Executing VM operation: G1Concurrent
Event: 84.707 Executing VM operation: G1Concurrent done

Events (20 events):
Event: 84.656 loading class sun/security/ssl/Alert done
Event: 84.656 loading class sun/security/ssl/Alert$AlertConsumer
Event: 84.656 loading class sun/security/ssl/Alert$AlertConsumer done
Event: 84.656 loading class sun/security/ssl/Alert$Level
Event: 84.656 loading class sun/security/ssl/Alert$Level done
Event: 84.658 Thread 0x000001e56e58fd40 flushing nmethod 0x000001e5632d4810
Event: 84.658 Thread 0x000001e56e58fd40 flushing nmethod 0x000001e5633adb90
Event: 84.658 Thread 0x000001e56e58fd40 flushing nmethod 0x000001e5633c4790
Event: 84.659 Thread 0x000001e56e58fd40 flushing nmethod 0x000001e55b52ab90
Event: 84.660 Thread 0x000001e56e58fd40 flushing nmethod 0x000001e55b7c1e90
Event: 84.663 Thread 0x000001e56e58fd40 flushing nmethod 0x000001e55bd3a290
Event: 84.663 Thread 0x000001e56e58fd40 flushing nmethod 0x000001e55be7a490
Event: 84.664 Thread 0x000001e56e58fd40 flushing nmethod 0x000001e55c092a10
Event: 84.664 Thread 0x000001e56e58fd40 flushing nmethod 0x000001e55c12ce90
Event: 84.664 Thread 0x000001e56e58fd40 flushing nmethod 0x000001e55c12ea10
Event: 84.664 Thread 0x000001e56e58fd40 flushing nmethod 0x000001e55c131710
Event: 84.664 Thread 0x000001e56e58fd40 flushing nmethod 0x000001e55c136310
Event: 84.664 Thread 0x000001e56e58fd40 flushing nmethod 0x000001e55c137190
Event: 84.664 Thread 0x000001e56e58fd40 flushing nmethod 0x000001e55c138e90
Event: 84.717 Thread 0x000001e574b211c0 Thread added: 0x000001e574b211c0


Dynamic libraries:
0x00007ff7e6960000 - 0x00007ff7e6970000 	C:\JDK\jdk-17.0.6\bin\java.exe
0x00007ff8560b0000 - 0x00007ff8562a8000 	C:\WINDOWS\SYSTEM32\ntdll.dll
0x00007ff855d10000 - 0x00007ff855dcd000 	C:\WINDOWS\System32\KERNEL32.DLL
0x00007ff853e10000 - 0x00007ff854106000 	C:\WINDOWS\System32\KERNELBASE.dll
0x00007ff853a70000 - 0x00007ff853b70000 	C:\WINDOWS\System32\ucrtbase.dll
0x00007ff8279b0000 - 0x00007ff8279cb000 	C:\JDK\jdk-17.0.6\bin\VCRUNTIME140.dll
0x00007ff827990000 - 0x00007ff8279a8000 	C:\JDK\jdk-17.0.6\bin\jli.dll
0x00007ff855c60000 - 0x00007ff855d0f000 	C:\WINDOWS\System32\ADVAPI32.dll
0x00007ff855220000 - 0x00007ff8552be000 	C:\WINDOWS\System32\msvcrt.dll
0x00007ff854dd0000 - 0x00007ff854e6c000 	C:\WINDOWS\System32\sechost.dll
0x00007ff855330000 - 0x00007ff855456000 	C:\WINDOWS\System32\RPCRT4.dll
0x00007ff855650000 - 0x00007ff8557ee000 	C:\WINDOWS\System32\USER32.dll
0x00007ff8537e0000 - 0x00007ff853802000 	C:\WINDOWS\System32\win32u.dll
0x00007ff855fc0000 - 0x00007ff855fec000 	C:\WINDOWS\System32\GDI32.dll
0x00007ff8538e0000 - 0x00007ff8539fa000 	C:\WINDOWS\System32\gdi32full.dll
0x00007ff839160000 - 0x00007ff8393fa000 	C:\WINDOWS\WinSxS\amd64_microsoft.windows.common-controls_6595b64144ccf1df_6.0.19041.3636_none_60b6a03d71f818d5\COMCTL32.dll
0x00007ff853840000 - 0x00007ff8538dd000 	C:\WINDOWS\System32\msvcp_win.dll
0x00007ff84d590000 - 0x00007ff84d59a000 	C:\WINDOWS\SYSTEM32\VERSION.dll
0x00007ff8541e0000 - 0x00007ff854210000 	C:\WINDOWS\System32\IMM32.DLL
0x00007ff847060000 - 0x00007ff84706c000 	C:\JDK\jdk-17.0.6\bin\vcruntime140_1.dll
0x00007ff818e20000 - 0x00007ff818eae000 	C:\JDK\jdk-17.0.6\bin\msvcp140.dll
0x00007fffba360000 - 0x00007fffbaf37000 	C:\JDK\jdk-17.0.6\bin\server\jvm.dll
0x00007ff855620000 - 0x00007ff855628000 	C:\WINDOWS\System32\PSAPI.DLL
0x00007ff84b390000 - 0x00007ff84b399000 	C:\WINDOWS\SYSTEM32\WSOCK32.dll
0x00007ff830480000 - 0x00007ff8304a7000 	C:\WINDOWS\SYSTEM32\WINMM.dll
0x00007ff8552c0000 - 0x00007ff85532b000 	C:\WINDOWS\System32\WS2_32.dll
0x00007ff851630000 - 0x00007ff851642000 	C:\WINDOWS\SYSTEM32\kernel.appcore.dll
0x00007ff833750000 - 0x00007ff83375a000 	C:\JDK\jdk-17.0.6\bin\jimage.dll
0x00007ff84c870000 - 0x00007ff84ca54000 	C:\WINDOWS\SYSTEM32\DBGHELP.DLL
0x00007ff84c750000 - 0x00007ff84c784000 	C:\WINDOWS\SYSTEM32\dbgcore.DLL
0x00007ff853d80000 - 0x00007ff853e02000 	C:\WINDOWS\System32\bcryptPrimitives.dll
0x00007ff851120000 - 0x00007ff85112e000 	C:\JDK\jdk-17.0.6\bin\instrument.dll
0x00007ff828930000 - 0x00007ff828955000 	C:\JDK\jdk-17.0.6\bin\java.dll
0x00007ff811740000 - 0x00007ff811817000 	C:\JDK\jdk-17.0.6\bin\jsvml.dll
0x00007ff854210000 - 0x00007ff854955000 	C:\WINDOWS\System32\SHELL32.dll
0x00007ff851830000 - 0x00007ff851fcb000 	C:\WINDOWS\SYSTEM32\windows.storage.dll
0x00007ff854960000 - 0x00007ff854cb4000 	C:\WINDOWS\System32\combase.dll
0x00007ff8530f0000 - 0x00007ff85311d000 	C:\WINDOWS\SYSTEM32\Wldp.dll
0x00007ff854e70000 - 0x00007ff854f1d000 	C:\WINDOWS\System32\SHCORE.dll
0x00007ff855dd0000 - 0x00007ff855e25000 	C:\WINDOWS\System32\shlwapi.dll
0x00007ff8536c0000 - 0x00007ff8536e5000 	C:\WINDOWS\SYSTEM32\profapi.dll
0x00007ff823090000 - 0x00007ff8230a8000 	C:\JDK\jdk-17.0.6\bin\zip.dll
0x00007ff825210000 - 0x00007ff825229000 	C:\JDK\jdk-17.0.6\bin\net.dll
0x00007ff84e530000 - 0x00007ff84e63a000 	C:\WINDOWS\SYSTEM32\WINHTTP.dll
0x00007ff852ed0000 - 0x00007ff852f3a000 	C:\WINDOWS\system32\mswsock.dll
0x00007ff8230b0000 - 0x00007ff8230c6000 	C:\JDK\jdk-17.0.6\bin\nio.dll
0x00007ff828870000 - 0x00007ff828880000 	C:\JDK\jdk-17.0.6\bin\verify.dll
0x00007ff8279d0000 - 0x00007ff8279f7000 	C:\Users\aaa\.gradle\native\c067742578af261105cb4f569cf0c3c89f3d7b1fecec35dd04571415982c5e48\windows-amd64\native-platform.dll
0x00007ff811a00000 - 0x00007ff811b44000 	C:\Users\aaa\.gradle\native\38dada09dfb8b06ba9b0570ebf7e218e3eb74d4ef43ca46872605cf95ebc2f47\windows-amd64\native-platform-file-events.dll
0x00007ff832f40000 - 0x00007ff832f4a000 	C:\JDK\jdk-17.0.6\bin\management.dll
0x00007ff832ee0000 - 0x00007ff832eeb000 	C:\JDK\jdk-17.0.6\bin\management_ext.dll
0x00007ff853130000 - 0x00007ff853148000 	C:\WINDOWS\SYSTEM32\CRYPTSP.dll
0x00007ff852750000 - 0x00007ff852784000 	C:\WINDOWS\system32\rsaenh.dll
0x00007ff853810000 - 0x00007ff853837000 	C:\WINDOWS\System32\bcrypt.dll
0x00007ff853640000 - 0x00007ff85366e000 	C:\WINDOWS\SYSTEM32\USERENV.dll
0x00007ff853060000 - 0x00007ff85306c000 	C:\WINDOWS\SYSTEM32\CRYPTBASE.dll
0x00007ff852b90000 - 0x00007ff852bcb000 	C:\WINDOWS\SYSTEM32\IPHLPAPI.DLL
0x00007ff855610000 - 0x00007ff855618000 	C:\WINDOWS\System32\NSI.dll
0x00007ff84eef0000 - 0x00007ff84ef07000 	C:\WINDOWS\SYSTEM32\dhcpcsvc6.DLL
0x00007ff84eec0000 - 0x00007ff84eedd000 	C:\WINDOWS\SYSTEM32\dhcpcsvc.DLL
0x00007ff852bd0000 - 0x00007ff852c9a000 	C:\WINDOWS\SYSTEM32\DNSAPI.dll
0x00007ff832060000 - 0x00007ff83206d000 	C:\JDK\jdk-17.0.6\bin\sunmscapi.dll
0x00007ff853c20000 - 0x00007ff853d7d000 	C:\WINDOWS\System32\CRYPT32.dll
0x00007ff853240000 - 0x00007ff853267000 	C:\WINDOWS\SYSTEM32\ncrypt.dll
0x00007ff853200000 - 0x00007ff85323b000 	C:\WINDOWS\SYSTEM32\NTASN1.dll
0x00007ff84cec0000 - 0x00007ff84cec7000 	C:\WINDOWS\system32\wshunix.dll
0x00007ff84d7d0000 - 0x00007ff84d7da000 	C:\Windows\System32\rasadhlp.dll
0x00007ff84e190000 - 0x00007ff84e210000 	C:\WINDOWS\System32\fwpuclnt.dll

dbghelp: loaded successfully - version: 4.0.5 - missing functions: none
symbol engine: initialized successfully - sym options: 0x614 - pdb path: .;C:\JDK\jdk-17.0.6\bin;C:\WINDOWS\SYSTEM32;C:\WINDOWS\WinSxS\amd64_microsoft.windows.common-controls_6595b64144ccf1df_6.0.19041.3636_none_60b6a03d71f818d5;C:\JDK\jdk-17.0.6\bin\server;C:\Users\aaa\.gradle\native\c067742578af261105cb4f569cf0c3c89f3d7b1fecec35dd04571415982c5e48\windows-amd64;C:\Users\aaa\.gradle\native\38dada09dfb8b06ba9b0570ebf7e218e3eb74d4ef43ca46872605cf95ebc2f47\windows-amd64

VM Arguments:
jvm_args: --add-opens=java.base/java.util=ALL-UNNAMED --add-opens=java.base/java.lang=ALL-UNNAMED --add-opens=java.base/java.lang.invoke=ALL-UNNAMED --add-opens=java.prefs/java.util.prefs=ALL-UNNAMED --add-opens=java.base/java.nio.charset=ALL-UNNAMED --add-opens=java.base/java.net=ALL-UNNAMED --add-opens=java.base/java.util.concurrent.atomic=ALL-UNNAMED -XX:MaxMetaspaceSize=384m -XX:+HeapDumpOnOutOfMemoryError -Xms256m -Xmx512m -Dfile.encoding=x-windows-949 -Duser.country=KR -Duser.language=ko -Duser.variant -javaagent:C:\Users\aaa\.gradle\wrapper\dists\gradle-8.5-bin\5t9huq95ubn472n8rpzujfbqh\gradle-8.5\lib\agents\gradle-instrumentation-agent-8.5.jar 
java_command: org.gradle.launcher.daemon.bootstrap.GradleDaemon 8.5
java_class_path (initial): C:\Users\aaa\.gradle\wrapper\dists\gradle-8.5-bin\5t9huq95ubn472n8rpzujfbqh\gradle-8.5\lib\gradle-launcher-8.5.jar
Launcher Type: SUN_STANDARD

[Global flags]
     intx CICompilerCount                          = 4                                         {product} {ergonomic}
   size_t CompressedClassSpaceSize                 = 322961408                                 {product} {ergonomic}
     uint ConcGCThreads                            = 2                                         {product} {ergonomic}
     uint G1ConcRefinementThreads                  = 8                                         {product} {ergonomic}
   size_t G1HeapRegionSize                         = 1048576                                   {product} {ergonomic}
    uintx GCDrainStackTargetSize                   = 64                                        {product} {ergonomic}
     bool HeapDumpOnOutOfMemoryError               = true                                   {manageable} {command line}
   size_t InitialHeapSize                          = 268435456                                 {product} {command line}
   size_t MarkStackSize                            = 4194304                                   {product} {ergonomic}
   size_t MaxHeapSize                              = 536870912                                 {product} {command line}
   size_t MaxMetaspaceSize                         = 402653184                                 {product} {command line}
   size_t MaxNewSize                               = 321912832                                 {product} {ergonomic}
   size_t MinHeapDeltaBytes                        = 1048576                                   {product} {ergonomic}
   size_t MinHeapSize                              = 268435456                                 {product} {command line}
    uintx NonNMethodCodeHeapSize                   = 5839372                                {pd product} {ergonomic}
    uintx NonProfiledCodeHeapSize                  = 122909434                              {pd product} {ergonomic}
    uintx ProfiledCodeHeapSize                     = 122909434                              {pd product} {ergonomic}
    uintx ReservedCodeCacheSize                    = 251658240                              {pd product} {ergonomic}
     bool SegmentedCodeCache                       = true                                      {product} {ergonomic}
   size_t SoftMaxHeapSize                          = 536870912                              {manageable} {ergonomic}
     bool UseCompressedClassPointers               = true                           {product lp64_product} {ergonomic}
     bool UseCompressedOops                        = true                           {product lp64_product} {ergonomic}
     bool UseG1GC                                  = true                                      {product} {ergonomic}
     bool UseLargePagesIndividualAllocation        = false                                  {pd product} {ergonomic}

Logging:
Log output configuration:
 #0: stdout all=warning uptime,level,tags
 #1: stderr all=off uptime,level,tags

Environment Variables:
JAVA_HOME=C:\JDK\jdk-17.0.6
CLASSPATH=C:\JDK\jdk-17.0.6\lib;.;C:\apache-tomcat-10.1.7\lib\servlet-api.jar;
PATH=C:\Oracle\product\21c\dbhomeXE\bin;C:\WINDOWS\system32;C:\WINDOWS;C:\WINDOWS\System32\Wbem;C:\WINDOWS\System32\WindowsPowerShell\v1.0\;C:\WINDOWS\System32\OpenSSH\;C:\Program Files\Bandizip\;C:\Program Files\Git\cmd;C:\Program Files\Docker\Docker\resources\bin;C:\nodejs\;C:\Users\aaa\AppData\Local\Programs\Python\Python311\Scripts\;C:\Users\aaa\AppData\Local\Programs\Python\Python311\;C:\Users\aaa\AppData\Local\Microsoft\WindowsApps;C:\Users\aaa\AppData\Local\Programs\Microsoft VS Code\bin;C:\JDK\jdk-17.0.6\bin;C:\Users\aaa\AppData\Roaming\npm;C:\Program Files\JetBrains\IntelliJ IDEA 2023.2.5\bin;
USERNAME=aaa
OS=Windows_NT
PROCESSOR_IDENTIFIER=Intel64 Family 6 Model 158 Stepping 13, GenuineIntel



---------------  S Y S T E M  ---------------

OS:
 Windows 10 , 64 bit Build 19041 (10.0.19041.3636)
OS uptime: 3 days 14:30 hours
Hyper-V role detected

CPU: total 8 (initial active 8) (8 cores per cpu, 1 threads per core) family 6 model 158 stepping 13 microcode 0xaa, cx8, cmov, fxsr, mmx, 3dnowpref, sse, sse2, sse3, ssse3, sse4.1, sse4.2, popcnt, lzcnt, tsc, tscinvbit, avx, avx2, aes, erms, clmul, bmi1, bmi2, rtm, adx, fma, vzeroupper, clflush, clflushopt, hv

Memory: 4k page, system-wide physical 32700M (10670M free)
TotalPageFile size 37683M (AvailPageFile size 6M)
current process WorkingSet (physical memory assigned to process): 448M, peak: 448M
current process commit charge ("private bytes"): 523M, peak: 530M

vm_info: Java HotSpot(TM) 64-Bit Server VM (17.0.6+9-LTS-190) for windows-amd64 JRE (17.0.6+9-LTS-190), built on Dec  6 2022 15:53:54 by "mach5one" with MS VC++ 17.1 (VS2022)

END.
