#
# There is insufficient memory for the Java Runtime Environment to continue.
# Native memory allocation (mmap) failed to map 536870912 bytes for G1 virtual space
# Possible reasons:
#   The system is out of physical RAM or swap space
#   The process is running with CompressedOops enabled, and the Java Heap may be blocking the growth of the native heap
# Possible solutions:
#   Reduce memory load on the system
#   Increase physical memory or swap space
#   Check if swap backing store is full
#   Decrease Java heap size (-Xmx/-Xms)
#   Decrease number of Java threads
#   Decrease Java thread stack sizes (-Xss)
#   Set larger code cache with -XX:ReservedCodeCacheSize=
#   JVM is running with Zero Based Compressed Oops mode in which the Java heap is
#     placed in the first 32GB address space. The Java Heap base address is the
#     maximum limit for the native heap growth. Please use -XX:HeapBaseMinAddress
#     to set the Java Heap base and to place the Java Heap above 32GB virtual address.
# This output file may be truncated or incomplete.
#
#  Out of Memory Error (os_windows.cpp:3550), pid=19352, tid=1684
#
# JRE version:  (17.0.6+9) (build )
# Java VM: Java HotSpot(TM) 64-Bit Server VM (17.0.6+9-LTS-190, mixed mode, sharing, tiered, compressed oops, compressed class ptrs, g1 gc, windows-amd64)
# No core dump will be written. Minidumps are not enabled by default on client versions of Windows
#

---------------  S U M M A R Y ------------

Command Line: -XX:+ShowCodeDetailsInExceptionMessages com.dormitory.DormitoryApplication

Host: Intel(R) Core(TM) i7-9700 CPU @ 3.00GHz, 8 cores, 31G,  Windows 10 , 64 bit Build 19041 (10.0.19041.3636)
Time: Mon Dec 18 09:52:24 2023  Windows 10 , 64 bit Build 19041 (10.0.19041.3636) elapsed time: 0.006814 seconds (0d 0h 0m 0s)

---------------  T H R E A D  ---------------

Current thread (0x0000025b2af33b40):  JavaThread "Unknown thread" [_thread_in_vm, id=1684, stack(0x000000bd9ea00000,0x000000bd9eb00000)]

Stack: [0x000000bd9ea00000,0x000000bd9eb00000]
Native frames: (J=compiled Java code, j=interpreted, Vv=VM code, C=native code)
V  [jvm.dll+0x6734ea]
V  [jvm.dll+0x7d18f4]
V  [jvm.dll+0x7d309e]
V  [jvm.dll+0x7d3703]
V  [jvm.dll+0x2433c5]
V  [jvm.dll+0x6703f9]
V  [jvm.dll+0x664d32]
V  [jvm.dll+0x300086]
V  [jvm.dll+0x307606]
V  [jvm.dll+0x356c1e]
V  [jvm.dll+0x356e4f]
V  [jvm.dll+0x2d72e8]
V  [jvm.dll+0x2d8254]
V  [jvm.dll+0x7a33b1]
V  [jvm.dll+0x3647f1]
V  [jvm.dll+0x782839]
V  [jvm.dll+0x3e757f]
V  [jvm.dll+0x3e9001]
C  [jli.dll+0x5297]
C  [ucrtbase.dll+0x21bb2]
C  [KERNEL32.DLL+0x17344]
C  [ntdll.dll+0x526b1]


---------------  P R O C E S S  ---------------

Threads class SMR info:
_java_thread_list=0x00007fffbae0e958, length=0, elements={
}

Java Threads: ( => current thread )

Other Threads:
  0x0000025b2afe8690 GCTaskThread "GC Thread#0" [stack: 0x000000bd9eb00000,0x000000bd9ec00000] [id=14348]
  0x0000025b2aff9550 ConcurrentGCThread "G1 Main Marker" [stack: 0x000000bd9ec00000,0x000000bd9ed00000] [id=19140]
  0x0000025b2aff9f60 ConcurrentGCThread "G1 Conc#0" [stack: 0x000000bd9ed00000,0x000000bd9ee00000] [id=20848]

[error occurred during error reporting (printing all threads), id 0xc0000005, EXCEPTION_ACCESS_VIOLATION (0xc0000005) at pc=0x00007fffba647f07]

VM state: not at safepoint (not fully initialized)

VM Mutex/Monitor currently owned by a thread:  ([mutex/lock_event])
[0x0000025b2af2f1b0] Heap_lock - owner thread: 0x0000025b2af33b40

Heap address: 0x0000000601000000, size: 8176 MB, Compressed Oops mode: Zero based, Oop shift amount: 3

CDS archive(s) mapped at: [0x0000000000000000-0x0000000000000000-0x0000000000000000), size 0, SharedBaseAddress: 0x0000000800000000, ArchiveRelocationMode: 0.
Narrow klass base: 0x0000000000000000, Narrow klass shift: 0, Narrow klass range: 0x0

GC Precious Log:
<Empty>

Heap:
 garbage-first heap   total 0K, used 0K [0x0000000601000000, 0x0000000800000000)
  region size 4096K, 0 young (0K), 0 survivors (0K)

[error occurred during error reporting (printing heap information), id 0xc0000005, EXCEPTION_ACCESS_VIOLATION (0xc0000005) at pc=0x00007fffbaa2c759]

GC Heap History (0 events):
No events

Deoptimization events (0 events):
No events

Classes unloaded (0 events):
No events

Classes redefined (0 events):
No events

Internal exceptions (0 events):
No events

VM Operations (0 events):
No events

Events (1 events):
Event: 0.003 Loaded shared library C:\JDK\jdk-17.0.6\bin\java.dll


Dynamic libraries:
0x00007ff7e6960000 - 0x00007ff7e6970000 	C:\JDK\jdk-17.0.6\bin\java.exe
0x00007ff8560b0000 - 0x00007ff8562a8000 	C:\WINDOWS\SYSTEM32\ntdll.dll
0x00007ff855d10000 - 0x00007ff855dcd000 	C:\WINDOWS\System32\KERNEL32.DLL
0x00007ff853e10000 - 0x00007ff854106000 	C:\WINDOWS\System32\KERNELBASE.dll
0x00007ff853a70000 - 0x00007ff853b70000 	C:\WINDOWS\System32\ucrtbase.dll
0x00007ff8279b0000 - 0x00007ff8279cb000 	C:\JDK\jdk-17.0.6\bin\VCRUNTIME140.dll
0x00007ff827990000 - 0x00007ff8279a8000 	C:\JDK\jdk-17.0.6\bin\jli.dll
0x00007ff855c60000 - 0x00007ff855d0f000 	C:\WINDOWS\System32\ADVAPI32.dll
0x00007ff855220000 - 0x00007ff8552be000 	C:\WINDOWS\System32\msvcrt.dll
0x00007ff854dd0000 - 0x00007ff854e6c000 	C:\WINDOWS\System32\sechost.dll
0x00007ff855330000 - 0x00007ff855456000 	C:\WINDOWS\System32\RPCRT4.dll
0x00007ff855650000 - 0x00007ff8557ee000 	C:\WINDOWS\System32\USER32.dll
0x00007ff8537e0000 - 0x00007ff853802000 	C:\WINDOWS\System32\win32u.dll
0x00007ff839160000 - 0x00007ff8393fa000 	C:\WINDOWS\WinSxS\amd64_microsoft.windows.common-controls_6595b64144ccf1df_6.0.19041.3636_none_60b6a03d71f818d5\COMCTL32.dll
0x00007ff855fc0000 - 0x00007ff855fec000 	C:\WINDOWS\System32\GDI32.dll
0x00007ff8538e0000 - 0x00007ff8539fa000 	C:\WINDOWS\System32\gdi32full.dll
0x00007ff853840000 - 0x00007ff8538dd000 	C:\WINDOWS\System32\msvcp_win.dll
0x00007ff84d590000 - 0x00007ff84d59a000 	C:\WINDOWS\SYSTEM32\VERSION.dll
0x00007ff8541e0000 - 0x00007ff854210000 	C:\WINDOWS\System32\IMM32.DLL
0x00007ff847060000 - 0x00007ff84706c000 	C:\JDK\jdk-17.0.6\bin\vcruntime140_1.dll
0x00007ff818e20000 - 0x00007ff818eae000 	C:\JDK\jdk-17.0.6\bin\msvcp140.dll
0x00007fffba360000 - 0x00007fffbaf37000 	C:\JDK\jdk-17.0.6\bin\server\jvm.dll
0x00007ff855620000 - 0x00007ff855628000 	C:\WINDOWS\System32\PSAPI.DLL
0x00007ff830480000 - 0x00007ff8304a7000 	C:\WINDOWS\SYSTEM32\WINMM.dll
0x00007ff84b390000 - 0x00007ff84b399000 	C:\WINDOWS\SYSTEM32\WSOCK32.dll
0x00007ff8552c0000 - 0x00007ff85532b000 	C:\WINDOWS\System32\WS2_32.dll
0x00007ff851630000 - 0x00007ff851642000 	C:\WINDOWS\SYSTEM32\kernel.appcore.dll
0x00007ff833750000 - 0x00007ff83375a000 	C:\JDK\jdk-17.0.6\bin\jimage.dll
0x00007ff84c870000 - 0x00007ff84ca54000 	C:\WINDOWS\SYSTEM32\DBGHELP.DLL
0x00007ff84c750000 - 0x00007ff84c784000 	C:\WINDOWS\SYSTEM32\dbgcore.DLL
0x00007ff853d80000 - 0x00007ff853e02000 	C:\WINDOWS\System32\bcryptPrimitives.dll
0x00007ff828930000 - 0x00007ff828955000 	C:\JDK\jdk-17.0.6\bin\java.dll

dbghelp: loaded successfully - version: 4.0.5 - missing functions: none
symbol engine: initialized successfully - sym options: 0x614 - pdb path: .;C:\JDK\jdk-17.0.6\bin;C:\WINDOWS\SYSTEM32;C:\WINDOWS\WinSxS\amd64_microsoft.windows.common-controls_6595b64144ccf1df_6.0.19041.3636_none_60b6a03d71f818d5;C:\JDK\jdk-17.0.6\bin\server

VM Arguments:
jvm_args: -XX:+ShowCodeDetailsInExceptionMessages 
java_command: com.dormitory.DormitoryApplication
java_class_path (initial): C:\TeamProject\backend\build\resources\main;C:\TeamProject\backend\build\classes\java\main;C:\Users\aaa\.gradle\caches\modules-2\files-2.1\org.apache.logging.log4j\log4j-to-slf4j\2.21.1\d77b2ba81711ed596cd797cc2b5b5bd7409d841c\log4j-to-slf4j-2.21.1.jar;C:\Users\aaa\.gradle\caches\modules-2\files-2.1\com.google.errorprone\error_prone_annotations\2.21.1\6d9b10773b5237df178a7b3c1b4208df7d0e7f94\error_prone_annotations-2.21.1.jar;C:\Users\aaa\.gradle\caches\modules-2\files-2.1\com.github.waffle\waffle-jna\3.2.0\6ac5882dea3a15575237ef5d1793c51279ae1335\waffle-jna-3.2.0.jar;C:\Users\aaa\.gradle\caches\modules-2\files-2.1\org.springframework.boot\spring-boot\3.2.1-SNAPSHOT\661ad4218b5aff7aeda400ea789ad96ae7fa6528\spring-boot-3.2.1-SNAPSHOT.jar;C:\Users\aaa\.gradle\caches\modules-2\files-2.1\org.mybatis.spring.boot\mybatis-spring-boot-autoconfigure\3.0.3\b73a2effa4f60a2eeca98aa12ea3437faede0f73\mybatis-spring-boot-autoconfigure-3.0.3.jar;C:\Users\aaa\.gradle\caches\modules-2\files-2.1\com.fasterxml.jackson.datatype\jackson-datatype-jdk8\2.15.3\80158cb020c7bd4e4ba94d8d752a65729dc943b2\jackson-datatype-jdk8-2.15.3.jar;C:\Users\aaa\.gradle\caches\modules-2\files-2.1\org.springframework.security\spring-security-core\6.2.1-SNAPSHOT\f992bb2cbac776cfc8adf41d41833c1d46f95896\spring-security-core-6.2.1-SNAPSHOT.jar;C:\Users\aaa\.gradle\caches\modules-2\files-2.1\org.unbescape\unbescape\1.1.6.RELEASE\7b90360afb2b860e09e8347112800d12c12b2a13\unbescape-1.1.6.RELEASE.jar;C:\Users\aaa\.gradle\caches\modules-2\files-2.1\org.mybatis\mybatis-spring\3.0.3\5a4ab31bfb62bca615b39ade93de2a607e9b9403\mybatis-spring-3.0.3.jar;C:\Users\aaa\.gradle\caches\modules-2\files-2.1\com.fasterxml.jackson.core\jackson-core\2.15.3\60d600567c1862840397bf9ff5a92398edc5797b\jackson-core-2.15.3.jar;C:\Users\aaa\.gradle\caches\modules-2\files-2.1\com.github.ben-manes.caffeine\caffeine\3.1.8\24795585df8afaf70a2cd534786904ea5889c047\caffeine-3.1.8.jar;C:\Users\aaa\.gradle\caches\modules-
Launcher Type: SUN_STANDARD

[Global flags]
     intx CICompilerCount                          = 4                                         {product} {ergonomic}
     uint ConcGCThreads                            = 2                                         {product} {ergonomic}
     uint G1ConcRefinementThreads                  = 8                                         {product} {ergonomic}
   size_t G1HeapRegionSize                         = 4194304                                   {product} {ergonomic}
    uintx GCDrainStackTargetSize                   = 64                                        {product} {ergonomic}
   size_t InitialHeapSize                          = 536870912                                 {product} {ergonomic}
   size_t MarkStackSize                            = 4194304                                   {product} {ergonomic}
   size_t MaxHeapSize                              = 8573157376                                {product} {ergonomic}
   size_t MinHeapDeltaBytes                        = 4194304                                   {product} {ergonomic}
   size_t MinHeapSize                              = 8388608                                   {product} {ergonomic}
    uintx NonNMethodCodeHeapSize                   = 5839372                                {pd product} {ergonomic}
    uintx NonProfiledCodeHeapSize                  = 122909434                              {pd product} {ergonomic}
    uintx ProfiledCodeHeapSize                     = 122909434                              {pd product} {ergonomic}
    uintx ReservedCodeCacheSize                    = 251658240                              {pd product} {ergonomic}
     bool SegmentedCodeCache                       = true                                      {product} {ergonomic}
     bool ShowCodeDetailsInExceptionMessages       = true                                   {manageable} {command line}
   size_t SoftMaxHeapSize                          = 8573157376                             {manageable} {ergonomic}
     bool UseCompressedClassPointers               = true                           {product lp64_product} {ergonomic}
     bool UseCompressedOops                        = true                           {product lp64_product} {ergonomic}
     bool UseG1GC                                  = true                                      {product} {ergonomic}
     bool UseLargePagesIndividualAllocation        = false                                  {pd product} {ergonomic}

Logging:
Log output configuration:
 #0: stdout all=warning uptime,level,tags
 #1: stderr all=off uptime,level,tags

Environment Variables:
JAVA_HOME=C:\JDK\jdk-17.0.6
CLASSPATH=C:\JDK\jdk-17.0.6\lib;.;C:\apache-tomcat-10.1.7\lib\servlet-api.jar;
PATH=C:\Oracle\product\21c\dbhomeXE\bin;C:\WINDOWS\system32;C:\WINDOWS;C:\WINDOWS\System32\Wbem;C:\WINDOWS\System32\WindowsPowerShell\v1.0\;C:\WINDOWS\System32\OpenSSH\;C:\Program Files\Bandizip\;C:\Program Files\Git\cmd;C:\Program Files\Docker\Docker\resources\bin;C:\nodejs\;C:\Users\aaa\AppData\Local\Programs\Python\Python311\Scripts\;C:\Users\aaa\AppData\Local\Programs\Python\Python311\;C:\Users\aaa\AppData\Local\Microsoft\WindowsApps;C:\Users\aaa\AppData\Local\Programs\Microsoft VS Code\bin;C:\JDK\jdk-17.0.6\bin;C:\Users\aaa\AppData\Roaming\npm;C:\Program Files\JetBrains\IntelliJ IDEA 2023.2.5\bin;
USERNAME=aaa
LANG=en_US.UTF-8
OS=Windows_NT
PROCESSOR_IDENTIFIER=Intel64 Family 6 Model 158 Stepping 13, GenuineIntel



---------------  S Y S T E M  ---------------

OS:
 Windows 10 , 64 bit Build 19041 (10.0.19041.3636)
OS uptime: 3 days 14:29 hours
Hyper-V role detected

CPU: total 8 (initial active 8) (8 cores per cpu, 1 threads per core) family 6 model 158 stepping 13 microcode 0xaa, cx8, cmov, fxsr, mmx, 3dnowpref, sse, sse2, sse3, ssse3, sse4.1, sse4.2, popcnt, lzcnt, tsc, tscinvbit, avx, avx2, aes, erms, clmul, bmi1, bmi2, rtm, adx, fma, vzeroupper, clflush, clflushopt, hv

Memory: 4k page, system-wide physical 32700M (10749M free)
TotalPageFile size 37683M (AvailPageFile size 344M)
current process WorkingSet (physical memory assigned to process): 10M, peak: 10M
current process commit charge ("private bytes"): 60M, peak: 572M

vm_info: Java HotSpot(TM) 64-Bit Server VM (17.0.6+9-LTS-190) for windows-amd64 JRE (17.0.6+9-LTS-190), built on Dec  6 2022 15:53:54 by "mach5one" with MS VC++ 17.1 (VS2022)

END.
